<?xml version="1.0" encoding="UTF-8"?>
<robot generator="Robot 3.0.4 (Python 3.7.0 on win32)" generated="20190216 15:31:38.326">
<suite id="s1" name="SmokeTests" source="C:\Users\Bohr\PycharmProjects\Verodin\SmokeTests\SmokeTests.robot">
<kw name="Open Browser To Homepage" library="SmokeTest" type="setup">
<kw name="Open Browser" library="Zoomba.GUILibrary">
<doc>Opens a new browser instance to the given ``url``.</doc>
<arguments>
<arg>http://automationpractice.com/index.php?</arg>
<arg>Chrome</arg>
</arguments>
<msg timestamp="20190216 15:31:39.551" level="INFO">Opening browser 'Chrome' to base url 'http://automationpractice.com/index.php?'.</msg>
<status status="PASS" starttime="20190216 15:31:39.551" endtime="20190216 15:31:49.608"></status>
</kw>
<kw name="Verify Homepage Is Loaded" library="SmokeTest">
<kw name="Wait Until Page Contains Element" library="Zoomba.GUILibrary">
<doc>Waits until element ``locator`` appears on current page.</doc>
<arguments>
<arg>//div[@id='page']</arg>
</arguments>
<status status="PASS" starttime="20190216 15:31:49.608" endtime="20190216 15:31:49.648"></status>
</kw>
<kw name="Wait Until Page Contains Element" library="Zoomba.GUILibrary">
<doc>Waits until element ``locator`` appears on current page.</doc>
<arguments>
<arg>//header[@id='header']</arg>
</arguments>
<status status="PASS" starttime="20190216 15:31:49.648" endtime="20190216 15:31:49.668"></status>
</kw>
<kw name="Wait Until Page Contains Element" library="Zoomba.GUILibrary">
<doc>Waits until element ``locator`` appears on current page.</doc>
<arguments>
<arg>//div[@id='columns']</arg>
</arguments>
<status status="PASS" starttime="20190216 15:31:49.668" endtime="20190216 15:31:49.700"></status>
</kw>
<kw name="Wait Until Page Contains Element" library="Zoomba.GUILibrary">
<doc>Waits until element ``locator`` appears on current page.</doc>
<arguments>
<arg>//footer[@id='footer']</arg>
</arguments>
<status status="PASS" starttime="20190216 15:31:49.700" endtime="20190216 15:31:49.736"></status>
</kw>
<status status="PASS" starttime="20190216 15:31:49.608" endtime="20190216 15:31:49.736"></status>
</kw>
<status status="PASS" starttime="20190216 15:31:39.551" endtime="20190216 15:31:49.736"></status>
</kw>
<test id="s1-t1" name="Verify User Is Able To Create An Account">
<kw name="Logout If Logged In" library="SmokeTest" type="setup">
<doc>This keyword requires to be ran from the homepage.</doc>
<kw name="Run Keyword And Return Status" library="BuiltIn">
<doc>Runs the given keyword with given arguments and returns the status as a Boolean value.</doc>
<arguments>
<arg>wait for and focus on element</arg>
<arg>//*[@id="header"]/div[2]/div/div/nav/div[1]/a[@class='account']</arg>
</arguments>
<assign>
<var>${loggedIn}</var>
</assign>
<kw name="Wait For And Focus On Element" library="Zoomba.GUILibrary">
<doc>This is a series of chained Selenium keywords, that first waits for an element to be on the DOM, executes</doc>
<arguments>
<arg>//*[@id="header"]/div[2]/div/div/nav/div[1]/a[@class='account']</arg>
</arguments>
<kw name="Capture Page Screenshot" library="Zoomba.GUILibrary">
<doc>Takes screenshot of the current page and embeds it into log file.</doc>
<msg timestamp="20190216 15:31:55.586" level="INFO" html="yes">&lt;/td&gt;&lt;/tr&gt;&lt;tr&gt;&lt;td colspan="3"&gt;&lt;a href="selenium-screenshot-70.png"&gt;&lt;img src="selenium-screenshot-70.png" width="800px"&gt;&lt;/a&gt;</msg>
<status status="PASS" starttime="20190216 15:31:54.814" endtime="20190216 15:31:55.590"></status>
</kw>
<msg timestamp="20190216 15:31:55.590" level="FAIL">Element '//*[@id="header"]/div[2]/div/div/nav/div[1]/a[@class='account']' did not appear in 5 seconds.</msg>
<status status="FAIL" starttime="20190216 15:31:49.740" endtime="20190216 15:31:55.594"></status>
</kw>
<msg timestamp="20190216 15:31:55.594" level="INFO">${loggedIn} = False</msg>
<status status="PASS" starttime="20190216 15:31:49.740" endtime="20190216 15:31:55.594"></status>
</kw>
<kw name="Log" library="BuiltIn">
<doc>Logs the given message with the given level.</doc>
<arguments>
<arg>${loggedIn}</arg>
</arguments>
<msg timestamp="20190216 15:31:55.594" level="INFO">False</msg>
<status status="PASS" starttime="20190216 15:31:55.594" endtime="20190216 15:31:55.594"></status>
</kw>
<kw name="Run Keyword If" library="BuiltIn">
<doc>Runs the given keyword with the given arguments, if ``condition`` is true.</doc>
<arguments>
<arg>'${loggedIn}'=='True'</arg>
<arg>logout from homepage</arg>
</arguments>
<status status="PASS" starttime="20190216 15:31:55.594" endtime="20190216 15:31:55.594"></status>
</kw>
<kw name="Direct Nav To Homepage" library="SmokeTest">
<kw name="Set Variable" library="BuiltIn">
<doc>Returns the given values which can then be assigned to a variables.</doc>
<arguments>
<arg>http://automationpractice.com</arg>
</arguments>
<assign>
<var>${url}</var>
</assign>
<msg timestamp="20190216 15:31:55.598" level="INFO">${url} = http://automationpractice.com</msg>
<status status="PASS" starttime="20190216 15:31:55.598" endtime="20190216 15:31:55.598"></status>
</kw>
<kw name="Go To" library="Zoomba.GUILibrary">
<doc>Navigates the active browser instance to the provided ``url``.</doc>
<arguments>
<arg>${url}</arg>
</arguments>
<msg timestamp="20190216 15:31:55.598" level="INFO">Opening url 'http://automationpractice.com'</msg>
<status status="PASS" starttime="20190216 15:31:55.598" endtime="20190216 15:31:58.147"></status>
</kw>
<kw name="Verify Homepage Is Loaded" library="SmokeTest">
<kw name="Wait Until Page Contains Element" library="Zoomba.GUILibrary">
<doc>Waits until element ``locator`` appears on current page.</doc>
<arguments>
<arg>//div[@id='page']</arg>
</arguments>
<status status="PASS" starttime="20190216 15:31:58.147" endtime="20190216 15:31:58.211"></status>
</kw>
<kw name="Wait Until Page Contains Element" library="Zoomba.GUILibrary">
<doc>Waits until element ``locator`` appears on current page.</doc>
<arguments>
<arg>//header[@id='header']</arg>
</arguments>
<status status="PASS" starttime="20190216 15:31:58.211" endtime="20190216 15:31:58.227"></status>
</kw>
<kw name="Wait Until Page Contains Element" library="Zoomba.GUILibrary">
<doc>Waits until element ``locator`` appears on current page.</doc>
<arguments>
<arg>//div[@id='columns']</arg>
</arguments>
<status status="PASS" starttime="20190216 15:31:58.227" endtime="20190216 15:31:58.247"></status>
</kw>
<kw name="Wait Until Page Contains Element" library="Zoomba.GUILibrary">
<doc>Waits until element ``locator`` appears on current page.</doc>
<arguments>
<arg>//footer[@id='footer']</arg>
</arguments>
<status status="PASS" starttime="20190216 15:31:58.247" endtime="20190216 15:31:58.263"></status>
</kw>
<status status="PASS" starttime="20190216 15:31:58.147" endtime="20190216 15:31:58.263"></status>
</kw>
<status status="PASS" starttime="20190216 15:31:55.594" endtime="20190216 15:31:58.263"></status>
</kw>
<status status="PASS" starttime="20190216 15:31:49.736" endtime="20190216 15:31:58.263"></status>
</kw>
<kw name="Get Current Date" library="DateTime">
<doc>Returns current local or UTC time with an optional increment.</doc>
<arguments>
<arg>result_format=%m%d%Y.%I%M%S</arg>
</arguments>
<assign>
<var>${dateTime}</var>
</assign>
<msg timestamp="20190216 15:31:58.263" level="INFO">${dateTime} = 02162019.033158</msg>
<status status="PASS" starttime="20190216 15:31:58.263" endtime="20190216 15:31:58.263"></status>
</kw>
<kw name="Create Dictionary" library="BuiltIn">
<doc>Creates and returns a dictionary based on the given ``items``.</doc>
<arguments>
<arg>email=${dateTime}@test.com</arg>
<arg>firstName=Will</arg>
<arg>lastName=Forte</arg>
<arg>password=${validPassword}</arg>
<arg>address=123 Test st.</arg>
<arg>city=Testville</arg>
<arg>state=Nevada</arg>
<arg>zip=01234</arg>
<arg>phone=0123456789</arg>
</arguments>
<assign>
<var>&amp;{accountInfo}</var>
</assign>
<msg timestamp="20190216 15:31:58.267" level="INFO">&amp;{accountInfo} = { email=02162019.033158@test.com | firstName=Will | lastName=Forte | password=jo(4Mh51K | address=123 Test st. | city=Testville | state=Nevada | zip=01234 | phone=0123456789 }</msg>
<status status="PASS" starttime="20190216 15:31:58.263" endtime="20190216 15:31:58.267"></status>
</kw>
<kw name="Log" library="BuiltIn">
<doc>Logs the given message with the given level.</doc>
<arguments>
<arg>${accountInfo}</arg>
</arguments>
<msg timestamp="20190216 15:31:58.267" level="INFO">{'email': '02162019.033158@test.com', 'firstName': 'Will', 'lastName': 'Forte', 'password': 'jo(4Mh51K', 'address': '123 Test st.', 'city': 'Testville', 'state': 'Nevada', 'zip': '01234', 'phone': '0123456789'}</msg>
<status status="PASS" starttime="20190216 15:31:58.267" endtime="20190216 15:31:58.271"></status>
</kw>
<kw name="Nav To Sign In Page From Homepage" library="SmokeTest">
<kw name="Wait For And Click Element" library="Zoomba.GUILibrary">
<doc>This is a series of chained Selenium keywords, that tries to find a web element first, and then clicks it.</doc>
<arguments>
<arg>//div[@id='page']//div[@class='header_user_info']//a[@class='login']</arg>
</arguments>
<kw name="Set Focus To Element" library="Zoomba.GUILibrary">
<doc>Sets focus to element identified by ``locator``.</doc>
<arguments>
<arg>//div[@id='page']//div[@class='header_user_info']//a[@class='login']</arg>
</arguments>
<status status="PASS" starttime="20190216 15:31:58.299" endtime="20190216 15:31:58.335"></status>
</kw>
<msg timestamp="20190216 15:31:58.411" level="INFO">Clicking element '//div[@id='page']//div[@class='header_user_info']//a[@class='login']'.</msg>
<status status="PASS" starttime="20190216 15:31:58.271" endtime="20190216 15:31:59.836"></status>
</kw>
<kw name="Wait For And Focus On Element" library="Zoomba.GUILibrary">
<doc>This is a series of chained Selenium keywords, that first waits for an element to be on the DOM, executes</doc>
<arguments>
<arg>//div[@id='page']</arg>
</arguments>
<kw name="Set Focus To Element" library="Zoomba.GUILibrary">
<doc>Sets focus to element identified by ``locator``.</doc>
<arguments>
<arg>//div[@id='page']</arg>
</arguments>
<status status="PASS" starttime="20190216 15:31:59.864" endtime="20190216 15:31:59.904"></status>
</kw>
<status status="PASS" starttime="20190216 15:31:59.836" endtime="20190216 15:31:59.960"></status>
</kw>
<status status="PASS" starttime="20190216 15:31:58.271" endtime="20190216 15:31:59.960"></status>
</kw>
<kw name="Create Account From Sign In Page" library="SmokeTest">
<arguments>
<arg>${accountInfo}</arg>
</arguments>
<kw name="Wait For And Input Text" library="Zoomba.GUILibrary">
<doc>This is a series of chained Selenium keywords, that tries to find a web element first, and then input text.</doc>
<arguments>
<arg>//div[@id='center_column']//input[@id='email_create']</arg>
<arg>&amp;{accountInfo}[email]</arg>
</arguments>
<kw name="Set Focus To Element" library="Zoomba.GUILibrary">
<doc>Sets focus to element identified by ``locator``.</doc>
<arguments>
<arg>//div[@id='center_column']//input[@id='email_create']</arg>
</arguments>
<status status="PASS" starttime="20190216 15:31:59.988" endtime="20190216 15:32:00.084"></status>
</kw>
<msg timestamp="20190216 15:32:00.124" level="INFO">Typing text '02162019.033158@test.com' into text field '//div[@id='center_column']//input[@id='email_create']'.</msg>
<status status="PASS" starttime="20190216 15:31:59.960" endtime="20190216 15:32:00.556"></status>
</kw>
<kw name="Wait For And Click Element" library="Zoomba.GUILibrary">
<doc>This is a series of chained Selenium keywords, that tries to find a web element first, and then clicks it.</doc>
<arguments>
<arg>//div[@id='center_column']//button[@id='SubmitCreate']</arg>
</arguments>
<kw name="Set Focus To Element" library="Zoomba.GUILibrary">
<doc>Sets focus to element identified by ``locator``.</doc>
<arguments>
<arg>//div[@id='center_column']//button[@id='SubmitCreate']</arg>
</arguments>
<status status="PASS" starttime="20190216 15:32:00.596" endtime="20190216 15:32:00.684"></status>
</kw>
<msg timestamp="20190216 15:32:00.749" level="INFO">Clicking element '//div[@id='center_column']//button[@id='SubmitCreate']'.</msg>
<status status="PASS" starttime="20190216 15:32:00.556" endtime="20190216 15:32:00.949"></status>
</kw>
<kw name="Wait For And Input Text" library="Zoomba.GUILibrary">
<doc>This is a series of chained Selenium keywords, that tries to find a web element first, and then input text.</doc>
<arguments>
<arg>//div[@class='account_creation']//input[@id='customer_firstname']</arg>
<arg>&amp;{accountInfo}[firstName]</arg>
</arguments>
<kw name="Set Focus To Element" library="Zoomba.GUILibrary">
<doc>Sets focus to element identified by ``locator``.</doc>
<arguments>
<arg>//div[@class='account_creation']//input[@id='customer_firstname']</arg>
</arguments>
<status status="PASS" starttime="20190216 15:32:02.093" endtime="20190216 15:32:02.125"></status>
</kw>
<msg timestamp="20190216 15:32:02.177" level="INFO">Typing text 'Will' into text field '//div[@class='account_creation']//input[@id='customer_firstname']'.</msg>
<status status="PASS" starttime="20190216 15:32:00.949" endtime="20190216 15:32:02.513"></status>
</kw>
<kw name="Wait For And Input Text" library="Zoomba.GUILibrary">
<doc>This is a series of chained Selenium keywords, that tries to find a web element first, and then input text.</doc>
<arguments>
<arg>//div[@class='account_creation']//input[@id='customer_lastname']</arg>
<arg>&amp;{accountInfo}[lastName]</arg>
</arguments>
<kw name="Set Focus To Element" library="Zoomba.GUILibrary">
<doc>Sets focus to element identified by ``locator``.</doc>
<arguments>
<arg>//div[@class='account_creation']//input[@id='customer_lastname']</arg>
</arguments>
<status status="PASS" starttime="20190216 15:32:02.557" endtime="20190216 15:32:02.769"></status>
</kw>
<msg timestamp="20190216 15:32:02.842" level="INFO">Typing text 'Forte' into text field '//div[@class='account_creation']//input[@id='customer_lastname']'.</msg>
<status status="PASS" starttime="20190216 15:32:02.513" endtime="20190216 15:32:03.150"></status>
</kw>
<kw name="Wait For And Input Text" library="Zoomba.GUILibrary">
<doc>This is a series of chained Selenium keywords, that tries to find a web element first, and then input text.</doc>
<arguments>
<arg>//div[@class='account_creation']//input[@id='email']</arg>
<arg>&amp;{accountInfo}[email]</arg>
</arguments>
<kw name="Set Focus To Element" library="Zoomba.GUILibrary">
<doc>Sets focus to element identified by ``locator``.</doc>
<arguments>
<arg>//div[@class='account_creation']//input[@id='email']</arg>
</arguments>
<status status="PASS" starttime="20190216 15:32:03.182" endtime="20190216 15:32:03.222"></status>
</kw>
<msg timestamp="20190216 15:32:03.294" level="INFO">Typing text '02162019.033158@test.com' into text field '//div[@class='account_creation']//input[@id='email']'.</msg>
<status status="PASS" starttime="20190216 15:32:03.150" endtime="20190216 15:32:04.100"></status>
</kw>
<kw name="Wait For And Input Text" library="Zoomba.GUILibrary">
<doc>This is a series of chained Selenium keywords, that tries to find a web element first, and then input text.</doc>
<arguments>
<arg>//div[@class='account_creation']//input[@id='passwd']</arg>
<arg>&amp;{accountInfo}[password]</arg>
</arguments>
<kw name="Set Focus To Element" library="Zoomba.GUILibrary">
<doc>Sets focus to element identified by ``locator``.</doc>
<arguments>
<arg>//div[@class='account_creation']//input[@id='passwd']</arg>
</arguments>
<status status="PASS" starttime="20190216 15:32:04.128" endtime="20190216 15:32:04.176"></status>
</kw>
<msg timestamp="20190216 15:32:04.236" level="INFO">Typing text 'jo(4Mh51K' into text field '//div[@class='account_creation']//input[@id='passwd']'.</msg>
<status status="PASS" starttime="20190216 15:32:04.100" endtime="20190216 15:32:04.534"></status>
</kw>
<kw name="Wait For And Input Text" library="Zoomba.GUILibrary">
<doc>This is a series of chained Selenium keywords, that tries to find a web element first, and then input text.</doc>
<arguments>
<arg>//div[@class='account_creation']//input[@id='firstname']</arg>
<arg>&amp;{accountInfo}[firstName]</arg>
</arguments>
<kw name="Set Focus To Element" library="Zoomba.GUILibrary">
<doc>Sets focus to element identified by ``locator``.</doc>
<arguments>
<arg>//div[@class='account_creation']//input[@id='firstname']</arg>
</arguments>
<status status="PASS" starttime="20190216 15:32:04.562" endtime="20190216 15:32:04.602"></status>
</kw>
<msg timestamp="20190216 15:32:04.674" level="INFO">Typing text 'Will' into text field '//div[@class='account_creation']//input[@id='firstname']'.</msg>
<status status="PASS" starttime="20190216 15:32:04.534" endtime="20190216 15:32:04.942"></status>
</kw>
<kw name="Wait For And Input Text" library="Zoomba.GUILibrary">
<doc>This is a series of chained Selenium keywords, that tries to find a web element first, and then input text.</doc>
<arguments>
<arg>//div[@class='account_creation']//input[@id='lastname']</arg>
<arg>&amp;{accountInfo}[lastName]</arg>
</arguments>
<kw name="Set Focus To Element" library="Zoomba.GUILibrary">
<doc>Sets focus to element identified by ``locator``.</doc>
<arguments>
<arg>//div[@class='account_creation']//input[@id='lastname']</arg>
</arguments>
<status status="PASS" starttime="20190216 15:32:04.974" endtime="20190216 15:32:05.015"></status>
</kw>
<msg timestamp="20190216 15:32:05.075" level="INFO">Typing text 'Forte' into text field '//div[@class='account_creation']//input[@id='lastname']'.</msg>
<status status="PASS" starttime="20190216 15:32:04.942" endtime="20190216 15:32:05.367"></status>
</kw>
<kw name="Wait For And Input Text" library="Zoomba.GUILibrary">
<doc>This is a series of chained Selenium keywords, that tries to find a web element first, and then input text.</doc>
<arguments>
<arg>//div[@class='account_creation']//input[@id='address1']</arg>
<arg>&amp;{accountInfo}[address]</arg>
</arguments>
<kw name="Set Focus To Element" library="Zoomba.GUILibrary">
<doc>Sets focus to element identified by ``locator``.</doc>
<arguments>
<arg>//div[@class='account_creation']//input[@id='address1']</arg>
</arguments>
<status status="PASS" starttime="20190216 15:32:05.399" endtime="20190216 15:32:05.438"></status>
</kw>
<msg timestamp="20190216 15:32:05.494" level="INFO">Typing text '123 Test st.' into text field '//div[@class='account_creation']//input[@id='address1']'.</msg>
<status status="PASS" starttime="20190216 15:32:05.367" endtime="20190216 15:32:05.867"></status>
</kw>
<kw name="Wait For And Input Text" library="Zoomba.GUILibrary">
<doc>This is a series of chained Selenium keywords, that tries to find a web element first, and then input text.</doc>
<arguments>
<arg>//div[@class='account_creation']//input[@id='city']</arg>
<arg>&amp;{accountInfo}[city]</arg>
</arguments>
<kw name="Set Focus To Element" library="Zoomba.GUILibrary">
<doc>Sets focus to element identified by ``locator``.</doc>
<arguments>
<arg>//div[@class='account_creation']//input[@id='city']</arg>
</arguments>
<status status="PASS" starttime="20190216 15:32:05.895" endtime="20190216 15:32:05.931"></status>
</kw>
<msg timestamp="20190216 15:32:05.995" level="INFO">Typing text 'Testville' into text field '//div[@class='account_creation']//input[@id='city']'.</msg>
<status status="PASS" starttime="20190216 15:32:05.871" endtime="20190216 15:32:06.317"></status>
</kw>
<kw name="Select From List By Label" library="Zoomba.GUILibrary">
<doc>Selects options from selection list ``locator`` by ``labels``.</doc>
<arguments>
<arg>//div[@class='account_creation']//select[@id='id_state']</arg>
<arg>&amp;{accountInfo}[state]</arg>
</arguments>
<msg timestamp="20190216 15:32:06.317" level="INFO">Selecting options from selection list '//div[@class='account_creation']//select[@id='id_state']' by label Nevada.</msg>
<status status="PASS" starttime="20190216 15:32:06.317" endtime="20190216 15:32:06.497"></status>
</kw>
<kw name="Wait For And Input Text" library="Zoomba.GUILibrary">
<doc>This is a series of chained Selenium keywords, that tries to find a web element first, and then input text.</doc>
<arguments>
<arg>//div[@class='account_creation']//input[@id='postcode']</arg>
<arg>&amp;{accountInfo}[zip]</arg>
</arguments>
<kw name="Set Focus To Element" library="Zoomba.GUILibrary">
<doc>Sets focus to element identified by ``locator``.</doc>
<arguments>
<arg>//div[@class='account_creation']//input[@id='postcode']</arg>
</arguments>
<status status="PASS" starttime="20190216 15:32:06.541" endtime="20190216 15:32:06.593"></status>
</kw>
<msg timestamp="20190216 15:32:06.661" level="INFO">Typing text '01234' into text field '//div[@class='account_creation']//input[@id='postcode']'.</msg>
<status status="PASS" starttime="20190216 15:32:06.497" endtime="20190216 15:32:06.947"></status>
</kw>
<kw name="Wait For And Input Text" library="Zoomba.GUILibrary">
<doc>This is a series of chained Selenium keywords, that tries to find a web element first, and then input text.</doc>
<arguments>
<arg>//div[@class='account_creation']//input[@id='phone_mobile']</arg>
<arg>&amp;{accountInfo}[phone]</arg>
</arguments>
<kw name="Set Focus To Element" library="Zoomba.GUILibrary">
<doc>Sets focus to element identified by ``locator``.</doc>
<arguments>
<arg>//div[@class='account_creation']//input[@id='phone_mobile']</arg>
</arguments>
<status status="PASS" starttime="20190216 15:32:06.967" endtime="20190216 15:32:07.019"></status>
</kw>
<msg timestamp="20190216 15:32:07.075" level="INFO">Typing text '0123456789' into text field '//div[@class='account_creation']//input[@id='phone_mobile']'.</msg>
<status status="PASS" starttime="20190216 15:32:06.947" endtime="20190216 15:32:07.419"></status>
</kw>
<kw name="Wait For And Click Element" library="Zoomba.GUILibrary">
<doc>This is a series of chained Selenium keywords, that tries to find a web element first, and then clicks it.</doc>
<arguments>
<arg>//div[@id='page']//button[@id='submitAccount']</arg>
</arguments>
<kw name="Set Focus To Element" library="Zoomba.GUILibrary">
<doc>Sets focus to element identified by ``locator``.</doc>
<arguments>
<arg>//div[@id='page']//button[@id='submitAccount']</arg>
</arguments>
<status status="PASS" starttime="20190216 15:32:07.447" endtime="20190216 15:32:07.483"></status>
</kw>
<msg timestamp="20190216 15:32:07.543" level="INFO">Clicking element '//div[@id='page']//button[@id='submitAccount']'.</msg>
<status status="PASS" starttime="20190216 15:32:07.419" endtime="20190216 15:32:08.783"></status>
</kw>
<kw name="Wait For And Focus On Element" library="Zoomba.GUILibrary">
<doc>This is a series of chained Selenium keywords, that first waits for an element to be on the DOM, executes</doc>
<arguments>
<arg>//div[@id='page']//div[@id='center_column']</arg>
</arguments>
<kw name="Set Focus To Element" library="Zoomba.GUILibrary">
<doc>Sets focus to element identified by ``locator``.</doc>
<arguments>
<arg>//div[@id='page']//div[@id='center_column']</arg>
</arguments>
<status status="PASS" starttime="20190216 15:32:08.827" endtime="20190216 15:32:08.867"></status>
</kw>
<status status="PASS" starttime="20190216 15:32:08.787" endtime="20190216 15:32:08.919"></status>
</kw>
<status status="PASS" starttime="20190216 15:31:59.960" endtime="20190216 15:32:08.919"></status>
</kw>
<kw name="Direct Nav To Homepage" library="SmokeTest" type="teardown">
<kw name="Set Variable" library="BuiltIn">
<doc>Returns the given values which can then be assigned to a variables.</doc>
<arguments>
<arg>http://automationpractice.com</arg>
</arguments>
<assign>
<var>${url}</var>
</assign>
<msg timestamp="20190216 15:32:08.923" level="INFO">${url} = http://automationpractice.com</msg>
<status status="PASS" starttime="20190216 15:32:08.923" endtime="20190216 15:32:08.923"></status>
</kw>
<kw name="Go To" library="Zoomba.GUILibrary">
<doc>Navigates the active browser instance to the provided ``url``.</doc>
<arguments>
<arg>${url}</arg>
</arguments>
<msg timestamp="20190216 15:32:08.923" level="INFO">Opening url 'http://automationpractice.com'</msg>
<status status="PASS" starttime="20190216 15:32:08.923" endtime="20190216 15:32:10.701"></status>
</kw>
<kw name="Verify Homepage Is Loaded" library="SmokeTest">
<kw name="Wait Until Page Contains Element" library="Zoomba.GUILibrary">
<doc>Waits until element ``locator`` appears on current page.</doc>
<arguments>
<arg>//div[@id='page']</arg>
</arguments>
<status status="PASS" starttime="20190216 15:32:10.701" endtime="20190216 15:32:10.737"></status>
</kw>
<kw name="Wait Until Page Contains Element" library="Zoomba.GUILibrary">
<doc>Waits until element ``locator`` appears on current page.</doc>
<arguments>
<arg>//header[@id='header']</arg>
</arguments>
<status status="PASS" starttime="20190216 15:32:10.737" endtime="20190216 15:32:10.765"></status>
</kw>
<kw name="Wait Until Page Contains Element" library="Zoomba.GUILibrary">
<doc>Waits until element ``locator`` appears on current page.</doc>
<arguments>
<arg>//div[@id='columns']</arg>
</arguments>
<status status="PASS" starttime="20190216 15:32:10.765" endtime="20190216 15:32:10.793"></status>
</kw>
<kw name="Wait Until Page Contains Element" library="Zoomba.GUILibrary">
<doc>Waits until element ``locator`` appears on current page.</doc>
<arguments>
<arg>//footer[@id='footer']</arg>
</arguments>
<status status="PASS" starttime="20190216 15:32:10.793" endtime="20190216 15:32:10.821"></status>
</kw>
<status status="PASS" starttime="20190216 15:32:10.701" endtime="20190216 15:32:10.821"></status>
</kw>
<status status="PASS" starttime="20190216 15:32:08.919" endtime="20190216 15:32:10.821"></status>
</kw>
<status status="PASS" starttime="20190216 15:31:49.736" endtime="20190216 15:32:10.821" critical="yes"></status>
</test>
<test id="s1-t2" name="Verify Valid User Can Sign In">
<kw name="Logout If Logged In" library="SmokeTest" type="setup">
<doc>This keyword requires to be ran from the homepage.</doc>
<kw name="Run Keyword And Return Status" library="BuiltIn">
<doc>Runs the given keyword with given arguments and returns the status as a Boolean value.</doc>
<arguments>
<arg>wait for and focus on element</arg>
<arg>//*[@id="header"]/div[2]/div/div/nav/div[1]/a[@class='account']</arg>
</arguments>
<assign>
<var>${loggedIn}</var>
</assign>
<kw name="Wait For And Focus On Element" library="Zoomba.GUILibrary">
<doc>This is a series of chained Selenium keywords, that first waits for an element to be on the DOM, executes</doc>
<arguments>
<arg>//*[@id="header"]/div[2]/div/div/nav/div[1]/a[@class='account']</arg>
</arguments>
<kw name="Set Focus To Element" library="Zoomba.GUILibrary">
<doc>Sets focus to element identified by ``locator``.</doc>
<arguments>
<arg>//*[@id="header"]/div[2]/div/div/nav/div[1]/a[@class='account']</arg>
</arguments>
<status status="PASS" starttime="20190216 15:32:10.853" endtime="20190216 15:32:10.885"></status>
</kw>
<status status="PASS" starttime="20190216 15:32:10.825" endtime="20190216 15:32:10.937"></status>
</kw>
<msg timestamp="20190216 15:32:10.937" level="INFO">${loggedIn} = True</msg>
<status status="PASS" starttime="20190216 15:32:10.825" endtime="20190216 15:32:10.937"></status>
</kw>
<kw name="Log" library="BuiltIn">
<doc>Logs the given message with the given level.</doc>
<arguments>
<arg>${loggedIn}</arg>
</arguments>
<msg timestamp="20190216 15:32:10.937" level="INFO">True</msg>
<status status="PASS" starttime="20190216 15:32:10.937" endtime="20190216 15:32:10.941"></status>
</kw>
<kw name="Run Keyword If" library="BuiltIn">
<doc>Runs the given keyword with the given arguments, if ``condition`` is true.</doc>
<arguments>
<arg>'${loggedIn}'=='True'</arg>
<arg>logout from homepage</arg>
</arguments>
<kw name="Logout From Homepage" library="SmokeTest">
<kw name="Wait For And Click Element" library="Zoomba.GUILibrary">
<doc>This is a series of chained Selenium keywords, that tries to find a web element first, and then clicks it.</doc>
<arguments>
<arg>//div[@id='page']//a[@title='Log me out']</arg>
</arguments>
<kw name="Set Focus To Element" library="Zoomba.GUILibrary">
<doc>Sets focus to element identified by ``locator``.</doc>
<arguments>
<arg>//div[@id='page']//a[@title='Log me out']</arg>
</arguments>
<status status="PASS" starttime="20190216 15:32:10.969" endtime="20190216 15:32:11.005"></status>
</kw>
<msg timestamp="20190216 15:32:11.053" level="INFO">Clicking element '//div[@id='page']//a[@title='Log me out']'.</msg>
<status status="PASS" starttime="20190216 15:32:10.941" endtime="20190216 15:32:13.038"></status>
</kw>
<kw name="Wait Until Page Contains Element" library="Zoomba.GUILibrary">
<doc>Waits until element ``locator`` appears on current page.</doc>
<arguments>
<arg>//div[@id='page']//a[contains(@title,'Log in to your customer account')]</arg>
</arguments>
<status status="PASS" starttime="20190216 15:32:13.038" endtime="20190216 15:32:13.082"></status>
</kw>
<status status="PASS" starttime="20190216 15:32:10.941" endtime="20190216 15:32:13.082"></status>
</kw>
<status status="PASS" starttime="20190216 15:32:10.941" endtime="20190216 15:32:13.082"></status>
</kw>
<kw name="Direct Nav To Homepage" library="SmokeTest">
<kw name="Set Variable" library="BuiltIn">
<doc>Returns the given values which can then be assigned to a variables.</doc>
<arguments>
<arg>http://automationpractice.com</arg>
</arguments>
<assign>
<var>${url}</var>
</assign>
<msg timestamp="20190216 15:32:13.082" level="INFO">${url} = http://automationpractice.com</msg>
<status status="PASS" starttime="20190216 15:32:13.082" endtime="20190216 15:32:13.082"></status>
</kw>
<kw name="Go To" library="Zoomba.GUILibrary">
<doc>Navigates the active browser instance to the provided ``url``.</doc>
<arguments>
<arg>${url}</arg>
</arguments>
<msg timestamp="20190216 15:32:13.082" level="INFO">Opening url 'http://automationpractice.com'</msg>
<status status="PASS" starttime="20190216 15:32:13.082" endtime="20190216 15:32:15.226"></status>
</kw>
<kw name="Verify Homepage Is Loaded" library="SmokeTest">
<kw name="Wait Until Page Contains Element" library="Zoomba.GUILibrary">
<doc>Waits until element ``locator`` appears on current page.</doc>
<arguments>
<arg>//div[@id='page']</arg>
</arguments>
<status status="PASS" starttime="20190216 15:32:15.226" endtime="20190216 15:32:15.246"></status>
</kw>
<kw name="Wait Until Page Contains Element" library="Zoomba.GUILibrary">
<doc>Waits until element ``locator`` appears on current page.</doc>
<arguments>
<arg>//header[@id='header']</arg>
</arguments>
<status status="PASS" starttime="20190216 15:32:15.246" endtime="20190216 15:32:15.262"></status>
</kw>
<kw name="Wait Until Page Contains Element" library="Zoomba.GUILibrary">
<doc>Waits until element ``locator`` appears on current page.</doc>
<arguments>
<arg>//div[@id='columns']</arg>
</arguments>
<status status="PASS" starttime="20190216 15:32:15.262" endtime="20190216 15:32:15.286"></status>
</kw>
<kw name="Wait Until Page Contains Element" library="Zoomba.GUILibrary">
<doc>Waits until element ``locator`` appears on current page.</doc>
<arguments>
<arg>//footer[@id='footer']</arg>
</arguments>
<status status="PASS" starttime="20190216 15:32:15.286" endtime="20190216 15:32:15.306"></status>
</kw>
<status status="PASS" starttime="20190216 15:32:15.226" endtime="20190216 15:32:15.310"></status>
</kw>
<status status="PASS" starttime="20190216 15:32:13.082" endtime="20190216 15:32:15.310"></status>
</kw>
<status status="PASS" starttime="20190216 15:32:10.825" endtime="20190216 15:32:15.310"></status>
</kw>
<kw name="Nav To Sign In Page From Homepage" library="SmokeTest">
<kw name="Wait For And Click Element" library="Zoomba.GUILibrary">
<doc>This is a series of chained Selenium keywords, that tries to find a web element first, and then clicks it.</doc>
<arguments>
<arg>//div[@id='page']//div[@class='header_user_info']//a[@class='login']</arg>
</arguments>
<kw name="Set Focus To Element" library="Zoomba.GUILibrary">
<doc>Sets focus to element identified by ``locator``.</doc>
<arguments>
<arg>//div[@id='page']//div[@class='header_user_info']//a[@class='login']</arg>
</arguments>
<status status="PASS" starttime="20190216 15:32:15.348" endtime="20190216 15:32:15.379"></status>
</kw>
<msg timestamp="20190216 15:32:15.443" level="INFO">Clicking element '//div[@id='page']//div[@class='header_user_info']//a[@class='login']'.</msg>
<status status="PASS" starttime="20190216 15:32:15.310" endtime="20190216 15:32:16.581"></status>
</kw>
<kw name="Wait For And Focus On Element" library="Zoomba.GUILibrary">
<doc>This is a series of chained Selenium keywords, that first waits for an element to be on the DOM, executes</doc>
<arguments>
<arg>//div[@id='page']</arg>
</arguments>
<kw name="Set Focus To Element" library="Zoomba.GUILibrary">
<doc>Sets focus to element identified by ``locator``.</doc>
<arguments>
<arg>//div[@id='page']</arg>
</arguments>
<status status="PASS" starttime="20190216 15:32:16.605" endtime="20190216 15:32:16.625"></status>
</kw>
<status status="PASS" starttime="20190216 15:32:16.581" endtime="20190216 15:32:16.657"></status>
</kw>
<status status="PASS" starttime="20190216 15:32:15.310" endtime="20190216 15:32:16.657"></status>
</kw>
<kw name="Sign In Successfully" library="SmokeTest">
<arguments>
<arg>${validEmail}</arg>
<arg>${validPassword}</arg>
</arguments>
<kw name="Wait For And Input Text" library="Zoomba.GUILibrary">
<doc>This is a series of chained Selenium keywords, that tries to find a web element first, and then input text.</doc>
<arguments>
<arg>//form[@id='login_form']//input[@id='email']</arg>
<arg>${email}</arg>
</arguments>
<kw name="Set Focus To Element" library="Zoomba.GUILibrary">
<doc>Sets focus to element identified by ``locator``.</doc>
<arguments>
<arg>//form[@id='login_form']//input[@id='email']</arg>
</arguments>
<status status="PASS" starttime="20190216 15:32:16.685" endtime="20190216 15:32:16.709"></status>
</kw>
<msg timestamp="20190216 15:32:16.757" level="INFO">Typing text '02162019.032839@test.com' into text field '//form[@id='login_form']//input[@id='email']'.</msg>
<status status="PASS" starttime="20190216 15:32:16.661" endtime="20190216 15:32:17.189"></status>
</kw>
<kw name="Wait For And Input Text" library="Zoomba.GUILibrary">
<doc>This is a series of chained Selenium keywords, that tries to find a web element first, and then input text.</doc>
<arguments>
<arg>//form[@id='login_form']//input[@id='passwd']</arg>
<arg>${password}</arg>
</arguments>
<kw name="Set Focus To Element" library="Zoomba.GUILibrary">
<doc>Sets focus to element identified by ``locator``.</doc>
<arguments>
<arg>//form[@id='login_form']//input[@id='passwd']</arg>
</arguments>
<status status="PASS" starttime="20190216 15:32:17.213" endtime="20190216 15:32:17.273"></status>
</kw>
<msg timestamp="20190216 15:32:17.325" level="INFO">Typing text 'jo(4Mh51K' into text field '//form[@id='login_form']//input[@id='passwd']'.</msg>
<status status="PASS" starttime="20190216 15:32:17.189" endtime="20190216 15:32:17.577"></status>
</kw>
<kw name="Wait For And Click Element" library="Zoomba.GUILibrary">
<doc>This is a series of chained Selenium keywords, that tries to find a web element first, and then clicks it.</doc>
<arguments>
<arg>//button[@id='SubmitLogin']</arg>
</arguments>
<kw name="Set Focus To Element" library="Zoomba.GUILibrary">
<doc>Sets focus to element identified by ``locator``.</doc>
<arguments>
<arg>//button[@id='SubmitLogin']</arg>
</arguments>
<status status="PASS" starttime="20190216 15:32:17.601" endtime="20190216 15:32:17.629"></status>
</kw>
<msg timestamp="20190216 15:32:17.681" level="INFO">Clicking element '//button[@id='SubmitLogin']'.</msg>
<status status="PASS" starttime="20190216 15:32:17.577" endtime="20190216 15:32:18.872"></status>
</kw>
<kw name="Wait For And Focus On Element" library="Zoomba.GUILibrary">
<doc>This is a series of chained Selenium keywords, that first waits for an element to be on the DOM, executes</doc>
<arguments>
<arg>//div[@id='page']//div[@id='center_column']</arg>
</arguments>
<kw name="Set Focus To Element" library="Zoomba.GUILibrary">
<doc>Sets focus to element identified by ``locator``.</doc>
<arguments>
<arg>//div[@id='page']//div[@id='center_column']</arg>
</arguments>
<status status="PASS" starttime="20190216 15:32:18.904" endtime="20190216 15:32:18.928"></status>
</kw>
<status status="PASS" starttime="20190216 15:32:18.872" endtime="20190216 15:32:18.964"></status>
</kw>
<kw name="Element Should Not Be Visible" library="Zoomba.GUILibrary">
<doc>Verifies that the element identified by ``locator`` is NOT visible.</doc>
<arguments>
<arg>//div[@id='page']//div[@id='center_column']//div[@class='alert alert-danger']</arg>
</arguments>
<msg timestamp="20190216 15:32:18.984" level="INFO">Element '//div[@id='page']//div[@id='center_column']//div[@class='alert alert-danger']' did not exist.</msg>
<status status="PASS" starttime="20190216 15:32:18.964" endtime="20190216 15:32:18.984"></status>
</kw>
<status status="PASS" starttime="20190216 15:32:16.657" endtime="20190216 15:32:18.984"></status>
</kw>
<kw name="Direct Nav To Homepage" library="SmokeTest" type="teardown">
<kw name="Set Variable" library="BuiltIn">
<doc>Returns the given values which can then be assigned to a variables.</doc>
<arguments>
<arg>http://automationpractice.com</arg>
</arguments>
<assign>
<var>${url}</var>
</assign>
<msg timestamp="20190216 15:32:18.984" level="INFO">${url} = http://automationpractice.com</msg>
<status status="PASS" starttime="20190216 15:32:18.984" endtime="20190216 15:32:18.984"></status>
</kw>
<kw name="Go To" library="Zoomba.GUILibrary">
<doc>Navigates the active browser instance to the provided ``url``.</doc>
<arguments>
<arg>${url}</arg>
</arguments>
<msg timestamp="20190216 15:32:18.988" level="INFO">Opening url 'http://automationpractice.com'</msg>
<status status="PASS" starttime="20190216 15:32:18.988" endtime="20190216 15:32:20.589"></status>
</kw>
<kw name="Verify Homepage Is Loaded" library="SmokeTest">
<kw name="Wait Until Page Contains Element" library="Zoomba.GUILibrary">
<doc>Waits until element ``locator`` appears on current page.</doc>
<arguments>
<arg>//div[@id='page']</arg>
</arguments>
<status status="PASS" starttime="20190216 15:32:20.593" endtime="20190216 15:32:20.613"></status>
</kw>
<kw name="Wait Until Page Contains Element" library="Zoomba.GUILibrary">
<doc>Waits until element ``locator`` appears on current page.</doc>
<arguments>
<arg>//header[@id='header']</arg>
</arguments>
<status status="PASS" starttime="20190216 15:32:20.613" endtime="20190216 15:32:20.649"></status>
</kw>
<kw name="Wait Until Page Contains Element" library="Zoomba.GUILibrary">
<doc>Waits until element ``locator`` appears on current page.</doc>
<arguments>
<arg>//div[@id='columns']</arg>
</arguments>
<status status="PASS" starttime="20190216 15:32:20.649" endtime="20190216 15:32:20.677"></status>
</kw>
<kw name="Wait Until Page Contains Element" library="Zoomba.GUILibrary">
<doc>Waits until element ``locator`` appears on current page.</doc>
<arguments>
<arg>//footer[@id='footer']</arg>
</arguments>
<status status="PASS" starttime="20190216 15:32:20.677" endtime="20190216 15:32:20.705"></status>
</kw>
<status status="PASS" starttime="20190216 15:32:20.589" endtime="20190216 15:32:20.705"></status>
</kw>
<status status="PASS" starttime="20190216 15:32:18.984" endtime="20190216 15:32:20.705"></status>
</kw>
<status status="PASS" starttime="20190216 15:32:10.821" endtime="20190216 15:32:20.705" critical="yes"></status>
</test>
<test id="s1-t3" name="Verify User Cannot Sign In With Invalid Credentials">
<kw name="Logout If Logged In" library="SmokeTest" type="setup">
<doc>This keyword requires to be ran from the homepage.</doc>
<kw name="Run Keyword And Return Status" library="BuiltIn">
<doc>Runs the given keyword with given arguments and returns the status as a Boolean value.</doc>
<arguments>
<arg>wait for and focus on element</arg>
<arg>//*[@id="header"]/div[2]/div/div/nav/div[1]/a[@class='account']</arg>
</arguments>
<assign>
<var>${loggedIn}</var>
</assign>
<kw name="Wait For And Focus On Element" library="Zoomba.GUILibrary">
<doc>This is a series of chained Selenium keywords, that first waits for an element to be on the DOM, executes</doc>
<arguments>
<arg>//*[@id="header"]/div[2]/div/div/nav/div[1]/a[@class='account']</arg>
</arguments>
<kw name="Set Focus To Element" library="Zoomba.GUILibrary">
<doc>Sets focus to element identified by ``locator``.</doc>
<arguments>
<arg>//*[@id="header"]/div[2]/div/div/nav/div[1]/a[@class='account']</arg>
</arguments>
<status status="PASS" starttime="20190216 15:32:20.731" endtime="20190216 15:32:20.771"></status>
</kw>
<status status="PASS" starttime="20190216 15:32:20.705" endtime="20190216 15:32:20.800"></status>
</kw>
<msg timestamp="20190216 15:32:20.800" level="INFO">${loggedIn} = True</msg>
<status status="PASS" starttime="20190216 15:32:20.705" endtime="20190216 15:32:20.800"></status>
</kw>
<kw name="Log" library="BuiltIn">
<doc>Logs the given message with the given level.</doc>
<arguments>
<arg>${loggedIn}</arg>
</arguments>
<msg timestamp="20190216 15:32:20.800" level="INFO">True</msg>
<status status="PASS" starttime="20190216 15:32:20.800" endtime="20190216 15:32:20.800"></status>
</kw>
<kw name="Run Keyword If" library="BuiltIn">
<doc>Runs the given keyword with the given arguments, if ``condition`` is true.</doc>
<arguments>
<arg>'${loggedIn}'=='True'</arg>
<arg>logout from homepage</arg>
</arguments>
<kw name="Logout From Homepage" library="SmokeTest">
<kw name="Wait For And Click Element" library="Zoomba.GUILibrary">
<doc>This is a series of chained Selenium keywords, that tries to find a web element first, and then clicks it.</doc>
<arguments>
<arg>//div[@id='page']//a[@title='Log me out']</arg>
</arguments>
<kw name="Set Focus To Element" library="Zoomba.GUILibrary">
<doc>Sets focus to element identified by ``locator``.</doc>
<arguments>
<arg>//div[@id='page']//a[@title='Log me out']</arg>
</arguments>
<status status="PASS" starttime="20190216 15:32:20.832" endtime="20190216 15:32:20.882"></status>
</kw>
<msg timestamp="20190216 15:32:20.929" level="INFO">Clicking element '//div[@id='page']//a[@title='Log me out']'.</msg>
<status status="PASS" starttime="20190216 15:32:20.816" endtime="20190216 15:32:23.262"></status>
</kw>
<kw name="Wait Until Page Contains Element" library="Zoomba.GUILibrary">
<doc>Waits until element ``locator`` appears on current page.</doc>
<arguments>
<arg>//div[@id='page']//a[contains(@title,'Log in to your customer account')]</arg>
</arguments>
<status status="PASS" starttime="20190216 15:32:23.266" endtime="20190216 15:32:23.358"></status>
</kw>
<status status="PASS" starttime="20190216 15:32:20.800" endtime="20190216 15:32:23.358"></status>
</kw>
<status status="PASS" starttime="20190216 15:32:20.800" endtime="20190216 15:32:23.358"></status>
</kw>
<kw name="Direct Nav To Homepage" library="SmokeTest">
<kw name="Set Variable" library="BuiltIn">
<doc>Returns the given values which can then be assigned to a variables.</doc>
<arguments>
<arg>http://automationpractice.com</arg>
</arguments>
<assign>
<var>${url}</var>
</assign>
<msg timestamp="20190216 15:32:23.358" level="INFO">${url} = http://automationpractice.com</msg>
<status status="PASS" starttime="20190216 15:32:23.358" endtime="20190216 15:32:23.358"></status>
</kw>
<kw name="Go To" library="Zoomba.GUILibrary">
<doc>Navigates the active browser instance to the provided ``url``.</doc>
<arguments>
<arg>${url}</arg>
</arguments>
<msg timestamp="20190216 15:32:23.362" level="INFO">Opening url 'http://automationpractice.com'</msg>
<status status="PASS" starttime="20190216 15:32:23.358" endtime="20190216 15:32:25.943"></status>
</kw>
<kw name="Verify Homepage Is Loaded" library="SmokeTest">
<kw name="Wait Until Page Contains Element" library="Zoomba.GUILibrary">
<doc>Waits until element ``locator`` appears on current page.</doc>
<arguments>
<arg>//div[@id='page']</arg>
</arguments>
<status status="PASS" starttime="20190216 15:32:25.943" endtime="20190216 15:32:26.012"></status>
</kw>
<kw name="Wait Until Page Contains Element" library="Zoomba.GUILibrary">
<doc>Waits until element ``locator`` appears on current page.</doc>
<arguments>
<arg>//header[@id='header']</arg>
</arguments>
<status status="PASS" starttime="20190216 15:32:26.012" endtime="20190216 15:32:26.040"></status>
</kw>
<kw name="Wait Until Page Contains Element" library="Zoomba.GUILibrary">
<doc>Waits until element ``locator`` appears on current page.</doc>
<arguments>
<arg>//div[@id='columns']</arg>
</arguments>
<status status="PASS" starttime="20190216 15:32:26.040" endtime="20190216 15:32:26.064"></status>
</kw>
<kw name="Wait Until Page Contains Element" library="Zoomba.GUILibrary">
<doc>Waits until element ``locator`` appears on current page.</doc>
<arguments>
<arg>//footer[@id='footer']</arg>
</arguments>
<status status="PASS" starttime="20190216 15:32:26.068" endtime="20190216 15:32:26.092"></status>
</kw>
<status status="PASS" starttime="20190216 15:32:25.943" endtime="20190216 15:32:26.092"></status>
</kw>
<status status="PASS" starttime="20190216 15:32:23.358" endtime="20190216 15:32:26.092"></status>
</kw>
<status status="PASS" starttime="20190216 15:32:20.705" endtime="20190216 15:32:26.092"></status>
</kw>
<kw name="Nav To Sign In Page From Homepage" library="SmokeTest">
<kw name="Wait For And Click Element" library="Zoomba.GUILibrary">
<doc>This is a series of chained Selenium keywords, that tries to find a web element first, and then clicks it.</doc>
<arguments>
<arg>//div[@id='page']//div[@class='header_user_info']//a[@class='login']</arg>
</arguments>
<kw name="Set Focus To Element" library="Zoomba.GUILibrary">
<doc>Sets focus to element identified by ``locator``.</doc>
<arguments>
<arg>//div[@id='page']//div[@class='header_user_info']//a[@class='login']</arg>
</arguments>
<status status="PASS" starttime="20190216 15:32:26.132" endtime="20190216 15:32:26.204"></status>
</kw>
<msg timestamp="20190216 15:32:26.256" level="INFO">Clicking element '//div[@id='page']//div[@class='header_user_info']//a[@class='login']'.</msg>
<status status="PASS" starttime="20190216 15:32:26.096" endtime="20190216 15:32:27.457"></status>
</kw>
<kw name="Wait For And Focus On Element" library="Zoomba.GUILibrary">
<doc>This is a series of chained Selenium keywords, that first waits for an element to be on the DOM, executes</doc>
<arguments>
<arg>//div[@id='page']</arg>
</arguments>
<kw name="Set Focus To Element" library="Zoomba.GUILibrary">
<doc>Sets focus to element identified by ``locator``.</doc>
<arguments>
<arg>//div[@id='page']</arg>
</arguments>
<status status="PASS" starttime="20190216 15:32:27.477" endtime="20190216 15:32:27.501"></status>
</kw>
<status status="PASS" starttime="20190216 15:32:27.457" endtime="20190216 15:32:27.545"></status>
</kw>
<status status="PASS" starttime="20190216 15:32:26.092" endtime="20190216 15:32:27.549"></status>
</kw>
<kw name="Sign In Unsuccessfully" library="SmokeTest">
<arguments>
<arg>${validEmail}</arg>
<arg>${invalidPassword}</arg>
</arguments>
<kw name="Wait For And Input Text" library="Zoomba.GUILibrary">
<doc>This is a series of chained Selenium keywords, that tries to find a web element first, and then input text.</doc>
<arguments>
<arg>//form[@id='login_form']//input[@id='email']</arg>
<arg>${email}</arg>
</arguments>
<kw name="Set Focus To Element" library="Zoomba.GUILibrary">
<doc>Sets focus to element identified by ``locator``.</doc>
<arguments>
<arg>//form[@id='login_form']//input[@id='email']</arg>
</arguments>
<status status="PASS" starttime="20190216 15:32:27.573" endtime="20190216 15:32:27.601"></status>
</kw>
<msg timestamp="20190216 15:32:27.653" level="INFO">Typing text '02162019.032839@test.com' into text field '//form[@id='login_form']//input[@id='email']'.</msg>
<status status="PASS" starttime="20190216 15:32:27.549" endtime="20190216 15:32:28.225"></status>
</kw>
<kw name="Wait For And Input Text" library="Zoomba.GUILibrary">
<doc>This is a series of chained Selenium keywords, that tries to find a web element first, and then input text.</doc>
<arguments>
<arg>//form[@id='login_form']//input[@id='passwd']</arg>
<arg>${password}</arg>
</arguments>
<kw name="Set Focus To Element" library="Zoomba.GUILibrary">
<doc>Sets focus to element identified by ``locator``.</doc>
<arguments>
<arg>//form[@id='login_form']//input[@id='passwd']</arg>
</arguments>
<status status="PASS" starttime="20190216 15:32:28.251" endtime="20190216 15:32:28.299"></status>
</kw>
<msg timestamp="20190216 15:32:28.351" level="INFO">Typing text '99999999' into text field '//form[@id='login_form']//input[@id='passwd']'.</msg>
<status status="PASS" starttime="20190216 15:32:28.225" endtime="20190216 15:32:28.691"></status>
</kw>
<kw name="Wait For And Click Element" library="Zoomba.GUILibrary">
<doc>This is a series of chained Selenium keywords, that tries to find a web element first, and then clicks it.</doc>
<arguments>
<arg>//button[@id='SubmitLogin']</arg>
</arguments>
<kw name="Set Focus To Element" library="Zoomba.GUILibrary">
<doc>Sets focus to element identified by ``locator``.</doc>
<arguments>
<arg>//button[@id='SubmitLogin']</arg>
</arguments>
<status status="PASS" starttime="20190216 15:32:28.746" endtime="20190216 15:32:28.786"></status>
</kw>
<msg timestamp="20190216 15:32:28.838" level="INFO">Clicking element '//button[@id='SubmitLogin']'.</msg>
<status status="PASS" starttime="20190216 15:32:28.691" endtime="20190216 15:32:29.731"></status>
</kw>
<kw name="Element Should Contain" library="Zoomba.GUILibrary">
<doc>Verifies that element ``locator`` contains text ``expected``.</doc>
<arguments>
<arg>//div[@id='page']//div[@id='center_column']//li</arg>
<arg>Authentication failed.</arg>
</arguments>
<msg timestamp="20190216 15:32:29.827" level="INFO">Element '//div[@id='page']//div[@id='center_column']//li' contains text 'Authentication failed.'.</msg>
<status status="PASS" starttime="20190216 15:32:29.731" endtime="20190216 15:32:29.827"></status>
</kw>
<status status="PASS" starttime="20190216 15:32:27.549" endtime="20190216 15:32:29.827"></status>
</kw>
<kw name="Direct Nav To Homepage" library="SmokeTest" type="teardown">
<kw name="Set Variable" library="BuiltIn">
<doc>Returns the given values which can then be assigned to a variables.</doc>
<arguments>
<arg>http://automationpractice.com</arg>
</arguments>
<assign>
<var>${url}</var>
</assign>
<msg timestamp="20190216 15:32:29.827" level="INFO">${url} = http://automationpractice.com</msg>
<status status="PASS" starttime="20190216 15:32:29.827" endtime="20190216 15:32:29.827"></status>
</kw>
<kw name="Go To" library="Zoomba.GUILibrary">
<doc>Navigates the active browser instance to the provided ``url``.</doc>
<arguments>
<arg>${url}</arg>
</arguments>
<msg timestamp="20190216 15:32:29.831" level="INFO">Opening url 'http://automationpractice.com'</msg>
<status status="PASS" starttime="20190216 15:32:29.831" endtime="20190216 15:32:32.189"></status>
</kw>
<kw name="Verify Homepage Is Loaded" library="SmokeTest">
<kw name="Wait Until Page Contains Element" library="Zoomba.GUILibrary">
<doc>Waits until element ``locator`` appears on current page.</doc>
<arguments>
<arg>//div[@id='page']</arg>
</arguments>
<status status="PASS" starttime="20190216 15:32:32.189" endtime="20190216 15:32:32.209"></status>
</kw>
<kw name="Wait Until Page Contains Element" library="Zoomba.GUILibrary">
<doc>Waits until element ``locator`` appears on current page.</doc>
<arguments>
<arg>//header[@id='header']</arg>
</arguments>
<status status="PASS" starttime="20190216 15:32:32.209" endtime="20190216 15:32:32.221"></status>
</kw>
<kw name="Wait Until Page Contains Element" library="Zoomba.GUILibrary">
<doc>Waits until element ``locator`` appears on current page.</doc>
<arguments>
<arg>//div[@id='columns']</arg>
</arguments>
<status status="PASS" starttime="20190216 15:32:32.221" endtime="20190216 15:32:32.237"></status>
</kw>
<kw name="Wait Until Page Contains Element" library="Zoomba.GUILibrary">
<doc>Waits until element ``locator`` appears on current page.</doc>
<arguments>
<arg>//footer[@id='footer']</arg>
</arguments>
<status status="PASS" starttime="20190216 15:32:32.237" endtime="20190216 15:32:32.253"></status>
</kw>
<status status="PASS" starttime="20190216 15:32:32.189" endtime="20190216 15:32:32.253"></status>
</kw>
<status status="PASS" starttime="20190216 15:32:29.827" endtime="20190216 15:32:32.253"></status>
</kw>
<status status="PASS" starttime="20190216 15:32:20.705" endtime="20190216 15:32:32.253" critical="yes"></status>
</test>
<test id="s1-t4" name="Verify User Can Sign Out">
<kw name="Login If Logged Out" library="SmokeTest" type="setup">
<doc>This keyword requires to be ran from the homepage.</doc>
<arguments>
<arg>${validEmail}</arg>
<arg>${validPassword}</arg>
</arguments>
<kw name="Run Keyword And Return Status" library="BuiltIn">
<doc>Runs the given keyword with given arguments and returns the status as a Boolean value.</doc>
<arguments>
<arg>wait for and focus on element</arg>
<arg>//div[@id='page']//a[contains(@title,'Log in to your customer account']</arg>
</arguments>
<assign>
<var>${loggedIn}</var>
</assign>
<kw name="Wait For And Focus On Element" library="Zoomba.GUILibrary">
<doc>This is a series of chained Selenium keywords, that first waits for an element to be on the DOM, executes</doc>
<arguments>
<arg>//div[@id='page']//a[contains(@title,'Log in to your customer account']</arg>
</arguments>
<kw name="Capture Page Screenshot" library="Zoomba.GUILibrary">
<doc>Takes screenshot of the current page and embeds it into log file.</doc>
<msg timestamp="20190216 15:32:32.962" level="INFO" html="yes">&lt;/td&gt;&lt;/tr&gt;&lt;tr&gt;&lt;td colspan="3"&gt;&lt;a href="selenium-screenshot-71.png"&gt;&lt;img src="selenium-screenshot-71.png" width="800px"&gt;&lt;/a&gt;</msg>
<status status="PASS" starttime="20190216 15:32:32.268" endtime="20190216 15:32:32.962"></status>
</kw>
<msg timestamp="20190216 15:32:33.168" level="FAIL">InvalidSelectorException: Message: invalid selector: Unable to locate an element with the xpath expression //div[@id='page']//a[contains(@title,'Log in to your customer account'] because of the following error:
SyntaxError: Failed to execute 'evaluate' on 'Document': The string '//div[@id='page']//a[contains(@title,'Log in to your customer account']' is not a valid XPath expression.
  (Session info: chrome=72.0.3626.109)
  (Driver info: chromedriver=73.0.3683.20 (8e2b610813e167eee3619ac4ce6e42e3ec622017),platform=Windows NT 10.0.17134 x86_64)
</msg>
<status status="FAIL" starttime="20190216 15:32:32.253" endtime="20190216 15:32:33.168"></status>
</kw>
<msg timestamp="20190216 15:32:33.168" level="INFO">${loggedIn} = False</msg>
<status status="PASS" starttime="20190216 15:32:32.253" endtime="20190216 15:32:33.168"></status>
</kw>
<kw name="Log" library="BuiltIn">
<doc>Logs the given message with the given level.</doc>
<arguments>
<arg>${loggedIn}</arg>
</arguments>
<msg timestamp="20190216 15:32:33.183" level="INFO">False</msg>
<status status="PASS" starttime="20190216 15:32:33.168" endtime="20190216 15:32:33.183"></status>
</kw>
<kw name="Run Keyword If" library="BuiltIn">
<doc>Runs the given keyword with the given arguments, if ``condition`` is true.</doc>
<arguments>
<arg>'${loggedIn}'!='True'</arg>
<arg>run keywords</arg>
<arg>nav to sign in page from homepage</arg>
<arg>AND</arg>
<arg>sign in successfully</arg>
<arg>${validEmail}</arg>
<arg>${validPassword}</arg>
<arg>AND</arg>
<arg>direct nav to homepage</arg>
</arguments>
<kw name="Run Keywords" library="BuiltIn">
<doc>Executes all the given keywords in a sequence.</doc>
<arguments>
<arg>nav to sign in page from homepage</arg>
<arg>AND</arg>
<arg>sign in successfully</arg>
<arg>${validEmail}</arg>
<arg>${validPassword}</arg>
<arg>AND</arg>
<arg>direct nav to homepage</arg>
</arguments>
<kw name="Nav To Sign In Page From Homepage" library="SmokeTest">
<kw name="Wait For And Click Element" library="Zoomba.GUILibrary">
<doc>This is a series of chained Selenium keywords, that tries to find a web element first, and then clicks it.</doc>
<arguments>
<arg>//div[@id='page']//div[@class='header_user_info']//a[@class='login']</arg>
</arguments>
<kw name="Set Focus To Element" library="Zoomba.GUILibrary">
<doc>Sets focus to element identified by ``locator``.</doc>
<arguments>
<arg>//div[@id='page']//div[@class='header_user_info']//a[@class='login']</arg>
</arguments>
<status status="PASS" starttime="20190216 15:32:33.199" endtime="20190216 15:32:33.274"></status>
</kw>
<msg timestamp="20190216 15:32:33.342" level="INFO">Clicking element '//div[@id='page']//div[@class='header_user_info']//a[@class='login']'.</msg>
<status status="PASS" starttime="20190216 15:32:33.183" endtime="20190216 15:32:34.779"></status>
</kw>
<kw name="Wait For And Focus On Element" library="Zoomba.GUILibrary">
<doc>This is a series of chained Selenium keywords, that first waits for an element to be on the DOM, executes</doc>
<arguments>
<arg>//div[@id='page']</arg>
</arguments>
<kw name="Set Focus To Element" library="Zoomba.GUILibrary">
<doc>Sets focus to element identified by ``locator``.</doc>
<arguments>
<arg>//div[@id='page']</arg>
</arguments>
<status status="PASS" starttime="20190216 15:32:34.863" endtime="20190216 15:32:34.891"></status>
</kw>
<status status="PASS" starttime="20190216 15:32:34.779" endtime="20190216 15:32:34.935"></status>
</kw>
<status status="PASS" starttime="20190216 15:32:33.183" endtime="20190216 15:32:34.935"></status>
</kw>
<kw name="Sign In Successfully" library="SmokeTest">
<arguments>
<arg>${validEmail}</arg>
<arg>${validPassword}</arg>
</arguments>
<kw name="Wait For And Input Text" library="Zoomba.GUILibrary">
<doc>This is a series of chained Selenium keywords, that tries to find a web element first, and then input text.</doc>
<arguments>
<arg>//form[@id='login_form']//input[@id='email']</arg>
<arg>${email}</arg>
</arguments>
<kw name="Set Focus To Element" library="Zoomba.GUILibrary">
<doc>Sets focus to element identified by ``locator``.</doc>
<arguments>
<arg>//form[@id='login_form']//input[@id='email']</arg>
</arguments>
<status status="PASS" starttime="20190216 15:32:34.955" endtime="20190216 15:32:34.987"></status>
</kw>
<msg timestamp="20190216 15:32:35.043" level="INFO">Typing text '02162019.032839@test.com' into text field '//form[@id='login_form']//input[@id='email']'.</msg>
<status status="PASS" starttime="20190216 15:32:34.935" endtime="20190216 15:32:35.605"></status>
</kw>
<kw name="Wait For And Input Text" library="Zoomba.GUILibrary">
<doc>This is a series of chained Selenium keywords, that tries to find a web element first, and then input text.</doc>
<arguments>
<arg>//form[@id='login_form']//input[@id='passwd']</arg>
<arg>${password}</arg>
</arguments>
<kw name="Set Focus To Element" library="Zoomba.GUILibrary">
<doc>Sets focus to element identified by ``locator``.</doc>
<arguments>
<arg>//form[@id='login_form']//input[@id='passwd']</arg>
</arguments>
<status status="PASS" starttime="20190216 15:32:35.621" endtime="20190216 15:32:35.669"></status>
</kw>
<msg timestamp="20190216 15:32:35.721" level="INFO">Typing text 'jo(4Mh51K' into text field '//form[@id='login_form']//input[@id='passwd']'.</msg>
<status status="PASS" starttime="20190216 15:32:35.605" endtime="20190216 15:32:36.047"></status>
</kw>
<kw name="Wait For And Click Element" library="Zoomba.GUILibrary">
<doc>This is a series of chained Selenium keywords, that tries to find a web element first, and then clicks it.</doc>
<arguments>
<arg>//button[@id='SubmitLogin']</arg>
</arguments>
<kw name="Set Focus To Element" library="Zoomba.GUILibrary">
<doc>Sets focus to element identified by ``locator``.</doc>
<arguments>
<arg>//button[@id='SubmitLogin']</arg>
</arguments>
<status status="PASS" starttime="20190216 15:32:36.062" endtime="20190216 15:32:36.100"></status>
</kw>
<msg timestamp="20190216 15:32:36.144" level="INFO">Clicking element '//button[@id='SubmitLogin']'.</msg>
<status status="PASS" starttime="20190216 15:32:36.047" endtime="20190216 15:32:37.350"></status>
</kw>
<kw name="Wait For And Focus On Element" library="Zoomba.GUILibrary">
<doc>This is a series of chained Selenium keywords, that first waits for an element to be on the DOM, executes</doc>
<arguments>
<arg>//div[@id='page']//div[@id='center_column']</arg>
</arguments>
<kw name="Set Focus To Element" library="Zoomba.GUILibrary">
<doc>Sets focus to element identified by ``locator``.</doc>
<arguments>
<arg>//div[@id='page']//div[@id='center_column']</arg>
</arguments>
<status status="PASS" starttime="20190216 15:32:37.463" endtime="20190216 15:32:37.487"></status>
</kw>
<status status="PASS" starttime="20190216 15:32:37.350" endtime="20190216 15:32:37.523"></status>
</kw>
<kw name="Element Should Not Be Visible" library="Zoomba.GUILibrary">
<doc>Verifies that the element identified by ``locator`` is NOT visible.</doc>
<arguments>
<arg>//div[@id='page']//div[@id='center_column']//div[@class='alert alert-danger']</arg>
</arguments>
<msg timestamp="20190216 15:32:37.551" level="INFO">Element '//div[@id='page']//div[@id='center_column']//div[@class='alert alert-danger']' did not exist.</msg>
<status status="PASS" starttime="20190216 15:32:37.523" endtime="20190216 15:32:37.551"></status>
</kw>
<status status="PASS" starttime="20190216 15:32:34.935" endtime="20190216 15:32:37.551"></status>
</kw>
<kw name="Direct Nav To Homepage" library="SmokeTest">
<kw name="Set Variable" library="BuiltIn">
<doc>Returns the given values which can then be assigned to a variables.</doc>
<arguments>
<arg>http://automationpractice.com</arg>
</arguments>
<assign>
<var>${url}</var>
</assign>
<msg timestamp="20190216 15:32:37.551" level="INFO">${url} = http://automationpractice.com</msg>
<status status="PASS" starttime="20190216 15:32:37.551" endtime="20190216 15:32:37.551"></status>
</kw>
<kw name="Go To" library="Zoomba.GUILibrary">
<doc>Navigates the active browser instance to the provided ``url``.</doc>
<arguments>
<arg>${url}</arg>
</arguments>
<msg timestamp="20190216 15:32:37.555" level="INFO">Opening url 'http://automationpractice.com'</msg>
<status status="PASS" starttime="20190216 15:32:37.555" endtime="20190216 15:32:39.178"></status>
</kw>
<kw name="Verify Homepage Is Loaded" library="SmokeTest">
<kw name="Wait Until Page Contains Element" library="Zoomba.GUILibrary">
<doc>Waits until element ``locator`` appears on current page.</doc>
<arguments>
<arg>//div[@id='page']</arg>
</arguments>
<status status="PASS" starttime="20190216 15:32:39.182" endtime="20190216 15:32:39.214"></status>
</kw>
<kw name="Wait Until Page Contains Element" library="Zoomba.GUILibrary">
<doc>Waits until element ``locator`` appears on current page.</doc>
<arguments>
<arg>//header[@id='header']</arg>
</arguments>
<status status="PASS" starttime="20190216 15:32:39.214" endtime="20190216 15:32:39.234"></status>
</kw>
<kw name="Wait Until Page Contains Element" library="Zoomba.GUILibrary">
<doc>Waits until element ``locator`` appears on current page.</doc>
<arguments>
<arg>//div[@id='columns']</arg>
</arguments>
<status status="PASS" starttime="20190216 15:32:39.234" endtime="20190216 15:32:39.250"></status>
</kw>
<kw name="Wait Until Page Contains Element" library="Zoomba.GUILibrary">
<doc>Waits until element ``locator`` appears on current page.</doc>
<arguments>
<arg>//footer[@id='footer']</arg>
</arguments>
<status status="PASS" starttime="20190216 15:32:39.250" endtime="20190216 15:32:39.266"></status>
</kw>
<status status="PASS" starttime="20190216 15:32:39.178" endtime="20190216 15:32:39.266"></status>
</kw>
<status status="PASS" starttime="20190216 15:32:37.551" endtime="20190216 15:32:39.266"></status>
</kw>
<status status="PASS" starttime="20190216 15:32:33.183" endtime="20190216 15:32:39.266"></status>
</kw>
<status status="PASS" starttime="20190216 15:32:33.183" endtime="20190216 15:32:39.266"></status>
</kw>
<status status="PASS" starttime="20190216 15:32:32.253" endtime="20190216 15:32:39.266"></status>
</kw>
<kw name="Logout From Homepage" library="SmokeTest">
<kw name="Wait For And Click Element" library="Zoomba.GUILibrary">
<doc>This is a series of chained Selenium keywords, that tries to find a web element first, and then clicks it.</doc>
<arguments>
<arg>//div[@id='page']//a[@title='Log me out']</arg>
</arguments>
<kw name="Set Focus To Element" library="Zoomba.GUILibrary">
<doc>Sets focus to element identified by ``locator``.</doc>
<arguments>
<arg>//div[@id='page']//a[@title='Log me out']</arg>
</arguments>
<status status="PASS" starttime="20190216 15:32:39.294" endtime="20190216 15:32:39.334"></status>
</kw>
<msg timestamp="20190216 15:32:39.382" level="INFO">Clicking element '//div[@id='page']//a[@title='Log me out']'.</msg>
<status status="PASS" starttime="20190216 15:32:39.270" endtime="20190216 15:32:42.263"></status>
</kw>
<kw name="Wait Until Page Contains Element" library="Zoomba.GUILibrary">
<doc>Waits until element ``locator`` appears on current page.</doc>
<arguments>
<arg>//div[@id='page']//a[contains(@title,'Log in to your customer account')]</arg>
</arguments>
<status status="PASS" starttime="20190216 15:32:42.263" endtime="20190216 15:32:42.288"></status>
</kw>
<status status="PASS" starttime="20190216 15:32:39.266" endtime="20190216 15:32:42.288"></status>
</kw>
<kw name="Direct Nav To Homepage" library="SmokeTest" type="teardown">
<kw name="Set Variable" library="BuiltIn">
<doc>Returns the given values which can then be assigned to a variables.</doc>
<arguments>
<arg>http://automationpractice.com</arg>
</arguments>
<assign>
<var>${url}</var>
</assign>
<msg timestamp="20190216 15:32:42.288" level="INFO">${url} = http://automationpractice.com</msg>
<status status="PASS" starttime="20190216 15:32:42.288" endtime="20190216 15:32:42.288"></status>
</kw>
<kw name="Go To" library="Zoomba.GUILibrary">
<doc>Navigates the active browser instance to the provided ``url``.</doc>
<arguments>
<arg>${url}</arg>
</arguments>
<msg timestamp="20190216 15:32:42.288" level="INFO">Opening url 'http://automationpractice.com'</msg>
<status status="PASS" starttime="20190216 15:32:42.288" endtime="20190216 15:32:43.871"></status>
</kw>
<kw name="Verify Homepage Is Loaded" library="SmokeTest">
<kw name="Wait Until Page Contains Element" library="Zoomba.GUILibrary">
<doc>Waits until element ``locator`` appears on current page.</doc>
<arguments>
<arg>//div[@id='page']</arg>
</arguments>
<status status="PASS" starttime="20190216 15:32:43.871" endtime="20190216 15:32:43.895"></status>
</kw>
<kw name="Wait Until Page Contains Element" library="Zoomba.GUILibrary">
<doc>Waits until element ``locator`` appears on current page.</doc>
<arguments>
<arg>//header[@id='header']</arg>
</arguments>
<status status="PASS" starttime="20190216 15:32:43.899" endtime="20190216 15:32:43.915"></status>
</kw>
<kw name="Wait Until Page Contains Element" library="Zoomba.GUILibrary">
<doc>Waits until element ``locator`` appears on current page.</doc>
<arguments>
<arg>//div[@id='columns']</arg>
</arguments>
<status status="PASS" starttime="20190216 15:32:43.915" endtime="20190216 15:32:43.931"></status>
</kw>
<kw name="Wait Until Page Contains Element" library="Zoomba.GUILibrary">
<doc>Waits until element ``locator`` appears on current page.</doc>
<arguments>
<arg>//footer[@id='footer']</arg>
</arguments>
<status status="PASS" starttime="20190216 15:32:43.935" endtime="20190216 15:32:43.947"></status>
</kw>
<status status="PASS" starttime="20190216 15:32:43.871" endtime="20190216 15:32:43.947"></status>
</kw>
<status status="PASS" starttime="20190216 15:32:42.288" endtime="20190216 15:32:43.947"></status>
</kw>
<status status="PASS" starttime="20190216 15:32:32.253" endtime="20190216 15:32:43.951" critical="yes"></status>
</test>
<test id="s1-t5" name="Verify User Can Access Women Clothing Page">
<kw name="Nav To Women Clothing Page From Homepage" library="SmokeTest">
<kw name="Wait For And Click Element" library="Zoomba.GUILibrary">
<doc>This is a series of chained Selenium keywords, that tries to find a web element first, and then clicks it.</doc>
<arguments>
<arg>//div[@id='page']//div[@id='block_top_menu']//a[contains(@title, 'Women')]</arg>
</arguments>
<kw name="Set Focus To Element" library="Zoomba.GUILibrary">
<doc>Sets focus to element identified by ``locator``.</doc>
<arguments>
<arg>//div[@id='page']//div[@id='block_top_menu']//a[contains(@title, 'Women')]</arg>
</arguments>
<status status="PASS" starttime="20190216 15:32:43.979" endtime="20190216 15:32:44.035"></status>
</kw>
<msg timestamp="20190216 15:32:44.123" level="INFO">Clicking element '//div[@id='page']//div[@id='block_top_menu']//a[contains(@title, 'Women')]'.</msg>
<status status="PASS" starttime="20190216 15:32:43.951" endtime="20190216 15:32:46.240"></status>
</kw>
<kw name="Verify Women Clothing Page Is Loaded" library="SmokeTest">
<kw name="Title Should Be" library="Zoomba.GUILibrary">
<doc>Verifies that current page title equals ``title``.</doc>
<arguments>
<arg>Women - My Store</arg>
</arguments>
<msg timestamp="20190216 15:32:46.256" level="INFO">Page title is 'Women - My Store'.</msg>
<status status="PASS" starttime="20190216 15:32:46.244" endtime="20190216 15:32:46.256"></status>
</kw>
<kw name="Wait Until Page Contains Element" library="Zoomba.GUILibrary">
<doc>Waits until element ``locator`` appears on current page.</doc>
<arguments>
<arg>//div[@id='page']</arg>
</arguments>
<status status="PASS" starttime="20190216 15:32:46.256" endtime="20190216 15:32:46.288"></status>
</kw>
<kw name="Wait Until Page Contains Element" library="Zoomba.GUILibrary">
<doc>Waits until element ``locator`` appears on current page.</doc>
<arguments>
<arg>//div[@class='header-container']</arg>
</arguments>
<status status="PASS" starttime="20190216 15:32:46.288" endtime="20190216 15:32:46.312"></status>
</kw>
<kw name="Wait Until Page Contains Element" library="Zoomba.GUILibrary">
<doc>Waits until element ``locator`` appears on current page.</doc>
<arguments>
<arg>//div[@class='columns-container']</arg>
</arguments>
<status status="PASS" starttime="20190216 15:32:46.312" endtime="20190216 15:32:46.328"></status>
</kw>
<kw name="Wait Until Page Contains Element" library="Zoomba.GUILibrary">
<doc>Waits until element ``locator`` appears on current page.</doc>
<arguments>
<arg>//div[@class='footer-container']</arg>
</arguments>
<status status="PASS" starttime="20190216 15:32:46.328" endtime="20190216 15:32:46.359"></status>
</kw>
<status status="PASS" starttime="20190216 15:32:46.244" endtime="20190216 15:32:46.359"></status>
</kw>
<status status="PASS" starttime="20190216 15:32:43.951" endtime="20190216 15:32:46.359"></status>
</kw>
<kw name="Direct Nav To Homepage" library="SmokeTest" type="teardown">
<kw name="Set Variable" library="BuiltIn">
<doc>Returns the given values which can then be assigned to a variables.</doc>
<arguments>
<arg>http://automationpractice.com</arg>
</arguments>
<assign>
<var>${url}</var>
</assign>
<msg timestamp="20190216 15:32:46.359" level="INFO">${url} = http://automationpractice.com</msg>
<status status="PASS" starttime="20190216 15:32:46.359" endtime="20190216 15:32:46.359"></status>
</kw>
<kw name="Go To" library="Zoomba.GUILibrary">
<doc>Navigates the active browser instance to the provided ``url``.</doc>
<arguments>
<arg>${url}</arg>
</arguments>
<msg timestamp="20190216 15:32:46.359" level="INFO">Opening url 'http://automationpractice.com'</msg>
<status status="PASS" starttime="20190216 15:32:46.359" endtime="20190216 15:32:47.930"></status>
</kw>
<kw name="Verify Homepage Is Loaded" library="SmokeTest">
<kw name="Wait Until Page Contains Element" library="Zoomba.GUILibrary">
<doc>Waits until element ``locator`` appears on current page.</doc>
<arguments>
<arg>//div[@id='page']</arg>
</arguments>
<status status="PASS" starttime="20190216 15:32:47.930" endtime="20190216 15:32:47.950"></status>
</kw>
<kw name="Wait Until Page Contains Element" library="Zoomba.GUILibrary">
<doc>Waits until element ``locator`` appears on current page.</doc>
<arguments>
<arg>//header[@id='header']</arg>
</arguments>
<status status="PASS" starttime="20190216 15:32:47.950" endtime="20190216 15:32:47.966"></status>
</kw>
<kw name="Wait Until Page Contains Element" library="Zoomba.GUILibrary">
<doc>Waits until element ``locator`` appears on current page.</doc>
<arguments>
<arg>//div[@id='columns']</arg>
</arguments>
<status status="PASS" starttime="20190216 15:32:47.966" endtime="20190216 15:32:47.982"></status>
</kw>
<kw name="Wait Until Page Contains Element" library="Zoomba.GUILibrary">
<doc>Waits until element ``locator`` appears on current page.</doc>
<arguments>
<arg>//footer[@id='footer']</arg>
</arguments>
<status status="PASS" starttime="20190216 15:32:47.982" endtime="20190216 15:32:47.998"></status>
</kw>
<status status="PASS" starttime="20190216 15:32:47.930" endtime="20190216 15:32:47.998"></status>
</kw>
<status status="PASS" starttime="20190216 15:32:46.359" endtime="20190216 15:32:47.998"></status>
</kw>
<status status="PASS" starttime="20190216 15:32:43.951" endtime="20190216 15:32:47.998" critical="yes"></status>
</test>
<test id="s1-t6" name="Verify User Can Add Item To Cart From Women Page">
<kw name="Login If Logged Out" library="SmokeTest" type="setup">
<doc>This keyword requires to be ran from the homepage.</doc>
<arguments>
<arg>${validEmail}</arg>
<arg>${validPassword}</arg>
</arguments>
<kw name="Run Keyword And Return Status" library="BuiltIn">
<doc>Runs the given keyword with given arguments and returns the status as a Boolean value.</doc>
<arguments>
<arg>wait for and focus on element</arg>
<arg>//div[@id='page']//a[contains(@title,'Log in to your customer account']</arg>
</arguments>
<assign>
<var>${loggedIn}</var>
</assign>
<kw name="Wait For And Focus On Element" library="Zoomba.GUILibrary">
<doc>This is a series of chained Selenium keywords, that first waits for an element to be on the DOM, executes</doc>
<arguments>
<arg>//div[@id='page']//a[contains(@title,'Log in to your customer account']</arg>
</arguments>
<kw name="Capture Page Screenshot" library="Zoomba.GUILibrary">
<doc>Takes screenshot of the current page and embeds it into log file.</doc>
<msg timestamp="20190216 15:32:48.809" level="INFO" html="yes">&lt;/td&gt;&lt;/tr&gt;&lt;tr&gt;&lt;td colspan="3"&gt;&lt;a href="selenium-screenshot-72.png"&gt;&lt;img src="selenium-screenshot-72.png" width="800px"&gt;&lt;/a&gt;</msg>
<status status="PASS" starttime="20190216 15:32:48.026" endtime="20190216 15:32:48.809"></status>
</kw>
<msg timestamp="20190216 15:32:48.811" level="FAIL">InvalidSelectorException: Message: invalid selector: Unable to locate an element with the xpath expression //div[@id='page']//a[contains(@title,'Log in to your customer account'] because of the following error:
SyntaxError: Failed to execute 'evaluate' on 'Document': The string '//div[@id='page']//a[contains(@title,'Log in to your customer account']' is not a valid XPath expression.
  (Session info: chrome=72.0.3626.109)
  (Driver info: chromedriver=73.0.3683.20 (8e2b610813e167eee3619ac4ce6e42e3ec622017),platform=Windows NT 10.0.17134 x86_64)
</msg>
<status status="FAIL" starttime="20190216 15:32:48.002" endtime="20190216 15:32:48.815"></status>
</kw>
<msg timestamp="20190216 15:32:48.815" level="INFO">${loggedIn} = False</msg>
<status status="PASS" starttime="20190216 15:32:48.002" endtime="20190216 15:32:48.815"></status>
</kw>
<kw name="Log" library="BuiltIn">
<doc>Logs the given message with the given level.</doc>
<arguments>
<arg>${loggedIn}</arg>
</arguments>
<msg timestamp="20190216 15:32:48.815" level="INFO">False</msg>
<status status="PASS" starttime="20190216 15:32:48.815" endtime="20190216 15:32:48.815"></status>
</kw>
<kw name="Run Keyword If" library="BuiltIn">
<doc>Runs the given keyword with the given arguments, if ``condition`` is true.</doc>
<arguments>
<arg>'${loggedIn}'!='True'</arg>
<arg>run keywords</arg>
<arg>nav to sign in page from homepage</arg>
<arg>AND</arg>
<arg>sign in successfully</arg>
<arg>${validEmail}</arg>
<arg>${validPassword}</arg>
<arg>AND</arg>
<arg>direct nav to homepage</arg>
</arguments>
<kw name="Run Keywords" library="BuiltIn">
<doc>Executes all the given keywords in a sequence.</doc>
<arguments>
<arg>nav to sign in page from homepage</arg>
<arg>AND</arg>
<arg>sign in successfully</arg>
<arg>${validEmail}</arg>
<arg>${validPassword}</arg>
<arg>AND</arg>
<arg>direct nav to homepage</arg>
</arguments>
<kw name="Nav To Sign In Page From Homepage" library="SmokeTest">
<kw name="Wait For And Click Element" library="Zoomba.GUILibrary">
<doc>This is a series of chained Selenium keywords, that tries to find a web element first, and then clicks it.</doc>
<arguments>
<arg>//div[@id='page']//div[@class='header_user_info']//a[@class='login']</arg>
</arguments>
<kw name="Set Focus To Element" library="Zoomba.GUILibrary">
<doc>Sets focus to element identified by ``locator``.</doc>
<arguments>
<arg>//div[@id='page']//div[@class='header_user_info']//a[@class='login']</arg>
</arguments>
<status status="PASS" starttime="20190216 15:32:48.845" endtime="20190216 15:32:48.904"></status>
</kw>
<msg timestamp="20190216 15:32:48.952" level="INFO">Clicking element '//div[@id='page']//div[@class='header_user_info']//a[@class='login']'.</msg>
<status status="PASS" starttime="20190216 15:32:48.819" endtime="20190216 15:32:50.104"></status>
</kw>
<kw name="Wait For And Focus On Element" library="Zoomba.GUILibrary">
<doc>This is a series of chained Selenium keywords, that first waits for an element to be on the DOM, executes</doc>
<arguments>
<arg>//div[@id='page']</arg>
</arguments>
<kw name="Set Focus To Element" library="Zoomba.GUILibrary">
<doc>Sets focus to element identified by ``locator``.</doc>
<arguments>
<arg>//div[@id='page']</arg>
</arguments>
<status status="PASS" starttime="20190216 15:32:50.144" endtime="20190216 15:32:50.184"></status>
</kw>
<status status="PASS" starttime="20190216 15:32:50.104" endtime="20190216 15:32:50.224"></status>
</kw>
<status status="PASS" starttime="20190216 15:32:48.819" endtime="20190216 15:32:50.224"></status>
</kw>
<kw name="Sign In Successfully" library="SmokeTest">
<arguments>
<arg>${validEmail}</arg>
<arg>${validPassword}</arg>
</arguments>
<kw name="Wait For And Input Text" library="Zoomba.GUILibrary">
<doc>This is a series of chained Selenium keywords, that tries to find a web element first, and then input text.</doc>
<arguments>
<arg>//form[@id='login_form']//input[@id='email']</arg>
<arg>${email}</arg>
</arguments>
<kw name="Set Focus To Element" library="Zoomba.GUILibrary">
<doc>Sets focus to element identified by ``locator``.</doc>
<arguments>
<arg>//form[@id='login_form']//input[@id='email']</arg>
</arguments>
<status status="PASS" starttime="20190216 15:32:50.252" endtime="20190216 15:32:50.280"></status>
</kw>
<msg timestamp="20190216 15:32:50.332" level="INFO">Typing text '02162019.032839@test.com' into text field '//form[@id='login_form']//input[@id='email']'.</msg>
<status status="PASS" starttime="20190216 15:32:50.228" endtime="20190216 15:32:50.828"></status>
</kw>
<kw name="Wait For And Input Text" library="Zoomba.GUILibrary">
<doc>This is a series of chained Selenium keywords, that tries to find a web element first, and then input text.</doc>
<arguments>
<arg>//form[@id='login_form']//input[@id='passwd']</arg>
<arg>${password}</arg>
</arguments>
<kw name="Set Focus To Element" library="Zoomba.GUILibrary">
<doc>Sets focus to element identified by ``locator``.</doc>
<arguments>
<arg>//form[@id='login_form']//input[@id='passwd']</arg>
</arguments>
<status status="PASS" starttime="20190216 15:32:50.856" endtime="20190216 15:32:50.908"></status>
</kw>
[...]
</kw>
<kw name="Wait Until Page Contains Element" library="Zoomba.GUILibrary">
<doc>Waits until element ``locator`` appears on current page.</doc>
<arguments>
<arg>//div[@class='header-container']</arg>
</arguments>
<status status="PASS" starttime="20190216 15:32:56.795" endtime="20190216 15:32:56.810"></status>
</kw>
<kw name="Wait Until Page Contains Element" library="Zoomba.GUILibrary">
<doc>Waits until element ``locator`` appears on current page.</doc>
<arguments>
<arg>//div[@class='columns-container']</arg>
</arguments>
<status status="PASS" starttime="20190216 15:32:56.810" endtime="20190216 15:32:56.841"></status>
</kw>
<kw name="Wait Until Page Contains Element" library="Zoomba.GUILibrary">
<doc>Waits until element ``locator`` appears on current page.</doc>
<arguments>
<arg>//div[@class='footer-container']</arg>
</arguments>
<status status="PASS" starttime="20190216 15:32:56.841" endtime="20190216 15:32:56.864"></status>
</kw>
<status status="PASS" starttime="20190216 15:32:56.746" endtime="20190216 15:32:56.864"></status>
</kw>
<status status="PASS" starttime="20190216 15:32:54.606" endtime="20190216 15:32:56.868"></status>
</kw>
<kw name="Add Item To Cart From Womens Page" library="SmokeTest">
<kw name="Wait For And Focus On Element" library="Zoomba.GUILibrary">
<doc>This is a series of chained Selenium keywords, that first waits for an element to be on the DOM, executes</doc>
<arguments>
<arg>//div[@id='center_column']//ul//li[2]//img[@title='Blouse']</arg>
</arguments>
<kw name="Set Focus To Element" library="Zoomba.GUILibrary">
<doc>Sets focus to element identified by ``locator``.</doc>
<arguments>
<arg>//div[@id='center_column']//ul//li[2]//img[@title='Blouse']</arg>
</arguments>
<status status="PASS" starttime="20190216 15:32:56.886" endtime="20190216 15:32:56.917"></status>
</kw>
<status status="PASS" starttime="20190216 15:32:56.868" endtime="20190216 15:32:56.948"></status>
</kw>
<kw name="Wait For And Click Element" library="Zoomba.GUILibrary">
<doc>This is a series of chained Selenium keywords, that tries to find a web element first, and then clicks it.</doc>
<arguments>
<arg>//div[@id="center_column"]//ul//li[2]//a[@title='Add to cart']</arg>
</arguments>
<kw name="Set Focus To Element" library="Zoomba.GUILibrary">
<doc>Sets focus to element identified by ``locator``.</doc>
<arguments>
<arg>//div[@id="center_column"]//ul//li[2]//a[@title='Add to cart']</arg>
</arguments>
<status status="PASS" starttime="20190216 15:32:56.979" endtime="20190216 15:32:57.046"></status>
</kw>
<msg timestamp="20190216 15:32:57.109" level="INFO">Clicking element '//div[@id="center_column"]//ul//li[2]//a[@title='Add to cart']'.</msg>
<status status="PASS" starttime="20190216 15:32:56.948" endtime="20190216 15:32:57.266"></status>
</kw>
<status status="PASS" starttime="20190216 15:32:56.868" endtime="20190216 15:32:57.266"></status>
</kw>
<kw name="Verify Item Added To Cart" library="SmokeTest">
<kw name="Wait For And Focus On Element" library="Zoomba.GUILibrary">
<doc>This is a series of chained Selenium keywords, that first waits for an element to be on the DOM, executes</doc>
<arguments>
<arg>//div[@id='page']//div[@id='layer_cart']</arg>
</arguments>
<kw name="Set Focus To Element" library="Zoomba.GUILibrary">
<doc>Sets focus to element identified by ``locator``.</doc>
<arguments>
<arg>//div[@id='page']//div[@id='layer_cart']</arg>
</arguments>
<status status="PASS" starttime="20190216 15:32:57.292" endtime="20190216 15:32:57.308"></status>
</kw>
<status status="PASS" starttime="20190216 15:32:57.266" endtime="20190216 15:32:57.857"></status>
</kw>
<status status="PASS" starttime="20190216 15:32:57.266" endtime="20190216 15:32:57.857"></status>
</kw>
<kw name="Direct Nav To Homepage" library="SmokeTest" type="teardown">
<kw name="Set Variable" library="BuiltIn">
<doc>Returns the given values which can then be assigned to a variables.</doc>
<arguments>
<arg>http://automationpractice.com</arg>
</arguments>
<assign>
<var>${url}</var>
</assign>
<msg timestamp="20190216 15:32:57.861" level="INFO">${url} = http://automationpractice.com</msg>
<status status="PASS" starttime="20190216 15:32:57.857" endtime="20190216 15:32:57.861"></status>
</kw>
<kw name="Go To" library="Zoomba.GUILibrary">
<doc>Navigates the active browser instance to the provided ``url``.</doc>
<arguments>
<arg>${url}</arg>
</arguments>
<msg timestamp="20190216 15:32:57.861" level="INFO">Opening url 'http://automationpractice.com'</msg>
<status status="PASS" starttime="20190216 15:32:57.861" endtime="20190216 15:33:01.342"></status>
</kw>
<kw name="Verify Homepage Is Loaded" library="SmokeTest">
<kw name="Wait Until Page Contains Element" library="Zoomba.GUILibrary">
<doc>Waits until element ``locator`` appears on current page.</doc>
<arguments>
<arg>//div[@id='page']</arg>
</arguments>
<status status="PASS" starttime="20190216 15:33:01.346" endtime="20190216 15:33:01.390"></status>
</kw>
<kw name="Wait Until Page Contains Element" library="Zoomba.GUILibrary">
<doc>Waits until element ``locator`` appears on current page.</doc>
<arguments>
<arg>//header[@id='header']</arg>
</arguments>
<status status="PASS" starttime="20190216 15:33:01.390" endtime="20190216 15:33:01.426"></status>
</kw>
<kw name="Wait Until Page Contains Element" library="Zoomba.GUILibrary">
<doc>Waits until element ``locator`` appears on current page.</doc>
<arguments>
<arg>//div[@id='columns']</arg>
</arguments>
<status status="PASS" starttime="20190216 15:33:01.426" endtime="20190216 15:33:01.462"></status>
</kw>
<kw name="Wait Until Page Contains Element" library="Zoomba.GUILibrary">
<doc>Waits until element ``locator`` appears on current page.</doc>
<arguments>
<arg>//footer[@id='footer']</arg>
</arguments>
<status status="PASS" starttime="20190216 15:33:01.462" endtime="20190216 15:33:01.518"></status>
</kw>
<status status="PASS" starttime="20190216 15:33:01.346" endtime="20190216 15:33:01.518"></status>
</kw>
<status status="PASS" starttime="20190216 15:32:57.857" endtime="20190216 15:33:01.518"></status>
</kw>
<status status="PASS" starttime="20190216 15:32:47.998" endtime="20190216 15:33:01.518" critical="yes"></status>
</test>
<test id="s1-t7" name="Verify User Can Access Dresses Page">
<kw name="Nav To Dresses Page From Homepage" library="SmokeTest">
<kw name="Wait For And Click Element" library="Zoomba.GUILibrary">
<doc>This is a series of chained Selenium keywords, that tries to find a web element first, and then clicks it.</doc>
<arguments>
<arg>//div[@id="block_top_menu"]/ul/li[2]/a</arg>
</arguments>
<kw name="Set Focus To Element" library="Zoomba.GUILibrary">
<doc>Sets focus to element identified by ``locator``.</doc>
<arguments>
<arg>//div[@id="block_top_menu"]/ul/li[2]/a</arg>
</arguments>
<status status="PASS" starttime="20190216 15:33:01.566" endtime="20190216 15:33:01.798"></status>
</kw>
<msg timestamp="20190216 15:33:02.378" level="INFO">Clicking element '//div[@id="block_top_menu"]/ul/li[2]/a'.</msg>
<status status="PASS" starttime="20190216 15:33:01.522" endtime="20190216 15:33:04.590"></status>
</kw>
<kw name="Verify Dresses Page Is Loaded" library="SmokeTest">
<kw name="Title Should Be" library="Zoomba.GUILibrary">
<doc>Verifies that current page title equals ``title``.</doc>
<arguments>
<arg>Dresses - My Store</arg>
</arguments>
<msg timestamp="20190216 15:33:04.610" level="INFO">Page title is 'Dresses - My Store'.</msg>
<status status="PASS" starttime="20190216 15:33:04.590" endtime="20190216 15:33:04.610"></status>
</kw>
<kw name="Wait Until Page Contains Element" library="Zoomba.GUILibrary">
<doc>Waits until element ``locator`` appears on current page.</doc>
<arguments>
<arg>//div[@id='page']</arg>
</arguments>
<status status="PASS" starttime="20190216 15:33:04.610" endtime="20190216 15:33:04.624"></status>
</kw>
<kw name="Wait Until Page Contains Element" library="Zoomba.GUILibrary">
<doc>Waits until element ``locator`` appears on current page.</doc>
<arguments>
<arg>//div[@class='header-container']</arg>
</arguments>
<status status="PASS" starttime="20190216 15:33:04.624" endtime="20190216 15:33:04.640"></status>
</kw>
<kw name="Wait Until Page Contains Element" library="Zoomba.GUILibrary">
<doc>Waits until element ``locator`` appears on current page.</doc>
<arguments>
<arg>//div[@class='columns-container']</arg>
</arguments>
<status status="PASS" starttime="20190216 15:33:04.640" endtime="20190216 15:33:04.656"></status>
</kw>
<kw name="Wait Until Page Contains Element" library="Zoomba.GUILibrary">
<doc>Waits until element ``locator`` appears on current page.</doc>
<arguments>
<arg>//div[@class='footer-container']</arg>
</arguments>
<status status="PASS" starttime="20190216 15:33:04.656" endtime="20190216 15:33:04.671"></status>
</kw>
<status status="PASS" starttime="20190216 15:33:04.590" endtime="20190216 15:33:04.671"></status>
</kw>
<status status="PASS" starttime="20190216 15:33:01.522" endtime="20190216 15:33:04.671"></status>
</kw>
<kw name="Direct Nav To Homepage" library="SmokeTest" type="teardown">
<kw name="Set Variable" library="BuiltIn">
<doc>Returns the given values which can then be assigned to a variables.</doc>
<arguments>
<arg>http://automationpractice.com</arg>
</arguments>
<assign>
<var>${url}</var>
</assign>
<msg timestamp="20190216 15:33:04.687" level="INFO">${url} = http://automationpractice.com</msg>
<status status="PASS" starttime="20190216 15:33:04.671" endtime="20190216 15:33:04.687"></status>
</kw>
<kw name="Go To" library="Zoomba.GUILibrary">
<doc>Navigates the active browser instance to the provided ``url``.</doc>
<arguments>
<arg>${url}</arg>
</arguments>
<msg timestamp="20190216 15:33:04.687" level="INFO">Opening url 'http://automationpractice.com'</msg>
<status status="PASS" starttime="20190216 15:33:04.687" endtime="20190216 15:33:06.367"></status>
</kw>
<kw name="Verify Homepage Is Loaded" library="SmokeTest">
<kw name="Wait Until Page Contains Element" library="Zoomba.GUILibrary">
<doc>Waits until element ``locator`` appears on current page.</doc>
<arguments>
<arg>//div[@id='page']</arg>
</arguments>
<status status="PASS" starttime="20190216 15:33:06.367" endtime="20190216 15:33:06.387"></status>
</kw>
<kw name="Wait Until Page Contains Element" library="Zoomba.GUILibrary">
<doc>Waits until element ``locator`` appears on current page.</doc>
<arguments>
<arg>//header[@id='header']</arg>
</arguments>
<status status="PASS" starttime="20190216 15:33:06.387" endtime="20190216 15:33:06.403"></status>
</kw>
<kw name="Wait Until Page Contains Element" library="Zoomba.GUILibrary">
<doc>Waits until element ``locator`` appears on current page.</doc>
<arguments>
<arg>//div[@id='columns']</arg>
</arguments>
<status status="PASS" starttime="20190216 15:33:06.403" endtime="20190216 15:33:06.419"></status>
</kw>
<kw name="Wait Until Page Contains Element" library="Zoomba.GUILibrary">
<doc>Waits until element ``locator`` appears on current page.</doc>
<arguments>
<arg>//footer[@id='footer']</arg>
</arguments>
<status status="PASS" starttime="20190216 15:33:06.419" endtime="20190216 15:33:06.439"></status>
</kw>
<status status="PASS" starttime="20190216 15:33:06.367" endtime="20190216 15:33:06.439"></status>
</kw>
<status status="PASS" starttime="20190216 15:33:04.671" endtime="20190216 15:33:06.439"></status>
</kw>
<status status="PASS" starttime="20190216 15:33:01.518" endtime="20190216 15:33:06.439" critical="yes"></status>
</test>
<test id="s1-t8" name="Verify User Can Add Item To Cart From Dresses Page">
<kw name="Nav To Dresses Page From Homepage" library="SmokeTest">
<kw name="Wait For And Click Element" library="Zoomba.GUILibrary">
<doc>This is a series of chained Selenium keywords, that tries to find a web element first, and then clicks it.</doc>
<arguments>
<arg>//div[@id="block_top_menu"]/ul/li[2]/a</arg>
</arguments>
<kw name="Set Focus To Element" library="Zoomba.GUILibrary">
<doc>Sets focus to element identified by ``locator``.</doc>
<arguments>
<arg>//div[@id="block_top_menu"]/ul/li[2]/a</arg>
</arguments>
<status status="PASS" starttime="20190216 15:33:06.463" endtime="20190216 15:33:06.507"></status>
</kw>
<msg timestamp="20190216 15:33:06.595" level="INFO">Clicking element '//div[@id="block_top_menu"]/ul/li[2]/a'.</msg>
<status status="PASS" starttime="20190216 15:33:06.443" endtime="20190216 15:33:08.127"></status>
</kw>
<kw name="Verify Dresses Page Is Loaded" library="SmokeTest">
<kw name="Title Should Be" library="Zoomba.GUILibrary">
<doc>Verifies that current page title equals ``title``.</doc>
<arguments>
<arg>Dresses - My Store</arg>
</arguments>
<msg timestamp="20190216 15:33:08.237" level="INFO">Page title is 'Dresses - My Store'.</msg>
<status status="PASS" starttime="20190216 15:33:08.127" endtime="20190216 15:33:08.237"></status>
</kw>
<kw name="Wait Until Page Contains Element" library="Zoomba.GUILibrary">
<doc>Waits until element ``locator`` appears on current page.</doc>
<arguments>
<arg>//div[@id='page']</arg>
</arguments>
<status status="PASS" starttime="20190216 15:33:08.237" endtime="20190216 15:33:08.253"></status>
</kw>
<kw name="Wait Until Page Contains Element" library="Zoomba.GUILibrary">
<doc>Waits until element ``locator`` appears on current page.</doc>
<arguments>
<arg>//div[@class='header-container']</arg>
</arguments>
<status status="PASS" starttime="20190216 15:33:08.253" endtime="20190216 15:33:08.268"></status>
</kw>
<kw name="Wait Until Page Contains Element" library="Zoomba.GUILibrary">
<doc>Waits until element ``locator`` appears on current page.</doc>
<arguments>
<arg>//div[@class='columns-container']</arg>
</arguments>
<status status="PASS" starttime="20190216 15:33:08.268" endtime="20190216 15:33:08.284"></status>
</kw>
<kw name="Wait Until Page Contains Element" library="Zoomba.GUILibrary">
<doc>Waits until element ``locator`` appears on current page.</doc>
<arguments>
<arg>//div[@class='footer-container']</arg>
</arguments>
<status status="PASS" starttime="20190216 15:33:08.284" endtime="20190216 15:33:08.300"></status>
</kw>
<status status="PASS" starttime="20190216 15:33:08.127" endtime="20190216 15:33:08.300"></status>
</kw>
<status status="PASS" starttime="20190216 15:33:06.443" endtime="20190216 15:33:08.300"></status>
</kw>
<kw name="Add Item To Cart From Dresses Page" library="SmokeTest">
<kw name="Wait For And Focus On Element" library="Zoomba.GUILibrary">
<doc>This is a series of chained Selenium keywords, that first waits for an element to be on the DOM, executes</doc>
<arguments>
<arg>//div[@id="center_column"]/ul/li[5]/div/div[2]/div[2]/a[1]</arg>
</arguments>
<kw name="Set Focus To Element" library="Zoomba.GUILibrary">
<doc>Sets focus to element identified by ``locator``.</doc>
<arguments>
<arg>//div[@id="center_column"]/ul/li[5]/div/div[2]/div[2]/a[1]</arg>
</arguments>
<status status="PASS" starttime="20190216 15:33:08.315" endtime="20190216 15:33:08.354"></status>
</kw>
<status status="PASS" starttime="20190216 15:33:08.300" endtime="20190216 15:33:08.442"></status>
</kw>
<kw name="Wait For And Click Element" library="Zoomba.GUILibrary">
<doc>This is a series of chained Selenium keywords, that tries to find a web element first, and then clicks it.</doc>
<arguments>
<arg>//div[@id="center_column"]//ul//li[2]//a[@title='Add to cart']</arg>
</arguments>
<kw name="Set Focus To Element" library="Zoomba.GUILibrary">
<doc>Sets focus to element identified by ``locator``.</doc>
<arguments>
<arg>//div[@id="center_column"]//ul//li[2]//a[@title='Add to cart']</arg>
</arguments>
<status status="PASS" starttime="20190216 15:33:08.538" endtime="20190216 15:33:08.578"></status>
</kw>
<msg timestamp="20190216 15:33:08.624" level="INFO">Clicking element '//div[@id="center_column"]//ul//li[2]//a[@title='Add to cart']'.</msg>
<status status="PASS" starttime="20190216 15:33:08.442" endtime="20190216 15:33:08.818"></status>
</kw>
<status status="PASS" starttime="20190216 15:33:08.300" endtime="20190216 15:33:08.818"></status>
</kw>
<kw name="Verify Item Added To Cart" library="SmokeTest">
<kw name="Wait For And Focus On Element" library="Zoomba.GUILibrary">
<doc>This is a series of chained Selenium keywords, that first waits for an element to be on the DOM, executes</doc>
<arguments>
<arg>//div[@id='page']//div[@id='layer_cart']</arg>
</arguments>
<kw name="Set Focus To Element" library="Zoomba.GUILibrary">
<doc>Sets focus to element identified by ``locator``.</doc>
<arguments>
<arg>//div[@id='page']//div[@id='layer_cart']</arg>
</arguments>
<status status="PASS" starttime="20190216 15:33:08.857" endtime="20190216 15:33:08.883"></status>
</kw>
<status status="PASS" starttime="20190216 15:33:08.818" endtime="20190216 15:33:09.451"></status>
</kw>
<status status="PASS" starttime="20190216 15:33:08.818" endtime="20190216 15:33:09.451"></status>
</kw>
<kw name="Direct Nav To Homepage" library="SmokeTest" type="teardown">
<kw name="Set Variable" library="BuiltIn">
<doc>Returns the given values which can then be assigned to a variables.</doc>
<arguments>
<arg>http://automationpractice.com</arg>
</arguments>
<assign>
<var>${url}</var>
</assign>
<msg timestamp="20190216 15:33:09.455" level="INFO">${url} = http://automationpractice.com</msg>
<status status="PASS" starttime="20190216 15:33:09.451" endtime="20190216 15:33:09.455"></status>
</kw>
<kw name="Go To" library="Zoomba.GUILibrary">
<doc>Navigates the active browser instance to the provided ``url``.</doc>
<arguments>
<arg>${url}</arg>
</arguments>
<msg timestamp="20190216 15:33:09.455" level="INFO">Opening url 'http://automationpractice.com'</msg>
<status status="PASS" starttime="20190216 15:33:09.455" endtime="20190216 15:33:11.305"></status>
</kw>
<kw name="Verify Homepage Is Loaded" library="SmokeTest">
<kw name="Wait Until Page Contains Element" library="Zoomba.GUILibrary">
<doc>Waits until element ``locator`` appears on current page.</doc>
<arguments>
<arg>//div[@id='page']</arg>
</arguments>
<status status="PASS" starttime="20190216 15:33:11.305" endtime="20190216 15:33:11.333"></status>
</kw>
<kw name="Wait Until Page Contains Element" library="Zoomba.GUILibrary">
<doc>Waits until element ``locator`` appears on current page.</doc>
<arguments>
<arg>//header[@id='header']</arg>
</arguments>
<status status="PASS" starttime="20190216 15:33:11.333" endtime="20190216 15:33:11.353"></status>
</kw>
<kw name="Wait Until Page Contains Element" library="Zoomba.GUILibrary">
<doc>Waits until element ``locator`` appears on current page.</doc>
<arguments>
<arg>//div[@id='columns']</arg>
</arguments>
<status status="PASS" starttime="20190216 15:33:11.353" endtime="20190216 15:33:11.369"></status>
</kw>
<kw name="Wait Until Page Contains Element" library="Zoomba.GUILibrary">
<doc>Waits until element ``locator`` appears on current page.</doc>
<arguments>
<arg>//footer[@id='footer']</arg>
</arguments>
<status status="PASS" starttime="20190216 15:33:11.369" endtime="20190216 15:33:11.389"></status>
</kw>
<status status="PASS" starttime="20190216 15:33:11.305" endtime="20190216 15:33:11.389"></status>
</kw>
<status status="PASS" starttime="20190216 15:33:09.451" endtime="20190216 15:33:11.389"></status>
</kw>
<status status="PASS" starttime="20190216 15:33:06.439" endtime="20190216 15:33:11.389" critical="yes"></status>
</test>
<kw name="Close All Browsers" library="Zoomba.GUILibrary" type="teardown">
<doc>Closes all open browsers and resets the browser cache.</doc>
<status status="PASS" starttime="20190216 15:33:11.393" endtime="20190216 15:33:13.915"></status>
</kw>
<doc>Suite description</doc>
<status status="PASS" starttime="20190216 15:31:38.326" endtime="20190216 15:33:13.915"></status>
</suite>
<statistics>
<total>
<stat pass="8" fail="0">Critical Tests</stat>
<stat pass="8" fail="0">All Tests</stat>
</total>
<tag>
</tag>
<suite>
<stat pass="8" fail="0" id="s1" name="SmokeTests">SmokeTests</stat>
</suite>
</statistics>
<errors>
</errors>
</robot>
