<?xml version="1.0" encoding="UTF-8"?>
<robot generator="Robot 3.0.4 (Python 3.7.0 on win32)" generated="20190218 22:14:37.996">
<suite id="s1" name="SmokeTests" source="C:\Git\Nester_Verodin\SmokeTests\SmokeTests.robot">
<kw name="Open Browser To Homepage" library="SmokeTestKeywords" type="setup">
<kw name="Open Browser" library="Zoomba.GUILibrary">
<doc>Opens a new browser instance to the given ``url``.</doc>
<arguments>
<arg>http://automationpractice.com/index.php?</arg>
<arg>Chrome</arg>
</arguments>
<msg timestamp="20190218 22:14:38.487" level="INFO">Opening browser 'Chrome' to base url 'http://automationpractice.com/index.php?'.</msg>
<status status="PASS" starttime="20190218 22:14:38.486" endtime="20190218 22:14:45.728"></status>
</kw>
<kw name="Verify Homepage Is Loaded" library="SmokeTestKeywords">
<kw name="Wait Until Page Contains Element" library="Zoomba.GUILibrary">
<doc>Waits until element ``locator`` appears on current page.</doc>
<arguments>
<arg>//div[@id='page']</arg>
</arguments>
<status status="PASS" starttime="20190218 22:14:45.729" endtime="20190218 22:14:45.758"></status>
</kw>
<kw name="Wait Until Page Contains Element" library="Zoomba.GUILibrary">
<doc>Waits until element ``locator`` appears on current page.</doc>
<arguments>
<arg>//header[@id='header']</arg>
</arguments>
<status status="PASS" starttime="20190218 22:14:45.758" endtime="20190218 22:14:45.783"></status>
</kw>
<kw name="Wait Until Page Contains Element" library="Zoomba.GUILibrary">
<doc>Waits until element ``locator`` appears on current page.</doc>
<arguments>
<arg>//div[@id='columns']</arg>
</arguments>
<status status="PASS" starttime="20190218 22:14:45.783" endtime="20190218 22:14:45.821"></status>
</kw>
<kw name="Wait Until Page Contains Element" library="Zoomba.GUILibrary">
<doc>Waits until element ``locator`` appears on current page.</doc>
<arguments>
<arg>//footer[@id='footer']</arg>
</arguments>
<status status="PASS" starttime="20190218 22:14:45.822" endtime="20190218 22:14:45.846"></status>
</kw>
<status status="PASS" starttime="20190218 22:14:45.729" endtime="20190218 22:14:45.846"></status>
</kw>
<status status="PASS" starttime="20190218 22:14:38.486" endtime="20190218 22:14:45.846"></status>
</kw>
<test id="s1-t1" name="Verify User Is Able To Create An Account">
<kw name="Logout If Logged In" library="SmokeTestKeywords" type="setup">
<doc>This keyword requires to be ran from the homepage.</doc>
<kw name="Run Keyword And Return Status" library="BuiltIn">
<doc>Runs the given keyword with given arguments and returns the status as a Boolean value.</doc>
<arguments>
<arg>wait for and focus on element</arg>
<arg>//*[@id="header"]/div[2]/div/div/nav/div[1]/a[@class='account']</arg>
</arguments>
<assign>
<var>${loggedIn}</var>
</assign>
<kw name="Wait For And Focus On Element" library="Zoomba.GUILibrary">
<doc>This is a series of chained Selenium keywords, that first waits for an element to be on the DOM, executes</doc>
<arguments>
<arg>//*[@id="header"]/div[2]/div/div/nav/div[1]/a[@class='account']</arg>
</arguments>
<kw name="Capture Page Screenshot" library="Zoomba.GUILibrary">
<doc>Takes screenshot of the current page and embeds it into log file.</doc>
<msg timestamp="20190218 22:14:51.512" level="INFO" html="yes">&lt;/td&gt;&lt;/tr&gt;&lt;tr&gt;&lt;td colspan="3"&gt;&lt;a href="selenium-screenshot-74.png"&gt;&lt;img src="selenium-screenshot-74.png" width="800px"&gt;&lt;/a&gt;</msg>
<status status="PASS" starttime="20190218 22:14:50.908" endtime="20190218 22:14:51.512"></status>
</kw>
<msg timestamp="20190218 22:14:51.517" level="FAIL">Element '//*[@id="header"]/div[2]/div/div/nav/div[1]/a[@class='account']' did not appear in 5 seconds.</msg>
<status status="FAIL" starttime="20190218 22:14:45.848" endtime="20190218 22:14:51.517"></status>
</kw>
<msg timestamp="20190218 22:14:51.517" level="INFO">${loggedIn} = False</msg>
<status status="PASS" starttime="20190218 22:14:45.847" endtime="20190218 22:14:51.518"></status>
</kw>
<kw name="Log" library="BuiltIn">
<doc>Logs the given message with the given level.</doc>
<arguments>
<arg>${loggedIn}</arg>
</arguments>
<msg timestamp="20190218 22:14:51.519" level="INFO">False</msg>
<status status="PASS" starttime="20190218 22:14:51.518" endtime="20190218 22:14:51.519"></status>
</kw>
<kw name="Run Keyword If" library="BuiltIn">
<doc>Runs the given keyword with the given arguments, if ``condition`` is true.</doc>
<arguments>
<arg>'${loggedIn}'=='True'</arg>
<arg>logout from homepage</arg>
</arguments>
<status status="PASS" starttime="20190218 22:14:51.519" endtime="20190218 22:14:51.520"></status>
</kw>
<kw name="Direct Nav To Homepage" library="SmokeTestKeywords">
<kw name="Set Variable" library="BuiltIn">
<doc>Returns the given values which can then be assigned to a variables.</doc>
<arguments>
<arg>http://automationpractice.com</arg>
</arguments>
<assign>
<var>${url}</var>
</assign>
<msg timestamp="20190218 22:14:51.521" level="INFO">${url} = http://automationpractice.com</msg>
<status status="PASS" starttime="20190218 22:14:51.521" endtime="20190218 22:14:51.521"></status>
</kw>
<kw name="Go To" library="Zoomba.GUILibrary">
<doc>Navigates the active browser instance to the provided ``url``.</doc>
<arguments>
<arg>${url}</arg>
</arguments>
<msg timestamp="20190218 22:14:51.523" level="INFO">Opening url 'http://automationpractice.com'</msg>
<status status="PASS" starttime="20190218 22:14:51.522" endtime="20190218 22:14:53.118"></status>
</kw>
<kw name="Verify Homepage Is Loaded" library="SmokeTestKeywords">
<kw name="Wait Until Page Contains Element" library="Zoomba.GUILibrary">
<doc>Waits until element ``locator`` appears on current page.</doc>
<arguments>
<arg>//div[@id='page']</arg>
</arguments>
<status status="PASS" starttime="20190218 22:14:53.118" endtime="20190218 22:14:53.131"></status>
</kw>
<kw name="Wait Until Page Contains Element" library="Zoomba.GUILibrary">
<doc>Waits until element ``locator`` appears on current page.</doc>
<arguments>
<arg>//header[@id='header']</arg>
</arguments>
<status status="PASS" starttime="20190218 22:14:53.132" endtime="20190218 22:14:53.143"></status>
</kw>
<kw name="Wait Until Page Contains Element" library="Zoomba.GUILibrary">
<doc>Waits until element ``locator`` appears on current page.</doc>
<arguments>
<arg>//div[@id='columns']</arg>
</arguments>
<status status="PASS" starttime="20190218 22:14:53.144" endtime="20190218 22:14:53.164"></status>
</kw>
<kw name="Wait Until Page Contains Element" library="Zoomba.GUILibrary">
<doc>Waits until element ``locator`` appears on current page.</doc>
<arguments>
<arg>//footer[@id='footer']</arg>
</arguments>
<status status="PASS" starttime="20190218 22:14:53.164" endtime="20190218 22:14:53.188"></status>
</kw>
<status status="PASS" starttime="20190218 22:14:53.118" endtime="20190218 22:14:53.189"></status>
</kw>
<status status="PASS" starttime="20190218 22:14:51.520" endtime="20190218 22:14:53.190"></status>
</kw>
<status status="PASS" starttime="20190218 22:14:45.847" endtime="20190218 22:14:53.190"></status>
</kw>
<kw name="Get Current Date" library="DateTime">
<doc>Returns current local or UTC time with an optional increment.</doc>
<arguments>
<arg>result_format=%m%d%Y.%I%M%S</arg>
</arguments>
<assign>
<var>${dateTime}</var>
</assign>
<msg timestamp="20190218 22:14:53.192" level="INFO">${dateTime} = 02182019.101453</msg>
<status status="PASS" starttime="20190218 22:14:53.191" endtime="20190218 22:14:53.192"></status>
</kw>
<kw name="Create Dictionary" library="BuiltIn">
<doc>Creates and returns a dictionary based on the given ``items``.</doc>
<arguments>
<arg>email=${dateTime}@test.com</arg>
<arg>firstName=Will</arg>
<arg>lastName=Forte</arg>
<arg>password=${validPassword}</arg>
<arg>address=123 Test st.</arg>
<arg>city=Testville</arg>
<arg>state=Nevada</arg>
<arg>zip=01234</arg>
<arg>phone=0123456789</arg>
</arguments>
<assign>
<var>&amp;{accountInfo}</var>
</assign>
<msg timestamp="20190218 22:14:53.194" level="INFO">&amp;{accountInfo} = { email=02182019.101453@test.com | firstName=Will | lastName=Forte | password=jo(4Mh51K | address=123 Test st. | city=Testville | state=Nevada | zip=01234 | phone=0123456789 }</msg>
<status status="PASS" starttime="20190218 22:14:53.192" endtime="20190218 22:14:53.194"></status>
</kw>
<kw name="Log" library="BuiltIn">
<doc>Logs the given message with the given level.</doc>
<arguments>
<arg>${accountInfo}</arg>
</arguments>
<msg timestamp="20190218 22:14:53.195" level="INFO">{'email': '02182019.101453@test.com', 'firstName': 'Will', 'lastName': 'Forte', 'password': 'jo(4Mh51K', 'address': '123 Test st.', 'city': 'Testville', 'state': 'Nevada', 'zip': '01234', 'phone': '0123456789'}</msg>
<status status="PASS" starttime="20190218 22:14:53.194" endtime="20190218 22:14:53.195"></status>
</kw>
<kw name="Nav To Sign In Page From Homepage" library="SmokeTestKeywords">
<kw name="Wait For And Click Element" library="Zoomba.GUILibrary">
<doc>This is a series of chained Selenium keywords, that tries to find a web element first, and then clicks it.</doc>
<arguments>
<arg>//div[@id='page']//div[@class='header_user_info']//a[@class='login']</arg>
</arguments>
<kw name="Set Focus To Element" library="Zoomba.GUILibrary">
<doc>Sets focus to element identified by ``locator``.</doc>
<arguments>
<arg>//div[@id='page']//div[@class='header_user_info']//a[@class='login']</arg>
</arguments>
<status status="PASS" starttime="20190218 22:14:53.217" endtime="20190218 22:14:53.268"></status>
</kw>
<msg timestamp="20190218 22:14:53.318" level="INFO">Clicking element '//div[@id='page']//div[@class='header_user_info']//a[@class='login']'.</msg>
<status status="PASS" starttime="20190218 22:14:53.196" endtime="20190218 22:14:54.499"></status>
</kw>
<kw name="Wait For And Focus On Element" library="Zoomba.GUILibrary">
<doc>This is a series of chained Selenium keywords, that first waits for an element to be on the DOM, executes</doc>
<arguments>
<arg>//div[@id='page']</arg>
</arguments>
<kw name="Set Focus To Element" library="Zoomba.GUILibrary">
<doc>Sets focus to element identified by ``locator``.</doc>
<arguments>
<arg>//div[@id='page']</arg>
</arguments>
<status status="PASS" starttime="20190218 22:14:54.514" endtime="20190218 22:14:54.537"></status>
</kw>
<status status="PASS" starttime="20190218 22:14:54.499" endtime="20190218 22:14:54.619"></status>
</kw>
<status status="PASS" starttime="20190218 22:14:53.195" endtime="20190218 22:14:54.619"></status>
</kw>
<kw name="Create Account From Sign In Page" library="SmokeTestKeywords">
<arguments>
<arg>${accountInfo}</arg>
</arguments>
<kw name="Wait For And Input Text" library="Zoomba.GUILibrary">
<doc>This is a series of chained Selenium keywords, that tries to find a web element first, and then input text.</doc>
<arguments>
<arg>//div[@id='center_column']//input[@id='email_create']</arg>
<arg>&amp;{accountInfo}[email]</arg>
</arguments>
<kw name="Set Focus To Element" library="Zoomba.GUILibrary">
<doc>Sets focus to element identified by ``locator``.</doc>
<arguments>
<arg>//div[@id='center_column']//input[@id='email_create']</arg>
</arguments>
<status status="PASS" starttime="20190218 22:14:54.640" endtime="20190218 22:14:54.666"></status>
</kw>
<msg timestamp="20190218 22:14:54.696" level="INFO">Typing text '02182019.101453@test.com' into text field '//div[@id='center_column']//input[@id='email_create']'.</msg>
<status status="PASS" starttime="20190218 22:14:54.620" endtime="20190218 22:14:55.196"></status>
</kw>
<kw name="Wait For And Click Element" library="Zoomba.GUILibrary">
<doc>This is a series of chained Selenium keywords, that tries to find a web element first, and then clicks it.</doc>
<arguments>
<arg>//div[@id='center_column']//button[@id='SubmitCreate']</arg>
</arguments>
<kw name="Set Focus To Element" library="Zoomba.GUILibrary">
<doc>Sets focus to element identified by ``locator``.</doc>
<arguments>
<arg>//div[@id='center_column']//button[@id='SubmitCreate']</arg>
</arguments>
<status status="PASS" starttime="20190218 22:14:55.216" endtime="20190218 22:14:55.253"></status>
</kw>
<msg timestamp="20190218 22:14:55.286" level="INFO">Clicking element '//div[@id='center_column']//button[@id='SubmitCreate']'.</msg>
<status status="PASS" starttime="20190218 22:14:55.196" endtime="20190218 22:14:55.468"></status>
</kw>
<kw name="Wait For And Input Text" library="Zoomba.GUILibrary">
<doc>This is a series of chained Selenium keywords, that tries to find a web element first, and then input text.</doc>
<arguments>
<arg>//div[@class='account_creation']//input[@id='customer_firstname']</arg>
<arg>&amp;{accountInfo}[firstName]</arg>
</arguments>
<kw name="Set Focus To Element" library="Zoomba.GUILibrary">
<doc>Sets focus to element identified by ``locator``.</doc>
<arguments>
<arg>//div[@class='account_creation']//input[@id='customer_firstname']</arg>
</arguments>
<status status="PASS" starttime="20190218 22:14:56.819" endtime="20190218 22:14:56.841"></status>
</kw>
<msg timestamp="20190218 22:14:56.873" level="INFO">Typing text 'Will' into text field '//div[@class='account_creation']//input[@id='customer_firstname']'.</msg>
<status status="PASS" starttime="20190218 22:14:55.468" endtime="20190218 22:14:57.015"></status>
</kw>
<kw name="Wait For And Input Text" library="Zoomba.GUILibrary">
<doc>This is a series of chained Selenium keywords, that tries to find a web element first, and then input text.</doc>
<arguments>
<arg>//div[@class='account_creation']//input[@id='customer_lastname']</arg>
<arg>&amp;{accountInfo}[lastName]</arg>
</arguments>
<kw name="Set Focus To Element" library="Zoomba.GUILibrary">
<doc>Sets focus to element identified by ``locator``.</doc>
<arguments>
<arg>//div[@class='account_creation']//input[@id='customer_lastname']</arg>
</arguments>
<status status="PASS" starttime="20190218 22:14:57.039" endtime="20190218 22:14:57.063"></status>
</kw>
<msg timestamp="20190218 22:14:57.092" level="INFO">Typing text 'Forte' into text field '//div[@class='account_creation']//input[@id='customer_lastname']'.</msg>
<status status="PASS" starttime="20190218 22:14:57.015" endtime="20190218 22:14:57.233"></status>
</kw>
<kw name="Wait For And Input Text" library="Zoomba.GUILibrary">
<doc>This is a series of chained Selenium keywords, that tries to find a web element first, and then input text.</doc>
<arguments>
<arg>//div[@class='account_creation']//input[@id='email']</arg>
<arg>&amp;{accountInfo}[email]</arg>
</arguments>
<kw name="Set Focus To Element" library="Zoomba.GUILibrary">
<doc>Sets focus to element identified by ``locator``.</doc>
<arguments>
<arg>//div[@class='account_creation']//input[@id='email']</arg>
</arguments>
<status status="PASS" starttime="20190218 22:14:57.254" endtime="20190218 22:14:57.278"></status>
</kw>
<msg timestamp="20190218 22:14:57.309" level="INFO">Typing text '02182019.101453@test.com' into text field '//div[@class='account_creation']//input[@id='email']'.</msg>
<status status="PASS" starttime="20190218 22:14:57.233" endtime="20190218 22:14:57.983"></status>
</kw>
<kw name="Wait For And Input Text" library="Zoomba.GUILibrary">
<doc>This is a series of chained Selenium keywords, that tries to find a web element first, and then input text.</doc>
<arguments>
<arg>//div[@class='account_creation']//input[@id='passwd']</arg>
<arg>&amp;{accountInfo}[password]</arg>
</arguments>
<kw name="Set Focus To Element" library="Zoomba.GUILibrary">
<doc>Sets focus to element identified by ``locator``.</doc>
<arguments>
<arg>//div[@class='account_creation']//input[@id='passwd']</arg>
</arguments>
<status status="PASS" starttime="20190218 22:14:58.008" endtime="20190218 22:14:58.048"></status>
</kw>
<msg timestamp="20190218 22:14:58.084" level="INFO">Typing text 'jo(4Mh51K' into text field '//div[@class='account_creation']//input[@id='passwd']'.</msg>
<status status="PASS" starttime="20190218 22:14:57.983" endtime="20190218 22:14:58.315"></status>
</kw>
<kw name="Wait For And Input Text" library="Zoomba.GUILibrary">
<doc>This is a series of chained Selenium keywords, that tries to find a web element first, and then input text.</doc>
<arguments>
<arg>//div[@class='account_creation']//input[@id='firstname']</arg>
<arg>&amp;{accountInfo}[firstName]</arg>
</arguments>
<kw name="Set Focus To Element" library="Zoomba.GUILibrary">
<doc>Sets focus to element identified by ``locator``.</doc>
<arguments>
<arg>//div[@class='account_creation']//input[@id='firstname']</arg>
</arguments>
<status status="PASS" starttime="20190218 22:14:58.334" endtime="20190218 22:14:58.377"></status>
</kw>
<msg timestamp="20190218 22:14:58.420" level="INFO">Typing text 'Will' into text field '//div[@class='account_creation']//input[@id='firstname']'.</msg>
<status status="PASS" starttime="20190218 22:14:58.315" endtime="20190218 22:14:58.629"></status>
</kw>
<kw name="Wait For And Input Text" library="Zoomba.GUILibrary">
<doc>This is a series of chained Selenium keywords, that tries to find a web element first, and then input text.</doc>
<arguments>
<arg>//div[@class='account_creation']//input[@id='lastname']</arg>
<arg>&amp;{accountInfo}[lastName]</arg>
</arguments>
<kw name="Set Focus To Element" library="Zoomba.GUILibrary">
<doc>Sets focus to element identified by ``locator``.</doc>
<arguments>
<arg>//div[@class='account_creation']//input[@id='lastname']</arg>
</arguments>
<status status="PASS" starttime="20190218 22:14:58.655" endtime="20190218 22:14:58.693"></status>
</kw>
<msg timestamp="20190218 22:14:58.751" level="INFO">Typing text 'Forte' into text field '//div[@class='account_creation']//input[@id='lastname']'.</msg>
<status status="PASS" starttime="20190218 22:14:58.629" endtime="20190218 22:14:59.062"></status>
</kw>
<kw name="Wait For And Input Text" library="Zoomba.GUILibrary">
<doc>This is a series of chained Selenium keywords, that tries to find a web element first, and then input text.</doc>
<arguments>
<arg>//div[@class='account_creation']//input[@id='address1']</arg>
<arg>&amp;{accountInfo}[address]</arg>
</arguments>
<kw name="Set Focus To Element" library="Zoomba.GUILibrary">
<doc>Sets focus to element identified by ``locator``.</doc>
<arguments>
<arg>//div[@class='account_creation']//input[@id='address1']</arg>
</arguments>
<status status="PASS" starttime="20190218 22:14:59.086" endtime="20190218 22:14:59.114"></status>
</kw>
<msg timestamp="20190218 22:14:59.156" level="INFO">Typing text '123 Test st.' into text field '//div[@class='account_creation']//input[@id='address1']'.</msg>
<status status="PASS" starttime="20190218 22:14:59.062" endtime="20190218 22:14:59.487"></status>
</kw>
<kw name="Wait For And Input Text" library="Zoomba.GUILibrary">
<doc>This is a series of chained Selenium keywords, that tries to find a web element first, and then input text.</doc>
<arguments>
<arg>//div[@class='account_creation']//input[@id='city']</arg>
<arg>&amp;{accountInfo}[city]</arg>
</arguments>
<kw name="Set Focus To Element" library="Zoomba.GUILibrary">
<doc>Sets focus to element identified by ``locator``.</doc>
<arguments>
<arg>//div[@class='account_creation']//input[@id='city']</arg>
</arguments>
<status status="PASS" starttime="20190218 22:14:59.510" endtime="20190218 22:14:59.543"></status>
</kw>
<msg timestamp="20190218 22:14:59.583" level="INFO">Typing text 'Testville' into text field '//div[@class='account_creation']//input[@id='city']'.</msg>
<status status="PASS" starttime="20190218 22:14:59.487" endtime="20190218 22:14:59.852"></status>
</kw>
<kw name="Select From List By Label" library="Zoomba.GUILibrary">
<doc>Selects options from selection list ``locator`` by ``labels``.</doc>
<arguments>
<arg>//div[@class='account_creation']//select[@id='id_state']</arg>
<arg>&amp;{accountInfo}[state]</arg>
</arguments>
<msg timestamp="20190218 22:14:59.854" level="INFO">Selecting options from selection list '//div[@class='account_creation']//select[@id='id_state']' by label Nevada.</msg>
<status status="PASS" starttime="20190218 22:14:59.853" endtime="20190218 22:14:59.995"></status>
</kw>
<kw name="Wait For And Input Text" library="Zoomba.GUILibrary">
<doc>This is a series of chained Selenium keywords, that tries to find a web element first, and then input text.</doc>
<arguments>
<arg>//div[@class='account_creation']//input[@id='postcode']</arg>
<arg>&amp;{accountInfo}[zip]</arg>
</arguments>
<kw name="Set Focus To Element" library="Zoomba.GUILibrary">
<doc>Sets focus to element identified by ``locator``.</doc>
<arguments>
<arg>//div[@class='account_creation']//input[@id='postcode']</arg>
</arguments>
<status status="PASS" starttime="20190218 22:15:00.033" endtime="20190218 22:15:00.072"></status>
</kw>
<msg timestamp="20190218 22:15:00.133" level="INFO">Typing text '01234' into text field '//div[@class='account_creation']//input[@id='postcode']'.</msg>
<status status="PASS" starttime="20190218 22:14:59.995" endtime="20190218 22:15:00.345"></status>
</kw>
<kw name="Wait For And Input Text" library="Zoomba.GUILibrary">
<doc>This is a series of chained Selenium keywords, that tries to find a web element first, and then input text.</doc>
<arguments>
<arg>//div[@class='account_creation']//input[@id='phone_mobile']</arg>
<arg>&amp;{accountInfo}[phone]</arg>
</arguments>
<kw name="Set Focus To Element" library="Zoomba.GUILibrary">
<doc>Sets focus to element identified by ``locator``.</doc>
<arguments>
<arg>//div[@class='account_creation']//input[@id='phone_mobile']</arg>
</arguments>
<status status="PASS" starttime="20190218 22:15:00.370" endtime="20190218 22:15:00.406"></status>
</kw>
<msg timestamp="20190218 22:15:00.452" level="INFO">Typing text '0123456789' into text field '//div[@class='account_creation']//input[@id='phone_mobile']'.</msg>
<status status="PASS" starttime="20190218 22:15:00.346" endtime="20190218 22:15:00.734"></status>
</kw>
<kw name="Wait For And Click Element" library="Zoomba.GUILibrary">
<doc>This is a series of chained Selenium keywords, that tries to find a web element first, and then clicks it.</doc>
<arguments>
<arg>//div[@id='page']//button[@id='submitAccount']</arg>
</arguments>
<kw name="Set Focus To Element" library="Zoomba.GUILibrary">
<doc>Sets focus to element identified by ``locator``.</doc>
<arguments>
<arg>//div[@id='page']//button[@id='submitAccount']</arg>
</arguments>
<status status="PASS" starttime="20190218 22:15:00.762" endtime="20190218 22:15:00.787"></status>
</kw>
<msg timestamp="20190218 22:15:00.830" level="INFO">Clicking element '//div[@id='page']//button[@id='submitAccount']'.</msg>
<status status="PASS" starttime="20190218 22:15:00.735" endtime="20190218 22:15:02.095"></status>
</kw>
<kw name="Wait For And Focus On Element" library="Zoomba.GUILibrary">
<doc>This is a series of chained Selenium keywords, that first waits for an element to be on the DOM, executes</doc>
<arguments>
<arg>//div[@id='page']//div[@id='center_column']</arg>
</arguments>
<kw name="Set Focus To Element" library="Zoomba.GUILibrary">
<doc>Sets focus to element identified by ``locator``.</doc>
<arguments>
<arg>//div[@id='page']//div[@id='center_column']</arg>
</arguments>
<status status="PASS" starttime="20190218 22:15:02.120" endtime="20190218 22:15:02.144"></status>
</kw>
<status status="PASS" starttime="20190218 22:15:02.095" endtime="20190218 22:15:02.178"></status>
</kw>
<status status="PASS" starttime="20190218 22:14:54.619" endtime="20190218 22:15:02.178"></status>
</kw>
<kw name="Direct Nav To Homepage" library="SmokeTestKeywords" type="teardown">
<kw name="Set Variable" library="BuiltIn">
<doc>Returns the given values which can then be assigned to a variables.</doc>
<arguments>
<arg>http://automationpractice.com</arg>
</arguments>
<assign>
<var>${url}</var>
</assign>
<msg timestamp="20190218 22:15:02.180" level="INFO">${url} = http://automationpractice.com</msg>
<status status="PASS" starttime="20190218 22:15:02.179" endtime="20190218 22:15:02.180"></status>
</kw>
<kw name="Go To" library="Zoomba.GUILibrary">
<doc>Navigates the active browser instance to the provided ``url``.</doc>
<arguments>
<arg>${url}</arg>
</arguments>
<msg timestamp="20190218 22:15:02.181" level="INFO">Opening url 'http://automationpractice.com'</msg>
<status status="PASS" starttime="20190218 22:15:02.180" endtime="20190218 22:15:03.735"></status>
</kw>
<kw name="Verify Homepage Is Loaded" library="SmokeTestKeywords">
<kw name="Wait Until Page Contains Element" library="Zoomba.GUILibrary">
<doc>Waits until element ``locator`` appears on current page.</doc>
<arguments>
<arg>//div[@id='page']</arg>
</arguments>
<status status="PASS" starttime="20190218 22:15:03.736" endtime="20190218 22:15:03.752"></status>
</kw>
<kw name="Wait Until Page Contains Element" library="Zoomba.GUILibrary">
<doc>Waits until element ``locator`` appears on current page.</doc>
<arguments>
<arg>//header[@id='header']</arg>
</arguments>
<status status="PASS" starttime="20190218 22:15:03.752" endtime="20190218 22:15:03.778"></status>
</kw>
<kw name="Wait Until Page Contains Element" library="Zoomba.GUILibrary">
<doc>Waits until element ``locator`` appears on current page.</doc>
<arguments>
<arg>//div[@id='columns']</arg>
</arguments>
<status status="PASS" starttime="20190218 22:15:03.778" endtime="20190218 22:15:03.801"></status>
</kw>
<kw name="Wait Until Page Contains Element" library="Zoomba.GUILibrary">
<doc>Waits until element ``locator`` appears on current page.</doc>
<arguments>
<arg>//footer[@id='footer']</arg>
</arguments>
<status status="PASS" starttime="20190218 22:15:03.801" endtime="20190218 22:15:03.823"></status>
</kw>
<status status="PASS" starttime="20190218 22:15:03.735" endtime="20190218 22:15:03.823"></status>
</kw>
<status status="PASS" starttime="20190218 22:15:02.178" endtime="20190218 22:15:03.823"></status>
</kw>
<status status="PASS" starttime="20190218 22:14:45.846" endtime="20190218 22:15:03.823" critical="yes"></status>
</test>
<test id="s1-t2" name="Verify Valid User Can Sign In">
<kw name="Logout If Logged In" library="SmokeTestKeywords" type="setup">
<doc>This keyword requires to be ran from the homepage.</doc>
<kw name="Run Keyword And Return Status" library="BuiltIn">
<doc>Runs the given keyword with given arguments and returns the status as a Boolean value.</doc>
<arguments>
<arg>wait for and focus on element</arg>
<arg>//*[@id="header"]/div[2]/div/div/nav/div[1]/a[@class='account']</arg>
</arguments>
<assign>
<var>${loggedIn}</var>
</assign>
<kw name="Wait For And Focus On Element" library="Zoomba.GUILibrary">
<doc>This is a series of chained Selenium keywords, that first waits for an element to be on the DOM, executes</doc>
<arguments>
<arg>//*[@id="header"]/div[2]/div/div/nav/div[1]/a[@class='account']</arg>
</arguments>
<kw name="Set Focus To Element" library="Zoomba.GUILibrary">
<doc>Sets focus to element identified by ``locator``.</doc>
<arguments>
<arg>//*[@id="header"]/div[2]/div/div/nav/div[1]/a[@class='account']</arg>
</arguments>
<status status="PASS" starttime="20190218 22:15:03.851" endtime="20190218 22:15:03.885"></status>
</kw>
<status status="PASS" starttime="20190218 22:15:03.827" endtime="20190218 22:15:03.926"></status>
</kw>
<msg timestamp="20190218 22:15:03.926" level="INFO">${loggedIn} = True</msg>
<status status="PASS" starttime="20190218 22:15:03.826" endtime="20190218 22:15:03.926"></status>
</kw>
<kw name="Log" library="BuiltIn">
<doc>Logs the given message with the given level.</doc>
<arguments>
<arg>${loggedIn}</arg>
</arguments>
<msg timestamp="20190218 22:15:03.927" level="INFO">True</msg>
<status status="PASS" starttime="20190218 22:15:03.927" endtime="20190218 22:15:03.927"></status>
</kw>
<kw name="Run Keyword If" library="BuiltIn">
<doc>Runs the given keyword with the given arguments, if ``condition`` is true.</doc>
<arguments>
<arg>'${loggedIn}'=='True'</arg>
<arg>logout from homepage</arg>
</arguments>
<kw name="Logout From Homepage" library="SmokeTestKeywords">
<kw name="Wait For And Click Element" library="Zoomba.GUILibrary">
<doc>This is a series of chained Selenium keywords, that tries to find a web element first, and then clicks it.</doc>
<arguments>
<arg>//div[@id='page']//a[@title='Log me out']</arg>
</arguments>
<kw name="Set Focus To Element" library="Zoomba.GUILibrary">
<doc>Sets focus to element identified by ``locator``.</doc>
<arguments>
<arg>//div[@id='page']//a[@title='Log me out']</arg>
</arguments>
<status status="PASS" starttime="20190218 22:15:03.959" endtime="20190218 22:15:03.992"></status>
</kw>
<msg timestamp="20190218 22:15:04.033" level="INFO">Clicking element '//div[@id='page']//a[@title='Log me out']'.</msg>
<status status="PASS" starttime="20190218 22:15:03.929" endtime="20190218 22:15:05.841"></status>
</kw>
<kw name="Wait Until Page Contains Element" library="Zoomba.GUILibrary">
<doc>Waits until element ``locator`` appears on current page.</doc>
<arguments>
<arg>//div[@id='page']//a[contains(@title,'Log in to your customer account')]</arg>
</arguments>
<status status="PASS" starttime="20190218 22:15:05.841" endtime="20190218 22:15:05.862"></status>
</kw>
<status status="PASS" starttime="20190218 22:15:03.929" endtime="20190218 22:15:05.862"></status>
</kw>
<status status="PASS" starttime="20190218 22:15:03.928" endtime="20190218 22:15:05.862"></status>
</kw>
<kw name="Direct Nav To Homepage" library="SmokeTestKeywords">
<kw name="Set Variable" library="BuiltIn">
<doc>Returns the given values which can then be assigned to a variables.</doc>
<arguments>
<arg>http://automationpractice.com</arg>
</arguments>
<assign>
<var>${url}</var>
</assign>
<msg timestamp="20190218 22:15:05.863" level="INFO">${url} = http://automationpractice.com</msg>
<status status="PASS" starttime="20190218 22:15:05.863" endtime="20190218 22:15:05.863"></status>
</kw>
<kw name="Go To" library="Zoomba.GUILibrary">
<doc>Navigates the active browser instance to the provided ``url``.</doc>
<arguments>
<arg>${url}</arg>
</arguments>
<msg timestamp="20190218 22:15:05.864" level="INFO">Opening url 'http://automationpractice.com'</msg>
<status status="PASS" starttime="20190218 22:15:05.864" endtime="20190218 22:15:07.627"></status>
</kw>
<kw name="Verify Homepage Is Loaded" library="SmokeTestKeywords">
<kw name="Wait Until Page Contains Element" library="Zoomba.GUILibrary">
<doc>Waits until element ``locator`` appears on current page.</doc>
<arguments>
<arg>//div[@id='page']</arg>
</arguments>
<status status="PASS" starttime="20190218 22:15:07.628" endtime="20190218 22:15:07.651"></status>
</kw>
<kw name="Wait Until Page Contains Element" library="Zoomba.GUILibrary">
<doc>Waits until element ``locator`` appears on current page.</doc>
<arguments>
<arg>//header[@id='header']</arg>
</arguments>
<status status="PASS" starttime="20190218 22:15:07.651" endtime="20190218 22:15:07.665"></status>
</kw>
<kw name="Wait Until Page Contains Element" library="Zoomba.GUILibrary">
<doc>Waits until element ``locator`` appears on current page.</doc>
<arguments>
<arg>//div[@id='columns']</arg>
</arguments>
<status status="PASS" starttime="20190218 22:15:07.666" endtime="20190218 22:15:07.680"></status>
</kw>
<kw name="Wait Until Page Contains Element" library="Zoomba.GUILibrary">
<doc>Waits until element ``locator`` appears on current page.</doc>
<arguments>
<arg>//footer[@id='footer']</arg>
</arguments>
<status status="PASS" starttime="20190218 22:15:07.680" endtime="20190218 22:15:07.691"></status>
</kw>
<status status="PASS" starttime="20190218 22:15:07.627" endtime="20190218 22:15:07.691"></status>
</kw>
<status status="PASS" starttime="20190218 22:15:05.863" endtime="20190218 22:15:07.691"></status>
</kw>
<status status="PASS" starttime="20190218 22:15:03.826" endtime="20190218 22:15:07.691"></status>
</kw>
<kw name="Nav To Sign In Page From Homepage" library="SmokeTestKeywords">
<kw name="Wait For And Click Element" library="Zoomba.GUILibrary">
<doc>This is a series of chained Selenium keywords, that tries to find a web element first, and then clicks it.</doc>
<arguments>
<arg>//div[@id='page']//div[@class='header_user_info']//a[@class='login']</arg>
</arguments>
<kw name="Set Focus To Element" library="Zoomba.GUILibrary">
<doc>Sets focus to element identified by ``locator``.</doc>
<arguments>
<arg>//div[@id='page']//div[@class='header_user_info']//a[@class='login']</arg>
</arguments>
<status status="PASS" starttime="20190218 22:15:07.710" endtime="20190218 22:15:07.757"></status>
</kw>
<msg timestamp="20190218 22:15:07.800" level="INFO">Clicking element '//div[@id='page']//div[@class='header_user_info']//a[@class='login']'.</msg>
<status status="PASS" starttime="20190218 22:15:07.692" endtime="20190218 22:15:08.764"></status>
</kw>
<kw name="Wait For And Focus On Element" library="Zoomba.GUILibrary">
<doc>This is a series of chained Selenium keywords, that first waits for an element to be on the DOM, executes</doc>
<arguments>
<arg>//div[@id='page']</arg>
</arguments>
<kw name="Set Focus To Element" library="Zoomba.GUILibrary">
<doc>Sets focus to element identified by ``locator``.</doc>
<arguments>
<arg>//div[@id='page']</arg>
</arguments>
<status status="PASS" starttime="20190218 22:15:08.780" endtime="20190218 22:15:08.797"></status>
</kw>
<status status="PASS" starttime="20190218 22:15:08.764" endtime="20190218 22:15:08.822"></status>
</kw>
<status status="PASS" starttime="20190218 22:15:07.691" endtime="20190218 22:15:08.822"></status>
</kw>
<kw name="Sign In Successfully" library="SmokeTestKeywords">
<arguments>
<arg>${validEmail}</arg>
<arg>${validPassword}</arg>
</arguments>
<kw name="Wait For And Input Text" library="Zoomba.GUILibrary">
<doc>This is a series of chained Selenium keywords, that tries to find a web element first, and then input text.</doc>
<arguments>
<arg>//form[@id='login_form']//input[@id='email']</arg>
<arg>${email}</arg>
</arguments>
<kw name="Set Focus To Element" library="Zoomba.GUILibrary">
<doc>Sets focus to element identified by ``locator``.</doc>
<arguments>
<arg>//form[@id='login_form']//input[@id='email']</arg>
</arguments>
<status status="PASS" starttime="20190218 22:15:08.840" endtime="20190218 22:15:08.868"></status>
</kw>
<msg timestamp="20190218 22:15:08.910" level="INFO">Typing text '02182019.101411@test.com' into text field '//form[@id='login_form']//input[@id='email']'.</msg>
<status status="PASS" starttime="20190218 22:15:08.823" endtime="20190218 22:15:09.265"></status>
</kw>
<kw name="Wait For And Input Text" library="Zoomba.GUILibrary">
<doc>This is a series of chained Selenium keywords, that tries to find a web element first, and then input text.</doc>
<arguments>
<arg>//form[@id='login_form']//input[@id='passwd']</arg>
<arg>${password}</arg>
</arguments>
<kw name="Set Focus To Element" library="Zoomba.GUILibrary">
<doc>Sets focus to element identified by ``locator``.</doc>
<arguments>
<arg>//form[@id='login_form']//input[@id='passwd']</arg>
</arguments>
<status status="PASS" starttime="20190218 22:15:09.291" endtime="20190218 22:15:09.332"></status>
</kw>
<msg timestamp="20190218 22:15:09.367" level="INFO">Typing text 'jo(4Mh51K' into text field '//form[@id='login_form']//input[@id='passwd']'.</msg>
<status status="PASS" starttime="20190218 22:15:09.265" endtime="20190218 22:15:09.565"></status>
</kw>
<kw name="Wait For And Click Element" library="Zoomba.GUILibrary">
<doc>This is a series of chained Selenium keywords, that tries to find a web element first, and then clicks it.</doc>
<arguments>
<arg>//button[@id='SubmitLogin']</arg>
</arguments>
<kw name="Set Focus To Element" library="Zoomba.GUILibrary">
<doc>Sets focus to element identified by ``locator``.</doc>
<arguments>
<arg>//button[@id='SubmitLogin']</arg>
</arguments>
<status status="PASS" starttime="20190218 22:15:09.592" endtime="20190218 22:15:09.628"></status>
</kw>
<msg timestamp="20190218 22:15:09.668" level="INFO">Clicking element '//button[@id='SubmitLogin']'.</msg>
<status status="PASS" starttime="20190218 22:15:09.565" endtime="20190218 22:15:10.832"></status>
</kw>
<kw name="Wait For And Focus On Element" library="Zoomba.GUILibrary">
<doc>This is a series of chained Selenium keywords, that first waits for an element to be on the DOM, executes</doc>
<arguments>
<arg>//div[@id='page']//div[@id='center_column']</arg>
</arguments>
<kw name="Set Focus To Element" library="Zoomba.GUILibrary">
<doc>Sets focus to element identified by ``locator``.</doc>
<arguments>
<arg>//div[@id='page']//div[@id='center_column']</arg>
</arguments>
<status status="PASS" starttime="20190218 22:15:10.854" endtime="20190218 22:15:10.874"></status>
</kw>
<status status="PASS" starttime="20190218 22:15:10.832" endtime="20190218 22:15:10.900"></status>
</kw>
<kw name="Element Should Not Be Visible" library="Zoomba.GUILibrary">
<doc>Verifies that the element identified by ``locator`` is NOT visible.</doc>
<arguments>
<arg>//div[@id='page']//div[@id='center_column']//div[@class='alert alert-danger']</arg>
</arguments>
<msg timestamp="20190218 22:15:10.916" level="INFO">Element '//div[@id='page']//div[@id='center_column']//div[@class='alert alert-danger']' did not exist.</msg>
<status status="PASS" starttime="20190218 22:15:10.900" endtime="20190218 22:15:10.916"></status>
</kw>
<status status="PASS" starttime="20190218 22:15:08.823" endtime="20190218 22:15:10.917"></status>
</kw>
<kw name="Direct Nav To Homepage" library="SmokeTestKeywords" type="teardown">
<kw name="Set Variable" library="BuiltIn">
<doc>Returns the given values which can then be assigned to a variables.</doc>
<arguments>
<arg>http://automationpractice.com</arg>
</arguments>
<assign>
<var>${url}</var>
</assign>
<msg timestamp="20190218 22:15:10.919" level="INFO">${url} = http://automationpractice.com</msg>
<status status="PASS" starttime="20190218 22:15:10.918" endtime="20190218 22:15:10.919"></status>
</kw>
<kw name="Go To" library="Zoomba.GUILibrary">
<doc>Navigates the active browser instance to the provided ``url``.</doc>
<arguments>
<arg>${url}</arg>
</arguments>
<msg timestamp="20190218 22:15:10.921" level="INFO">Opening url 'http://automationpractice.com'</msg>
<status status="PASS" starttime="20190218 22:15:10.919" endtime="20190218 22:15:12.890"></status>
</kw>
<kw name="Verify Homepage Is Loaded" library="SmokeTestKeywords">
<kw name="Wait Until Page Contains Element" library="Zoomba.GUILibrary">
<doc>Waits until element ``locator`` appears on current page.</doc>
<arguments>
<arg>//div[@id='page']</arg>
</arguments>
<status status="PASS" starttime="20190218 22:15:12.891" endtime="20190218 22:15:12.914"></status>
</kw>
<kw name="Wait Until Page Contains Element" library="Zoomba.GUILibrary">
<doc>Waits until element ``locator`` appears on current page.</doc>
<arguments>
<arg>//header[@id='header']</arg>
</arguments>
<status status="PASS" starttime="20190218 22:15:12.915" endtime="20190218 22:15:12.928"></status>
</kw>
<kw name="Wait Until Page Contains Element" library="Zoomba.GUILibrary">
<doc>Waits until element ``locator`` appears on current page.</doc>
<arguments>
<arg>//div[@id='columns']</arg>
</arguments>
<status status="PASS" starttime="20190218 22:15:12.929" endtime="20190218 22:15:12.943"></status>
</kw>
<kw name="Wait Until Page Contains Element" library="Zoomba.GUILibrary">
<doc>Waits until element ``locator`` appears on current page.</doc>
<arguments>
<arg>//footer[@id='footer']</arg>
</arguments>
<status status="PASS" starttime="20190218 22:15:12.943" endtime="20190218 22:15:12.955"></status>
</kw>
<status status="PASS" starttime="20190218 22:15:12.890" endtime="20190218 22:15:12.955"></status>
</kw>
<status status="PASS" starttime="20190218 22:15:10.917" endtime="20190218 22:15:12.955"></status>
</kw>
<status status="PASS" starttime="20190218 22:15:03.825" endtime="20190218 22:15:12.955" critical="yes"></status>
</test>
<test id="s1-t3" name="Verify User Cannot Sign In With Invalid Credentials">
<kw name="Logout If Logged In" library="SmokeTestKeywords" type="setup">
<doc>This keyword requires to be ran from the homepage.</doc>
<kw name="Run Keyword And Return Status" library="BuiltIn">
<doc>Runs the given keyword with given arguments and returns the status as a Boolean value.</doc>
<arguments>
<arg>wait for and focus on element</arg>
<arg>//*[@id="header"]/div[2]/div/div/nav/div[1]/a[@class='account']</arg>
</arguments>
<assign>
<var>${loggedIn}</var>
</assign>
<kw name="Wait For And Focus On Element" library="Zoomba.GUILibrary">
<doc>This is a series of chained Selenium keywords, that first waits for an element to be on the DOM, executes</doc>
<arguments>
<arg>//*[@id="header"]/div[2]/div/div/nav/div[1]/a[@class='account']</arg>
</arguments>
<kw name="Set Focus To Element" library="Zoomba.GUILibrary">
<doc>Sets focus to element identified by ``locator``.</doc>
<arguments>
<arg>//*[@id="header"]/div[2]/div/div/nav/div[1]/a[@class='account']</arg>
</arguments>
<status status="PASS" starttime="20190218 22:15:12.984" endtime="20190218 22:15:13.010"></status>
</kw>
<status status="PASS" starttime="20190218 22:15:12.958" endtime="20190218 22:15:13.046"></status>
</kw>
<msg timestamp="20190218 22:15:13.046" level="INFO">${loggedIn} = True</msg>
<status status="PASS" starttime="20190218 22:15:12.958" endtime="20190218 22:15:13.046"></status>
</kw>
<kw name="Log" library="BuiltIn">
<doc>Logs the given message with the given level.</doc>
<arguments>
<arg>${loggedIn}</arg>
</arguments>
<msg timestamp="20190218 22:15:13.046" level="INFO">True</msg>
<status status="PASS" starttime="20190218 22:15:13.046" endtime="20190218 22:15:13.046"></status>
</kw>
<kw name="Run Keyword If" library="BuiltIn">
<doc>Runs the given keyword with the given arguments, if ``condition`` is true.</doc>
<arguments>
<arg>'${loggedIn}'=='True'</arg>
<arg>logout from homepage</arg>
</arguments>
<kw name="Logout From Homepage" library="SmokeTestKeywords">
<kw name="Wait For And Click Element" library="Zoomba.GUILibrary">
<doc>This is a series of chained Selenium keywords, that tries to find a web element first, and then clicks it.</doc>
<arguments>
<arg>//div[@id='page']//a[@title='Log me out']</arg>
</arguments>
<kw name="Set Focus To Element" library="Zoomba.GUILibrary">
<doc>Sets focus to element identified by ``locator``.</doc>
<arguments>
<arg>//div[@id='page']//a[@title='Log me out']</arg>
</arguments>
<status status="PASS" starttime="20190218 22:15:13.066" endtime="20190218 22:15:13.108"></status>
</kw>
<msg timestamp="20190218 22:15:13.139" level="INFO">Clicking element '//div[@id='page']//a[@title='Log me out']'.</msg>
<status status="PASS" starttime="20190218 22:15:13.047" endtime="20190218 22:15:14.694"></status>
</kw>
<kw name="Wait Until Page Contains Element" library="Zoomba.GUILibrary">
<doc>Waits until element ``locator`` appears on current page.</doc>
<arguments>
<arg>//div[@id='page']//a[contains(@title,'Log in to your customer account')]</arg>
</arguments>
<status status="PASS" starttime="20190218 22:15:14.694" endtime="20190218 22:15:14.732"></status>
</kw>
<status status="PASS" starttime="20190218 22:15:13.047" endtime="20190218 22:15:14.732"></status>
</kw>
<status status="PASS" starttime="20190218 22:15:13.047" endtime="20190218 22:15:14.732"></status>
</kw>
<kw name="Direct Nav To Homepage" library="SmokeTestKeywords">
<kw name="Set Variable" library="BuiltIn">
<doc>Returns the given values which can then be assigned to a variables.</doc>
<arguments>
<arg>http://automationpractice.com</arg>
</arguments>
<assign>
<var>${url}</var>
</assign>
<msg timestamp="20190218 22:15:14.734" level="INFO">${url} = http://automationpractice.com</msg>
<status status="PASS" starttime="20190218 22:15:14.733" endtime="20190218 22:15:14.734"></status>
</kw>
<kw name="Go To" library="Zoomba.GUILibrary">
<doc>Navigates the active browser instance to the provided ``url``.</doc>
<arguments>
<arg>${url}</arg>
</arguments>
<msg timestamp="20190218 22:15:14.734" level="INFO">Opening url 'http://automationpractice.com'</msg>
<status status="PASS" starttime="20190218 22:15:14.734" endtime="20190218 22:15:16.208"></status>
</kw>
<kw name="Verify Homepage Is Loaded" library="SmokeTestKeywords">
<kw name="Wait Until Page Contains Element" library="Zoomba.GUILibrary">
<doc>Waits until element ``locator`` appears on current page.</doc>
<arguments>
<arg>//div[@id='page']</arg>
</arguments>
<status status="PASS" starttime="20190218 22:15:16.209" endtime="20190218 22:15:16.230"></status>
</kw>
<kw name="Wait Until Page Contains Element" library="Zoomba.GUILibrary">
<doc>Waits until element ``locator`` appears on current page.</doc>
<arguments>
<arg>//header[@id='header']</arg>
</arguments>
<status status="PASS" starttime="20190218 22:15:16.230" endtime="20190218 22:15:16.245"></status>
</kw>
<kw name="Wait Until Page Contains Element" library="Zoomba.GUILibrary">
<doc>Waits until element ``locator`` appears on current page.</doc>
<arguments>
<arg>//div[@id='columns']</arg>
</arguments>
<status status="PASS" starttime="20190218 22:15:16.246" endtime="20190218 22:15:16.262"></status>
</kw>
<kw name="Wait Until Page Contains Element" library="Zoomba.GUILibrary">
<doc>Waits until element ``locator`` appears on current page.</doc>
<arguments>
<arg>//footer[@id='footer']</arg>
</arguments>
<status status="PASS" starttime="20190218 22:15:16.263" endtime="20190218 22:15:16.277"></status>
</kw>
<status status="PASS" starttime="20190218 22:15:16.208" endtime="20190218 22:15:16.277"></status>
</kw>
<status status="PASS" starttime="20190218 22:15:14.733" endtime="20190218 22:15:16.277"></status>
</kw>
<status status="PASS" starttime="20190218 22:15:12.957" endtime="20190218 22:15:16.277"></status>
</kw>
<kw name="Nav To Sign In Page From Homepage" library="SmokeTestKeywords">
<kw name="Wait For And Click Element" library="Zoomba.GUILibrary">
<doc>This is a series of chained Selenium keywords, that tries to find a web element first, and then clicks it.</doc>
<arguments>
<arg>//div[@id='page']//div[@class='header_user_info']//a[@class='login']</arg>
</arguments>
<kw name="Set Focus To Element" library="Zoomba.GUILibrary">
<doc>Sets focus to element identified by ``locator``.</doc>
<arguments>
<arg>//div[@id='page']//div[@class='header_user_info']//a[@class='login']</arg>
</arguments>
<status status="PASS" starttime="20190218 22:15:16.299" endtime="20190218 22:15:16.322"></status>
</kw>
<msg timestamp="20190218 22:15:16.378" level="INFO">Clicking element '//div[@id='page']//div[@class='header_user_info']//a[@class='login']'.</msg>
<status status="PASS" starttime="20190218 22:15:16.278" endtime="20190218 22:15:17.357"></status>
</kw>
<kw name="Wait For And Focus On Element" library="Zoomba.GUILibrary">
<doc>This is a series of chained Selenium keywords, that first waits for an element to be on the DOM, executes</doc>
<arguments>
<arg>//div[@id='page']</arg>
</arguments>
<kw name="Set Focus To Element" library="Zoomba.GUILibrary">
<doc>Sets focus to element identified by ``locator``.</doc>
<arguments>
<arg>//div[@id='page']</arg>
</arguments>
<status status="PASS" starttime="20190218 22:15:17.372" endtime="20190218 22:15:17.392"></status>
</kw>
<status status="PASS" starttime="20190218 22:15:17.357" endtime="20190218 22:15:17.421"></status>
</kw>
<status status="PASS" starttime="20190218 22:15:16.277" endtime="20190218 22:15:17.421"></status>
</kw>
<kw name="Sign In Unsuccessfully" library="SmokeTestKeywords">
<arguments>
<arg>${validEmail}</arg>
<arg>${invalidPassword}</arg>
</arguments>
<kw name="Wait For And Input Text" library="Zoomba.GUILibrary">
<doc>This is a series of chained Selenium keywords, that tries to find a web element first, and then input text.</doc>
<arguments>
<arg>//form[@id='login_form']//input[@id='email']</arg>
<arg>${email}</arg>
</arguments>
<kw name="Set Focus To Element" library="Zoomba.GUILibrary">
<doc>Sets focus to element identified by ``locator``.</doc>
<arguments>
<arg>//form[@id='login_form']//input[@id='email']</arg>
</arguments>
<status status="PASS" starttime="20190218 22:15:17.443" endtime="20190218 22:15:17.478"></status>
</kw>
<msg timestamp="20190218 22:15:17.508" level="INFO">Typing text '02182019.101411@test.com' into text field '//form[@id='login_form']//input[@id='email']'.</msg>
<status status="PASS" starttime="20190218 22:15:17.422" endtime="20190218 22:15:17.944"></status>
</kw>
<kw name="Wait For And Input Text" library="Zoomba.GUILibrary">
<doc>This is a series of chained Selenium keywords, that tries to find a web element first, and then input text.</doc>
<arguments>
<arg>//form[@id='login_form']//input[@id='passwd']</arg>
<arg>${password}</arg>
</arguments>
<kw name="Set Focus To Element" library="Zoomba.GUILibrary">
<doc>Sets focus to element identified by ``locator``.</doc>
<arguments>
<arg>//form[@id='login_form']//input[@id='passwd']</arg>
</arguments>
<status status="PASS" starttime="20190218 22:15:17.971" endtime="20190218 22:15:18.010"></status>
</kw>
<msg timestamp="20190218 22:15:18.053" level="INFO">Typing text '99999999' into text field '//form[@id='login_form']//input[@id='passwd']'.</msg>
<status status="PASS" starttime="20190218 22:15:17.945" endtime="20190218 22:15:18.279"></status>
</kw>
<kw name="Wait For And Click Element" library="Zoomba.GUILibrary">
<doc>This is a series of chained Selenium keywords, that tries to find a web element first, and then clicks it.</doc>
<arguments>
<arg>//button[@id='SubmitLogin']</arg>
</arguments>
<kw name="Set Focus To Element" library="Zoomba.GUILibrary">
<doc>Sets focus to element identified by ``locator``.</doc>
<arguments>
<arg>//button[@id='SubmitLogin']</arg>
</arguments>
<status status="PASS" starttime="20190218 22:15:18.305" endtime="20190218 22:15:18.342"></status>
</kw>
<msg timestamp="20190218 22:15:18.392" level="INFO">Clicking element '//button[@id='SubmitLogin']'.</msg>
<status status="PASS" starttime="20190218 22:15:18.279" endtime="20190218 22:15:19.164"></status>
</kw>
<kw name="Element Should Contain" library="Zoomba.GUILibrary">
<doc>Verifies that element ``locator`` contains text ``expected``.</doc>
<arguments>
<arg>//div[@id='page']//div[@id='center_column']//li</arg>
<arg>Authentication failed.</arg>
</arguments>
<msg timestamp="20190218 22:15:19.285" level="INFO">Element '//div[@id='page']//div[@id='center_column']//li' contains text 'Authentication failed.'.</msg>
<status status="PASS" starttime="20190218 22:15:19.164" endtime="20190218 22:15:19.285"></status>
</kw>
<status status="PASS" starttime="20190218 22:15:17.421" endtime="20190218 22:15:19.285"></status>
</kw>
<kw name="Direct Nav To Homepage" library="SmokeTestKeywords" type="teardown">
<kw name="Set Variable" library="BuiltIn">
<doc>Returns the given values which can then be assigned to a variables.</doc>
<arguments>
<arg>http://automationpractice.com</arg>
</arguments>
<assign>
<var>${url}</var>
</assign>
<msg timestamp="20190218 22:15:19.286" level="INFO">${url} = http://automationpractice.com</msg>
<status status="PASS" starttime="20190218 22:15:19.286" endtime="20190218 22:15:19.286"></status>
</kw>
<kw name="Go To" library="Zoomba.GUILibrary">
<doc>Navigates the active browser instance to the provided ``url``.</doc>
<arguments>
<arg>${url}</arg>
</arguments>
<msg timestamp="20190218 22:15:19.287" level="INFO">Opening url 'http://automationpractice.com'</msg>
<status status="PASS" starttime="20190218 22:15:19.287" endtime="20190218 22:15:22.083"></status>
</kw>
<kw name="Verify Homepage Is Loaded" library="SmokeTestKeywords">
<kw name="Wait Until Page Contains Element" library="Zoomba.GUILibrary">
<doc>Waits until element ``locator`` appears on current page.</doc>
<arguments>
<arg>//div[@id='page']</arg>
</arguments>
<status status="PASS" starttime="20190218 22:15:22.086" endtime="20190218 22:15:22.099"></status>
</kw>
<kw name="Wait Until Page Contains Element" library="Zoomba.GUILibrary">
<doc>Waits until element ``locator`` appears on current page.</doc>
<arguments>
<arg>//header[@id='header']</arg>
</arguments>
<status status="PASS" starttime="20190218 22:15:22.100" endtime="20190218 22:15:22.119"></status>
</kw>
<kw name="Wait Until Page Contains Element" library="Zoomba.GUILibrary">
<doc>Waits until element ``locator`` appears on current page.</doc>
<arguments>
<arg>//div[@id='columns']</arg>
</arguments>
<status status="PASS" starttime="20190218 22:15:22.119" endtime="20190218 22:15:22.139"></status>
</kw>
<kw name="Wait Until Page Contains Element" library="Zoomba.GUILibrary">
<doc>Waits until element ``locator`` appears on current page.</doc>
<arguments>
<arg>//footer[@id='footer']</arg>
</arguments>
<status status="PASS" starttime="20190218 22:15:22.139" endtime="20190218 22:15:22.159"></status>
</kw>
<status status="PASS" starttime="20190218 22:15:22.084" endtime="20190218 22:15:22.159"></status>
</kw>
<status status="PASS" starttime="20190218 22:15:19.286" endtime="20190218 22:15:22.159"></status>
</kw>
<status status="PASS" starttime="20190218 22:15:12.956" endtime="20190218 22:15:22.159" critical="yes"></status>
</test>
<test id="s1-t4" name="Verify User Can Sign Out">
<kw name="Login If Logged Out" library="SmokeTestKeywords" type="setup">
<doc>This keyword requires to be ran from the homepage.</doc>
<arguments>
<arg>${validEmail}</arg>
<arg>${validPassword}</arg>
</arguments>
<kw name="Run Keyword And Return Status" library="BuiltIn">
<doc>Runs the given keyword with given arguments and returns the status as a Boolean value.</doc>
<arguments>
<arg>wait for and focus on element</arg>
<arg>//div[@id='page']//a[contains(@title,'Log in to your customer account']</arg>
</arguments>
<assign>
<var>${loggedIn}</var>
</assign>
<kw name="Wait For And Focus On Element" library="Zoomba.GUILibrary">
<doc>This is a series of chained Selenium keywords, that first waits for an element to be on the DOM, executes</doc>
<arguments>
<arg>//div[@id='page']//a[contains(@title,'Log in to your customer account']</arg>
</arguments>
<kw name="Capture Page Screenshot" library="Zoomba.GUILibrary">
<doc>Takes screenshot of the current page and embeds it into log file.</doc>
<msg timestamp="20190218 22:15:22.723" level="INFO" html="yes">&lt;/td&gt;&lt;/tr&gt;&lt;tr&gt;&lt;td colspan="3"&gt;&lt;a href="selenium-screenshot-75.png"&gt;&lt;img src="selenium-screenshot-75.png" width="800px"&gt;&lt;/a&gt;</msg>
<status status="PASS" starttime="20190218 22:15:22.182" endtime="20190218 22:15:22.723"></status>
</kw>
<msg timestamp="20190218 22:15:22.863" level="FAIL">InvalidSelectorException: Message: invalid selector: Unable to locate an element with the xpath expression //div[@id='page']//a[contains(@title,'Log in to your customer account'] because of the following error:
SyntaxError: Failed to execute 'evaluate' on 'Document': The string '//div[@id='page']//a[contains(@title,'Log in to your customer account']' is not a valid XPath expression.
  (Session info: chrome=72.0.3626.109)
  (Driver info: chromedriver=73.0.3683.20 (8e2b610813e167eee3619ac4ce6e42e3ec622017),platform=Windows NT 10.0.17134 x86_64)
</msg>
<status status="FAIL" starttime="20190218 22:15:22.161" endtime="20190218 22:15:22.863"></status>
</kw>
<msg timestamp="20190218 22:15:22.863" level="INFO">${loggedIn} = False</msg>
<status status="PASS" starttime="20190218 22:15:22.161" endtime="20190218 22:15:22.863"></status>
</kw>
<kw name="Log" library="BuiltIn">
<doc>Logs the given message with the given level.</doc>
<arguments>
<arg>${loggedIn}</arg>
</arguments>
<msg timestamp="20190218 22:15:22.864" level="INFO">False</msg>
<status status="PASS" starttime="20190218 22:15:22.864" endtime="20190218 22:15:22.865"></status>
</kw>
<kw name="Run Keyword If" library="BuiltIn">
<doc>Runs the given keyword with the given arguments, if ``condition`` is true.</doc>
<arguments>
<arg>'${loggedIn}'!='True'</arg>
<arg>run keywords</arg>
<arg>nav to sign in page from homepage</arg>
<arg>AND</arg>
<arg>sign in successfully</arg>
<arg>${validEmail}</arg>
<arg>${validPassword}</arg>
<arg>AND</arg>
<arg>direct nav to homepage</arg>
</arguments>
<kw name="Run Keywords" library="BuiltIn">
<doc>Executes all the given keywords in a sequence.</doc>
<arguments>
<arg>nav to sign in page from homepage</arg>
<arg>AND</arg>
<arg>sign in successfully</arg>
<arg>${validEmail}</arg>
<arg>${validPassword}</arg>
<arg>AND</arg>
<arg>direct nav to homepage</arg>
</arguments>
<kw name="Nav To Sign In Page From Homepage" library="SmokeTestKeywords">
<kw name="Wait For And Click Element" library="Zoomba.GUILibrary">
<doc>This is a series of chained Selenium keywords, that tries to find a web element first, and then clicks it.</doc>
<arguments>
<arg>//div[@id='page']//div[@class='header_user_info']//a[@class='login']</arg>
</arguments>
<kw name="Set Focus To Element" library="Zoomba.GUILibrary">
<doc>Sets focus to element identified by ``locator``.</doc>
<arguments>
<arg>//div[@id='page']//div[@class='header_user_info']//a[@class='login']</arg>
</arguments>
<status status="PASS" starttime="20190218 22:15:22.883" endtime="20190218 22:15:22.907"></status>
</kw>
<msg timestamp="20190218 22:15:22.946" level="INFO">Clicking element '//div[@id='page']//div[@class='header_user_info']//a[@class='login']'.</msg>
<status status="PASS" starttime="20190218 22:15:22.866" endtime="20190218 22:15:24.257"></status>
</kw>
<kw name="Wait For And Focus On Element" library="Zoomba.GUILibrary">
<doc>This is a series of chained Selenium keywords, that first waits for an element to be on the DOM, executes</doc>
<arguments>
<arg>//div[@id='page']</arg>
</arguments>
<kw name="Set Focus To Element" library="Zoomba.GUILibrary">
<doc>Sets focus to element identified by ``locator``.</doc>
<arguments>
<arg>//div[@id='page']</arg>
</arguments>
<status status="PASS" starttime="20190218 22:15:24.292" endtime="20190218 22:15:24.311"></status>
</kw>
<status status="PASS" starttime="20190218 22:15:24.258" endtime="20190218 22:15:24.363"></status>
</kw>
<status status="PASS" starttime="20190218 22:15:22.866" endtime="20190218 22:15:24.363"></status>
</kw>
<kw name="Sign In Successfully" library="SmokeTestKeywords">
<arguments>
<arg>${validEmail}</arg>
<arg>${validPassword}</arg>
</arguments>
<kw name="Wait For And Input Text" library="Zoomba.GUILibrary">
<doc>This is a series of chained Selenium keywords, that tries to find a web element first, and then input text.</doc>
<arguments>
<arg>//form[@id='login_form']//input[@id='email']</arg>
<arg>${email}</arg>
</arguments>
<kw name="Set Focus To Element" library="Zoomba.GUILibrary">
<doc>Sets focus to element identified by ``locator``.</doc>
<arguments>
<arg>//form[@id='login_form']//input[@id='email']</arg>
</arguments>
<status status="PASS" starttime="20190218 22:15:24.396" endtime="20190218 22:15:24.429"></status>
</kw>
<msg timestamp="20190218 22:15:24.464" level="INFO">Typing text '02182019.101411@test.com' into text field '//form[@id='login_form']//input[@id='email']'.</msg>
<status status="PASS" starttime="20190218 22:15:24.365" endtime="20190218 22:15:24.929"></status>
</kw>
<kw name="Wait For And Input Text" library="Zoomba.GUILibrary">
<doc>This is a series of chained Selenium keywords, that tries to find a web element first, and then input text.</doc>
<arguments>
<arg>//form[@id='login_form']//input[@id='passwd']</arg>
<arg>${password}</arg>
</arguments>
<kw name="Set Focus To Element" library="Zoomba.GUILibrary">
<doc>Sets focus to element identified by ``locator``.</doc>
<arguments>
<arg>//form[@id='login_form']//input[@id='passwd']</arg>
</arguments>
<status status="PASS" starttime="20190218 22:15:24.948" endtime="20190218 22:15:24.982"></status>
</kw>
<msg timestamp="20190218 22:15:25.077" level="INFO">Typing text 'jo(4Mh51K' into text field '//form[@id='login_form']//input[@id='passwd']'.</msg>
<status status="PASS" starttime="20190218 22:15:24.929" endtime="20190218 22:15:25.331"></status>
</kw>
<kw name="Wait For And Click Element" library="Zoomba.GUILibrary">
<doc>This is a series of chained Selenium keywords, that tries to find a web element first, and then clicks it.</doc>
<arguments>
<arg>//button[@id='SubmitLogin']</arg>
</arguments>
<kw name="Set Focus To Element" library="Zoomba.GUILibrary">
<doc>Sets focus to element identified by ``locator``.</doc>
<arguments>
<arg>//button[@id='SubmitLogin']</arg>
</arguments>
<status status="PASS" starttime="20190218 22:15:25.355" endtime="20190218 22:15:25.389"></status>
</kw>
<msg timestamp="20190218 22:15:25.432" level="INFO">Clicking element '//button[@id='SubmitLogin']'.</msg>
<status status="PASS" starttime="20190218 22:15:25.331" endtime="20190218 22:15:27.017"></status>
</kw>
<kw name="Wait For And Focus On Element" library="Zoomba.GUILibrary">
<doc>This is a series of chained Selenium keywords, that first waits for an element to be on the DOM, executes</doc>
<arguments>
<arg>//div[@id='page']//div[@id='center_column']</arg>
</arguments>
<kw name="Set Focus To Element" library="Zoomba.GUILibrary">
<doc>Sets focus to element identified by ``locator``.</doc>
<arguments>
<arg>//div[@id='page']//div[@id='center_column']</arg>
</arguments>
<status status="PASS" starttime="20190218 22:15:27.054" endtime="20190218 22:15:27.080"></status>
</kw>
<status status="PASS" starttime="20190218 22:15:27.018" endtime="20190218 22:15:27.119"></status>
</kw>
<kw name="Element Should Not Be Visible" library="Zoomba.GUILibrary">
<doc>Verifies that the element identified by ``locator`` is NOT visible.</doc>
<arguments>
<arg>//div[@id='page']//div[@id='center_column']//div[@class='alert alert-danger']</arg>
</arguments>
<msg timestamp="20190218 22:15:27.143" level="INFO">Element '//div[@id='page']//div[@id='center_column']//div[@class='alert alert-danger']' did not exist.</msg>
<status status="PASS" starttime="20190218 22:15:27.120" endtime="20190218 22:15:27.143"></status>
</kw>
<status status="PASS" starttime="20190218 22:15:24.363" endtime="20190218 22:15:27.144"></status>
</kw>
<kw name="Direct Nav To Homepage" library="SmokeTestKeywords">
<kw name="Set Variable" library="BuiltIn">
<doc>Returns the given values which can then be assigned to a variables.</doc>
<arguments>
<arg>http://automationpractice.com</arg>
</arguments>
<assign>
<var>${url}</var>
</assign>
<msg timestamp="20190218 22:15:27.145" level="INFO">${url} = http://automationpractice.com</msg>
<status status="PASS" starttime="20190218 22:15:27.144" endtime="20190218 22:15:27.145"></status>
</kw>
<kw name="Go To" library="Zoomba.GUILibrary">
<doc>Navigates the active browser instance to the provided ``url``.</doc>
<arguments>
<arg>${url}</arg>
</arguments>
<msg timestamp="20190218 22:15:27.145" level="INFO">Opening url 'http://automationpractice.com'</msg>
<status status="PASS" starttime="20190218 22:15:27.145" endtime="20190218 22:15:29.958"></status>
</kw>
<kw name="Verify Homepage Is Loaded" library="SmokeTestKeywords">
<kw name="Wait Until Page Contains Element" library="Zoomba.GUILibrary">
<doc>Waits until element ``locator`` appears on current page.</doc>
<arguments>
<arg>//div[@id='page']</arg>
</arguments>
<status status="PASS" starttime="20190218 22:15:29.959" endtime="20190218 22:15:29.993"></status>
</kw>
<kw name="Wait Until Page Contains Element" library="Zoomba.GUILibrary">
<doc>Waits until element ``locator`` appears on current page.</doc>
<arguments>
<arg>//header[@id='header']</arg>
</arguments>
<status status="PASS" starttime="20190218 22:15:29.993" endtime="20190218 22:15:30.032"></status>
</kw>
<kw name="Wait Until Page Contains Element" library="Zoomba.GUILibrary">
<doc>Waits until element ``locator`` appears on current page.</doc>
<arguments>
<arg>//div[@id='columns']</arg>
</arguments>
<status status="PASS" starttime="20190218 22:15:30.033" endtime="20190218 22:15:30.075"></status>
</kw>
<kw name="Wait Until Page Contains Element" library="Zoomba.GUILibrary">
<doc>Waits until element ``locator`` appears on current page.</doc>
<arguments>
<arg>//footer[@id='footer']</arg>
</arguments>
<status status="PASS" starttime="20190218 22:15:30.075" endtime="20190218 22:15:30.107"></status>
</kw>
<status status="PASS" starttime="20190218 22:15:29.958" endtime="20190218 22:15:30.108"></status>
</kw>
<status status="PASS" starttime="20190218 22:15:27.144" endtime="20190218 22:15:30.108"></status>
</kw>
<status status="PASS" starttime="20190218 22:15:22.865" endtime="20190218 22:15:30.108"></status>
</kw>
<status status="PASS" starttime="20190218 22:15:22.865" endtime="20190218 22:15:30.108"></status>
</kw>
<status status="PASS" starttime="20190218 22:15:22.161" endtime="20190218 22:15:30.108"></status>
</kw>
<kw name="Logout From Homepage" library="SmokeTestKeywords">
<kw name="Wait For And Click Element" library="Zoomba.GUILibrary">
<doc>This is a series of chained Selenium keywords, that tries to find a web element first, and then clicks it.</doc>
<arguments>
<arg>//div[@id='page']//a[@title='Log me out']</arg>
</arguments>
<kw name="Set Focus To Element" library="Zoomba.GUILibrary">
<doc>Sets focus to element identified by ``locator``.</doc>
<arguments>
<arg>//div[@id='page']//a[@title='Log me out']</arg>
</arguments>
<status status="PASS" starttime="20190218 22:15:30.139" endtime="20190218 22:15:30.175"></status>
</kw>
<msg timestamp="20190218 22:15:30.223" level="INFO">Clicking element '//div[@id='page']//a[@title='Log me out']'.</msg>
<status status="PASS" starttime="20190218 22:15:30.109" endtime="20190218 22:15:32.775"></status>
</kw>
<kw name="Wait Until Page Contains Element" library="Zoomba.GUILibrary">
<doc>Waits until element ``locator`` appears on current page.</doc>
<arguments>
<arg>//div[@id='page']//a[contains(@title,'Log in to your customer account')]</arg>
</arguments>
<status status="PASS" starttime="20190218 22:15:32.776" endtime="20190218 22:15:32.799"></status>
</kw>
<status status="PASS" starttime="20190218 22:15:30.108" endtime="20190218 22:15:32.799"></status>
</kw>
<kw name="Direct Nav To Homepage" library="SmokeTestKeywords" type="teardown">
<kw name="Set Variable" library="BuiltIn">
<doc>Returns the given values which can then be assigned to a variables.</doc>
<arguments>
<arg>http://automationpractice.com</arg>
</arguments>
<assign>
<var>${url}</var>
</assign>
<msg timestamp="20190218 22:15:32.801" level="INFO">${url} = http://automationpractice.com</msg>
<status status="PASS" starttime="20190218 22:15:32.801" endtime="20190218 22:15:32.801"></status>
</kw>
<kw name="Go To" library="Zoomba.GUILibrary">
<doc>Navigates the active browser instance to the provided ``url``.</doc>
<arguments>
<arg>${url}</arg>
</arguments>
<msg timestamp="20190218 22:15:32.802" level="INFO">Opening url 'http://automationpractice.com'</msg>
<status status="PASS" starttime="20190218 22:15:32.801" endtime="20190218 22:15:34.305"></status>
</kw>
<kw name="Verify Homepage Is Loaded" library="SmokeTestKeywords">
<kw name="Wait Until Page Contains Element" library="Zoomba.GUILibrary">
<doc>Waits until element ``locator`` appears on current page.</doc>
<arguments>
<arg>//div[@id='page']</arg>
</arguments>
<status status="PASS" starttime="20190218 22:15:34.306" endtime="20190218 22:15:34.320"></status>
</kw>
<kw name="Wait Until Page Contains Element" library="Zoomba.GUILibrary">
<doc>Waits until element ``locator`` appears on current page.</doc>
<arguments>
<arg>//header[@id='header']</arg>
</arguments>
<status status="PASS" starttime="20190218 22:15:34.321" endtime="20190218 22:15:34.334"></status>
</kw>
<kw name="Wait Until Page Contains Element" library="Zoomba.GUILibrary">
<doc>Waits until element ``locator`` appears on current page.</doc>
<arguments>
<arg>//div[@id='columns']</arg>
</arguments>
<status status="PASS" starttime="20190218 22:15:34.334" endtime="20190218 22:15:34.347"></status>
</kw>
<kw name="Wait Until Page Contains Element" library="Zoomba.GUILibrary">
<doc>Waits until element ``locator`` appears on current page.</doc>
<arguments>
<arg>//footer[@id='footer']</arg>
</arguments>
<status status="PASS" starttime="20190218 22:15:34.347" endtime="20190218 22:15:34.360"></status>
</kw>
<status status="PASS" starttime="20190218 22:15:34.305" endtime="20190218 22:15:34.360"></status>
</kw>
<status status="PASS" starttime="20190218 22:15:32.800" endtime="20190218 22:15:34.361"></status>
</kw>
<status status="PASS" starttime="20190218 22:15:22.160" endtime="20190218 22:15:34.361" critical="yes"></status>
</test>
<test id="s1-t5" name="Verify User Can Access Women Clothing Page">
<kw name="Nav To Women Clothing Page From Homepage" library="SmokeTestKeywords">
<kw name="Wait For And Click Element" library="Zoomba.GUILibrary">
<doc>This is a series of chained Selenium keywords, that tries to find a web element first, and then clicks it.</doc>
<arguments>
<arg>//div[@id='page']//div[@id='block_top_menu']//a[contains(@title, 'Women')]</arg>
</arguments>
<kw name="Set Focus To Element" library="Zoomba.GUILibrary">
<doc>Sets focus to element identified by ``locator``.</doc>
<arguments>
<arg>//div[@id='page']//div[@id='block_top_menu']//a[contains(@title, 'Women')]</arg>
</arguments>
<status status="PASS" starttime="20190218 22:15:34.389" endtime="20190218 22:15:34.424"></status>
</kw>
<msg timestamp="20190218 22:15:34.481" level="INFO">Clicking element '//div[@id='page']//div[@id='block_top_menu']//a[contains(@title, 'Women')]'.</msg>
<status status="PASS" starttime="20190218 22:15:34.363" endtime="20190218 22:15:36.163"></status>
</kw>
<kw name="Verify Women Clothing Page Is Loaded" library="SmokeTestKeywords">
<kw name="Title Should Be" library="Zoomba.GUILibrary">
<doc>Verifies that current page title equals ``title``.</doc>
<arguments>
<arg>Women - My Store</arg>
</arguments>
<msg timestamp="20190218 22:15:36.175" level="INFO">Page title is 'Women - My Store'.</msg>
<status status="PASS" starttime="20190218 22:15:36.164" endtime="20190218 22:15:36.175"></status>
</kw>
<kw name="Wait Until Page Contains Element" library="Zoomba.GUILibrary">
<doc>Waits until element ``locator`` appears on current page.</doc>
<arguments>
<arg>//div[@id='page']</arg>
</arguments>
<status status="PASS" starttime="20190218 22:15:36.175" endtime="20190218 22:15:36.192"></status>
</kw>
<kw name="Wait Until Page Contains Element" library="Zoomba.GUILibrary">
<doc>Waits until element ``locator`` appears on current page.</doc>
<arguments>
<arg>//div[@class='header-container']</arg>
</arguments>
<status status="PASS" starttime="20190218 22:15:36.192" endtime="20190218 22:15:36.218"></status>
</kw>
<kw name="Wait Until Page Contains Element" library="Zoomba.GUILibrary">
<doc>Waits until element ``locator`` appears on current page.</doc>
<arguments>
<arg>//div[@class='columns-container']</arg>
</arguments>
<status status="PASS" starttime="20190218 22:15:36.218" endtime="20190218 22:15:36.237"></status>
</kw>
<kw name="Wait Until Page Contains Element" library="Zoomba.GUILibrary">
<doc>Waits until element ``locator`` appears on current page.</doc>
<arguments>
<arg>//div[@class='footer-container']</arg>
</arguments>
<status status="PASS" starttime="20190218 22:15:36.237" endtime="20190218 22:15:36.256"></status>
</kw>
<status status="PASS" starttime="20190218 22:15:36.163" endtime="20190218 22:15:36.257"></status>
</kw>
<status status="PASS" starttime="20190218 22:15:34.363" endtime="20190218 22:15:36.257"></status>
</kw>
<kw name="Direct Nav To Homepage" library="SmokeTestKeywords" type="teardown">
<kw name="Set Variable" library="BuiltIn">
<doc>Returns the given values which can then be assigned to a variables.</doc>
<arguments>
<arg>http://automationpractice.com</arg>
</arguments>
<assign>
<var>${url}</var>
</assign>
<msg timestamp="20190218 22:15:36.258" level="INFO">${url} = http://automationpractice.com</msg>
<status status="PASS" starttime="20190218 22:15:36.257" endtime="20190218 22:15:36.258"></status>
</kw>
<kw name="Go To" library="Zoomba.GUILibrary">
<doc>Navigates the active browser instance to the provided ``url``.</doc>
<arguments>
<arg>${url}</arg>
</arguments>
<msg timestamp="20190218 22:15:36.258" level="INFO">Opening url 'http://automationpractice.com'</msg>
<status status="PASS" starttime="20190218 22:15:36.258" endtime="20190218 22:15:38.396"></status>
</kw>
<kw name="Verify Homepage Is Loaded" library="SmokeTestKeywords">
<kw name="Wait Until Page Contains Element" library="Zoomba.GUILibrary">
<doc>Waits until element ``locator`` appears on current page.</doc>
<arguments>
<arg>//div[@id='page']</arg>
</arguments>
<status status="PASS" starttime="20190218 22:15:38.397" endtime="20190218 22:15:38.447"></status>
</kw>
<kw name="Wait Until Page Contains Element" library="Zoomba.GUILibrary">
<doc>Waits until element ``locator`` appears on current page.</doc>
<arguments>
<arg>//header[@id='header']</arg>
</arguments>
<status status="PASS" starttime="20190218 22:15:38.448" endtime="20190218 22:15:38.468"></status>
</kw>
<kw name="Wait Until Page Contains Element" library="Zoomba.GUILibrary">
<doc>Waits until element ``locator`` appears on current page.</doc>
<arguments>
<arg>//div[@id='columns']</arg>
</arguments>
<status status="PASS" starttime="20190218 22:15:38.469" endtime="20190218 22:15:38.496"></status>
</kw>
<kw name="Wait Until Page Contains Element" library="Zoomba.GUILibrary">
<doc>Waits until element ``locator`` appears on current page.</doc>
<arguments>
<arg>//footer[@id='footer']</arg>
</arguments>
<status status="PASS" starttime="20190218 22:15:38.496" endtime="20190218 22:15:38.506"></status>
</kw>
<status status="PASS" starttime="20190218 22:15:38.397" endtime="20190218 22:15:38.506"></status>
</kw>
<status status="PASS" starttime="20190218 22:15:36.257" endtime="20190218 22:15:38.506"></status>
</kw>
<status status="PASS" starttime="20190218 22:15:34.361" endtime="20190218 22:15:38.506" critical="yes"></status>
</test>
<test id="s1-t6" name="Verify User Can Add Item To Cart From Women Page">
<kw name="Login If Logged Out" library="SmokeTestKeywords" type="setup">
<doc>This keyword requires to be ran from the homepage.</doc>
<arguments>
<arg>${validEmail}</arg>
<arg>${validPassword}</arg>
</arguments>
<kw name="Run Keyword And Return Status" library="BuiltIn">
<doc>Runs the given keyword with given arguments and returns the status as a Boolean value.</doc>
<arguments>
<arg>wait for and focus on element</arg>
<arg>//div[@id='page']//a[contains(@title,'Log in to your customer account']</arg>
</arguments>
<assign>
<var>${loggedIn}</var>
</assign>
<kw name="Wait For And Focus On Element" library="Zoomba.GUILibrary">
<doc>This is a series of chained Selenium keywords, that first waits for an element to be on the DOM, executes</doc>
<arguments>
<arg>//div[@id='page']//a[contains(@title,'Log in to your customer account']</arg>
</arguments>
<kw name="Capture Page Screenshot" library="Zoomba.GUILibrary">
<doc>Takes screenshot of the current page and embeds it into log file.</doc>
<msg timestamp="20190218 22:15:39.109" level="INFO" html="yes">&lt;/td&gt;&lt;/tr&gt;&lt;tr&gt;&lt;td colspan="3"&gt;&lt;a href="selenium-screenshot-76.png"&gt;&lt;img src="selenium-screenshot-76.png" width="800px"&gt;&lt;/a&gt;</msg>
<status status="PASS" starttime="20190218 22:15:38.527" endtime="20190218 22:15:39.109"></status>
</kw>
<msg timestamp="20190218 22:15:39.111" level="FAIL">InvalidSelectorException: Message: invalid selector: Unable to locate an element with the xpath expression //div[@id='page']//a[contains(@title,'Log in to your customer account'] because of the following error:
SyntaxError: Failed to execute 'evaluate' on 'Document': The string '//div[@id='page']//a[contains(@title,'Log in to your customer account']' is not a valid XPath expression.
  (Session info: chrome=72.0.3626.109)
  (Driver info: chromedriver=73.0.3683.20 (8e2b610813e167eee3619ac4ce6e42e3ec622017),platform=Windows NT 10.0.17134 x86_64)
</msg>
<status status="FAIL" starttime="20190218 22:15:38.509" endtime="20190218 22:15:39.111"></status>
</kw>
<msg timestamp="20190218 22:15:39.111" level="INFO">${loggedIn} = False</msg>
<status status="PASS" starttime="20190218 22:15:38.508" endtime="20190218 22:15:39.111"></status>
</kw>
<kw name="Log" library="BuiltIn">
<doc>Logs the given message with the given level.</doc>
<arguments>
<arg>${loggedIn}</arg>
</arguments>
<msg timestamp="20190218 22:15:39.112" level="INFO">False</msg>
<status status="PASS" starttime="20190218 22:15:39.111" endtime="20190218 22:15:39.112"></status>
</kw>
<kw name="Run Keyword If" library="BuiltIn">
<doc>Runs the given keyword with the given arguments, if ``condition`` is true.</doc>
<arguments>
<arg>'${loggedIn}'!='True'</arg>
<arg>run keywords</arg>
<arg>nav to sign in page from homepage</arg>
<arg>AND</arg>
<arg>sign in successfully</arg>
<arg>${validEmail}</arg>
<arg>${validPassword}</arg>
<arg>AND</arg>
<arg>direct nav to homepage</arg>
</arguments>
<kw name="Run Keywords" library="BuiltIn">
<doc>Executes all the given keywords in a sequence.</doc>
<arguments>
<arg>nav to sign in page from homepage</arg>
<arg>AND</arg>
<arg>sign in successfully</arg>
<arg>${validEmail}</arg>
<arg>${validPassword}</arg>
<arg>AND</arg>
<arg>direct nav to homepage</arg>
</arguments>
<kw name="Nav To Sign In Page From Homepage" library="SmokeTestKeywords">
<kw name="Wait For And Click Element" library="Zoomba.GUILibrary">
<doc>This is a series of chained Selenium keywords, that tries to find a web element first, and then clicks it.</doc>
<arguments>
<arg>//div[@id='page']//div[@class='header_user_info']//a[@class='login']</arg>
</arguments>
<kw name="Set Focus To Element" library="Zoomba.GUILibrary">
<doc>Sets focus to element identified by ``locator``.</doc>
<arguments>
<arg>//div[@id='page']//div[@class='header_user_info']//a[@class='login']</arg>
</arguments>
<status status="PASS" starttime="20190218 22:15:39.134" endtime="20190218 22:15:39.161"></status>
</kw>
<msg timestamp="20190218 22:15:39.206" level="INFO">Clicking element '//div[@id='page']//div[@class='header_user_info']//a[@class='login']'.</msg>
<status status="PASS" starttime="20190218 22:15:39.114" endtime="20190218 22:15:40.377"></status>
</kw>
<kw name="Wait For And Focus On Element" library="Zoomba.GUILibrary">
<doc>This is a series of chained Selenium keywords, that first waits for an element to be on the DOM, executes</doc>
<arguments>
<arg>//div[@id='page']</arg>
</arguments>
<kw name="Set Focus To Element" library="Zoomba.GUILibrary">
<doc>Sets focus to element identified by ``locator``.</doc>
<arguments>
<arg>//div[@id='page']</arg>
</arguments>
<status status="PASS" starttime="20190218 22:15:40.394" endtime="20190218 22:15:40.414"></status>
</kw>
<status status="PASS" starttime="20190218 22:15:40.377" endtime="20190218 22:15:40.446"></status>
</kw>
<status status="PASS" starttime="20190218 22:15:39.113" endtime="20190218 22:15:40.446"></status>
</kw>
<kw name="Sign In Successfully" library="SmokeTestKeywords">
<arguments>
<arg>${validEmail}</arg>
<arg>${validPassword}</arg>
</arguments>
<kw name="Wait For And Input Text" library="Zoomba.GUILibrary">
<doc>This is a series of chained Selenium keywords, that tries to find a web element first, and then input text.</doc>
<arguments>
<arg>//form[@id='login_form']//input[@id='email']</arg>
<arg>${email}</arg>
</arguments>
<kw name="Set Focus To Element" library="Zoomba.GUILibrary">
<doc>Sets focus to element identified by ``locator``.</doc>
<arguments>
<arg>//form[@id='login_form']//input[@id='email']</arg>
</arguments>
<status status="PASS" starttime="20190218 22:15:40.467" endtime="20190218 22:15:40.495"></status>
</kw>
<msg timestamp="20190218 22:15:40.532" level="INFO">Typing text '02182019.101411@test.com' into text field '//form[@id='login_form']//input[@id='email']'.</msg>
<status status="PASS" starttime="20190218 22:15:40.447" endtime="20190218 22:15:40.979"></status>
</kw>
<kw name="Wait For And Input Text" library="Zoomba.GUILibrary">
<doc>This is a series of chained Selenium keywords, that tries to find a web element first, and then input text.</doc>
<arguments>
<arg>//form[@id='login_form']//input[@id='passwd']</arg>
<arg>${password}</arg>
</arguments>
[...]
<arg>//div[@class='header-container']</arg>
</arguments>
<status status="PASS" starttime="20190218 22:15:47.544" endtime="20190218 22:15:47.567"></status>
</kw>
<kw name="Wait Until Page Contains Element" library="Zoomba.GUILibrary">
<doc>Waits until element ``locator`` appears on current page.</doc>
<arguments>
<arg>//div[@class='columns-container']</arg>
</arguments>
<status status="PASS" starttime="20190218 22:15:47.567" endtime="20190218 22:15:47.590"></status>
</kw>
<kw name="Wait Until Page Contains Element" library="Zoomba.GUILibrary">
<doc>Waits until element ``locator`` appears on current page.</doc>
<arguments>
<arg>//div[@class='footer-container']</arg>
</arguments>
<status status="PASS" starttime="20190218 22:15:47.590" endtime="20190218 22:15:47.611"></status>
</kw>
<status status="PASS" starttime="20190218 22:15:47.475" endtime="20190218 22:15:47.611"></status>
</kw>
<status status="PASS" starttime="20190218 22:15:45.948" endtime="20190218 22:15:47.611"></status>
</kw>
<kw name="Add Item To Cart From Womens Page" library="SmokeTestKeywords">
<kw name="Wait For And Focus On Element" library="Zoomba.GUILibrary">
<doc>This is a series of chained Selenium keywords, that first waits for an element to be on the DOM, executes</doc>
<arguments>
<arg>//div[@id='center_column']//ul//li[2]//img[@title='Blouse']</arg>
</arguments>
<kw name="Set Focus To Element" library="Zoomba.GUILibrary">
<doc>Sets focus to element identified by ``locator``.</doc>
<arguments>
<arg>//div[@id='center_column']//ul//li[2]//img[@title='Blouse']</arg>
</arguments>
<status status="PASS" starttime="20190218 22:15:47.632" endtime="20190218 22:15:47.650"></status>
</kw>
<status status="PASS" starttime="20190218 22:15:47.612" endtime="20190218 22:15:47.679"></status>
</kw>
<kw name="Wait For And Click Element" library="Zoomba.GUILibrary">
<doc>This is a series of chained Selenium keywords, that tries to find a web element first, and then clicks it.</doc>
<arguments>
<arg>//div[@id="center_column"]//ul//li[2]//a[@title='Add to cart']</arg>
</arguments>
<kw name="Set Focus To Element" library="Zoomba.GUILibrary">
<doc>Sets focus to element identified by ``locator``.</doc>
<arguments>
<arg>//div[@id="center_column"]//ul//li[2]//a[@title='Add to cart']</arg>
</arguments>
<status status="PASS" starttime="20190218 22:15:47.698" endtime="20190218 22:15:47.721"></status>
</kw>
<msg timestamp="20190218 22:15:47.778" level="INFO">Clicking element '//div[@id="center_column"]//ul//li[2]//a[@title='Add to cart']'.</msg>
<status status="PASS" starttime="20190218 22:15:47.679" endtime="20190218 22:15:47.894"></status>
</kw>
<status status="PASS" starttime="20190218 22:15:47.612" endtime="20190218 22:15:47.895"></status>
</kw>
<kw name="Verify Item Added To Cart" library="SmokeTestKeywords">
<kw name="Wait For And Focus On Element" library="Zoomba.GUILibrary">
<doc>This is a series of chained Selenium keywords, that first waits for an element to be on the DOM, executes</doc>
<arguments>
<arg>//div[@id='page']//div[@id='layer_cart']</arg>
</arguments>
<kw name="Set Focus To Element" library="Zoomba.GUILibrary">
<doc>Sets focus to element identified by ``locator``.</doc>
<arguments>
<arg>//div[@id='page']//div[@id='layer_cart']</arg>
</arguments>
<status status="PASS" starttime="20190218 22:15:47.915" endtime="20190218 22:15:47.935"></status>
</kw>
<status status="PASS" starttime="20190218 22:15:47.895" endtime="20190218 22:15:48.704"></status>
</kw>
<status status="PASS" starttime="20190218 22:15:47.895" endtime="20190218 22:15:48.705"></status>
</kw>
<kw name="Direct Nav To Homepage" library="SmokeTestKeywords" type="teardown">
<kw name="Set Variable" library="BuiltIn">
<doc>Returns the given values which can then be assigned to a variables.</doc>
<arguments>
<arg>http://automationpractice.com</arg>
</arguments>
<assign>
<var>${url}</var>
</assign>
<msg timestamp="20190218 22:15:48.707" level="INFO">${url} = http://automationpractice.com</msg>
<status status="PASS" starttime="20190218 22:15:48.706" endtime="20190218 22:15:48.707"></status>
</kw>
<kw name="Go To" library="Zoomba.GUILibrary">
<doc>Navigates the active browser instance to the provided ``url``.</doc>
<arguments>
<arg>${url}</arg>
</arguments>
<msg timestamp="20190218 22:15:48.707" level="INFO">Opening url 'http://automationpractice.com'</msg>
<status status="PASS" starttime="20190218 22:15:48.707" endtime="20190218 22:15:50.897"></status>
</kw>
<kw name="Verify Homepage Is Loaded" library="SmokeTestKeywords">
<kw name="Wait Until Page Contains Element" library="Zoomba.GUILibrary">
<doc>Waits until element ``locator`` appears on current page.</doc>
<arguments>
<arg>//div[@id='page']</arg>
</arguments>
<status status="PASS" starttime="20190218 22:15:50.898" endtime="20190218 22:15:50.913"></status>
</kw>
<kw name="Wait Until Page Contains Element" library="Zoomba.GUILibrary">
<doc>Waits until element ``locator`` appears on current page.</doc>
<arguments>
<arg>//header[@id='header']</arg>
</arguments>
<status status="PASS" starttime="20190218 22:15:50.913" endtime="20190218 22:15:50.968"></status>
</kw>
<kw name="Wait Until Page Contains Element" library="Zoomba.GUILibrary">
<doc>Waits until element ``locator`` appears on current page.</doc>
<arguments>
<arg>//div[@id='columns']</arg>
</arguments>
<status status="PASS" starttime="20190218 22:15:50.968" endtime="20190218 22:15:50.987"></status>
</kw>
<kw name="Wait Until Page Contains Element" library="Zoomba.GUILibrary">
<doc>Waits until element ``locator`` appears on current page.</doc>
<arguments>
<arg>//footer[@id='footer']</arg>
</arguments>
<status status="PASS" starttime="20190218 22:15:50.987" endtime="20190218 22:15:51.007"></status>
</kw>
<status status="PASS" starttime="20190218 22:15:50.897" endtime="20190218 22:15:51.008"></status>
</kw>
<status status="PASS" starttime="20190218 22:15:48.705" endtime="20190218 22:15:51.008"></status>
</kw>
<status status="PASS" starttime="20190218 22:15:38.507" endtime="20190218 22:15:51.008" critical="yes"></status>
</test>
<test id="s1-t7" name="Verify User Can Access Dresses Page">
<kw name="Nav To Dresses Page From Homepage" library="SmokeTestKeywords">
<kw name="Wait For And Click Element" library="Zoomba.GUILibrary">
<doc>This is a series of chained Selenium keywords, that tries to find a web element first, and then clicks it.</doc>
<arguments>
<arg>//div[@id="block_top_menu"]/ul/li[2]/a</arg>
</arguments>
<kw name="Set Focus To Element" library="Zoomba.GUILibrary">
<doc>Sets focus to element identified by ``locator``.</doc>
<arguments>
<arg>//div[@id="block_top_menu"]/ul/li[2]/a</arg>
</arguments>
<status status="PASS" starttime="20190218 22:15:51.029" endtime="20190218 22:15:51.059"></status>
</kw>
<msg timestamp="20190218 22:15:51.106" level="INFO">Clicking element '//div[@id="block_top_menu"]/ul/li[2]/a'.</msg>
<status status="PASS" starttime="20190218 22:15:51.010" endtime="20190218 22:15:52.337"></status>
</kw>
<kw name="Verify Dresses Page Is Loaded" library="SmokeTestKeywords">
<kw name="Title Should Be" library="Zoomba.GUILibrary">
<doc>Verifies that current page title equals ``title``.</doc>
<arguments>
<arg>Dresses - My Store</arg>
</arguments>
<msg timestamp="20190218 22:15:52.370" level="INFO">Page title is 'Dresses - My Store'.</msg>
<status status="PASS" starttime="20190218 22:15:52.338" endtime="20190218 22:15:52.370"></status>
</kw>
<kw name="Wait Until Page Contains Element" library="Zoomba.GUILibrary">
<doc>Waits until element ``locator`` appears on current page.</doc>
<arguments>
<arg>//div[@id='page']</arg>
</arguments>
<status status="PASS" starttime="20190218 22:15:52.370" endtime="20190218 22:15:52.433"></status>
</kw>
<kw name="Wait Until Page Contains Element" library="Zoomba.GUILibrary">
<doc>Waits until element ``locator`` appears on current page.</doc>
<arguments>
<arg>//div[@class='header-container']</arg>
</arguments>
<status status="PASS" starttime="20190218 22:15:52.434" endtime="20190218 22:15:52.456"></status>
</kw>
<kw name="Wait Until Page Contains Element" library="Zoomba.GUILibrary">
<doc>Waits until element ``locator`` appears on current page.</doc>
<arguments>
<arg>//div[@class='columns-container']</arg>
</arguments>
<status status="PASS" starttime="20190218 22:15:52.457" endtime="20190218 22:15:52.474"></status>
</kw>
<kw name="Wait Until Page Contains Element" library="Zoomba.GUILibrary">
<doc>Waits until element ``locator`` appears on current page.</doc>
<arguments>
<arg>//div[@class='footer-container']</arg>
</arguments>
<status status="PASS" starttime="20190218 22:15:52.475" endtime="20190218 22:15:52.492"></status>
</kw>
<status status="PASS" starttime="20190218 22:15:52.338" endtime="20190218 22:15:52.492"></status>
</kw>
<status status="PASS" starttime="20190218 22:15:51.009" endtime="20190218 22:15:52.492"></status>
</kw>
<kw name="Direct Nav To Homepage" library="SmokeTestKeywords" type="teardown">
<kw name="Set Variable" library="BuiltIn">
<doc>Returns the given values which can then be assigned to a variables.</doc>
<arguments>
<arg>http://automationpractice.com</arg>
</arguments>
<assign>
<var>${url}</var>
</assign>
<msg timestamp="20190218 22:15:52.493" level="INFO">${url} = http://automationpractice.com</msg>
<status status="PASS" starttime="20190218 22:15:52.493" endtime="20190218 22:15:52.493"></status>
</kw>
<kw name="Go To" library="Zoomba.GUILibrary">
<doc>Navigates the active browser instance to the provided ``url``.</doc>
<arguments>
<arg>${url}</arg>
</arguments>
<msg timestamp="20190218 22:15:52.494" level="INFO">Opening url 'http://automationpractice.com'</msg>
<status status="PASS" starttime="20190218 22:15:52.493" endtime="20190218 22:15:54.510"></status>
</kw>
<kw name="Verify Homepage Is Loaded" library="SmokeTestKeywords">
<kw name="Wait Until Page Contains Element" library="Zoomba.GUILibrary">
<doc>Waits until element ``locator`` appears on current page.</doc>
<arguments>
<arg>//div[@id='page']</arg>
</arguments>
<status status="PASS" starttime="20190218 22:15:54.512" endtime="20190218 22:15:54.529"></status>
</kw>
<kw name="Wait Until Page Contains Element" library="Zoomba.GUILibrary">
<doc>Waits until element ``locator`` appears on current page.</doc>
<arguments>
<arg>//header[@id='header']</arg>
</arguments>
<status status="PASS" starttime="20190218 22:15:54.529" endtime="20190218 22:15:54.542"></status>
</kw>
<kw name="Wait Until Page Contains Element" library="Zoomba.GUILibrary">
<doc>Waits until element ``locator`` appears on current page.</doc>
<arguments>
<arg>//div[@id='columns']</arg>
</arguments>
<status status="PASS" starttime="20190218 22:15:54.542" endtime="20190218 22:15:54.552"></status>
</kw>
<kw name="Wait Until Page Contains Element" library="Zoomba.GUILibrary">
<doc>Waits until element ``locator`` appears on current page.</doc>
<arguments>
<arg>//footer[@id='footer']</arg>
</arguments>
<status status="PASS" starttime="20190218 22:15:54.552" endtime="20190218 22:15:54.562"></status>
</kw>
<status status="PASS" starttime="20190218 22:15:54.511" endtime="20190218 22:15:54.562"></status>
</kw>
<status status="PASS" starttime="20190218 22:15:52.492" endtime="20190218 22:15:54.562"></status>
</kw>
<status status="PASS" starttime="20190218 22:15:51.008" endtime="20190218 22:15:54.562" critical="yes"></status>
</test>
<test id="s1-t8" name="Verify User Can Add Item To Cart From Dresses Page">
<kw name="Nav To Dresses Page From Homepage" library="SmokeTestKeywords">
<kw name="Wait For And Click Element" library="Zoomba.GUILibrary">
<doc>This is a series of chained Selenium keywords, that tries to find a web element first, and then clicks it.</doc>
<arguments>
<arg>//div[@id="block_top_menu"]/ul/li[2]/a</arg>
</arguments>
<kw name="Set Focus To Element" library="Zoomba.GUILibrary">
<doc>Sets focus to element identified by ``locator``.</doc>
<arguments>
<arg>//div[@id="block_top_menu"]/ul/li[2]/a</arg>
</arguments>
<status status="PASS" starttime="20190218 22:15:54.574" endtime="20190218 22:15:54.605"></status>
</kw>
<msg timestamp="20190218 22:15:54.645" level="INFO">Clicking element '//div[@id="block_top_menu"]/ul/li[2]/a'.</msg>
<status status="PASS" starttime="20190218 22:15:54.564" endtime="20190218 22:15:55.832"></status>
</kw>
<kw name="Verify Dresses Page Is Loaded" library="SmokeTestKeywords">
<kw name="Title Should Be" library="Zoomba.GUILibrary">
<doc>Verifies that current page title equals ``title``.</doc>
<arguments>
<arg>Dresses - My Store</arg>
</arguments>
<msg timestamp="20190218 22:15:55.851" level="INFO">Page title is 'Dresses - My Store'.</msg>
<status status="PASS" starttime="20190218 22:15:55.833" endtime="20190218 22:15:55.851"></status>
</kw>
<kw name="Wait Until Page Contains Element" library="Zoomba.GUILibrary">
<doc>Waits until element ``locator`` appears on current page.</doc>
<arguments>
<arg>//div[@id='page']</arg>
</arguments>
<status status="PASS" starttime="20190218 22:15:55.851" endtime="20190218 22:15:55.873"></status>
</kw>
<kw name="Wait Until Page Contains Element" library="Zoomba.GUILibrary">
<doc>Waits until element ``locator`` appears on current page.</doc>
<arguments>
<arg>//div[@class='header-container']</arg>
</arguments>
<status status="PASS" starttime="20190218 22:15:55.874" endtime="20190218 22:15:55.890"></status>
</kw>
<kw name="Wait Until Page Contains Element" library="Zoomba.GUILibrary">
<doc>Waits until element ``locator`` appears on current page.</doc>
<arguments>
<arg>//div[@class='columns-container']</arg>
</arguments>
<status status="PASS" starttime="20190218 22:15:55.891" endtime="20190218 22:15:55.905"></status>
</kw>
<kw name="Wait Until Page Contains Element" library="Zoomba.GUILibrary">
<doc>Waits until element ``locator`` appears on current page.</doc>
<arguments>
<arg>//div[@class='footer-container']</arg>
</arguments>
<status status="PASS" starttime="20190218 22:15:55.905" endtime="20190218 22:15:55.919"></status>
</kw>
<status status="PASS" starttime="20190218 22:15:55.832" endtime="20190218 22:15:55.919"></status>
</kw>
<status status="PASS" starttime="20190218 22:15:54.564" endtime="20190218 22:15:55.919"></status>
</kw>
<kw name="Add Item To Cart From Dresses Page" library="SmokeTestKeywords">
<kw name="Wait For And Focus On Element" library="Zoomba.GUILibrary">
<doc>This is a series of chained Selenium keywords, that first waits for an element to be on the DOM, executes</doc>
<arguments>
<arg>//div[@id="center_column"]/ul/li[5]/div/div[2]/div[2]/a[1]</arg>
</arguments>
<kw name="Set Focus To Element" library="Zoomba.GUILibrary">
<doc>Sets focus to element identified by ``locator``.</doc>
<arguments>
<arg>//div[@id="center_column"]/ul/li[5]/div/div[2]/div[2]/a[1]</arg>
</arguments>
<status status="PASS" starttime="20190218 22:15:55.943" endtime="20190218 22:15:55.968"></status>
</kw>
<status status="PASS" starttime="20190218 22:15:55.920" endtime="20190218 22:15:56.016"></status>
</kw>
<kw name="Wait For And Click Element" library="Zoomba.GUILibrary">
<doc>This is a series of chained Selenium keywords, that tries to find a web element first, and then clicks it.</doc>
<arguments>
<arg>//div[@id="center_column"]//ul//li[2]//a[@title='Add to cart']</arg>
</arguments>
<kw name="Set Focus To Element" library="Zoomba.GUILibrary">
<doc>Sets focus to element identified by ``locator``.</doc>
<arguments>
<arg>//div[@id="center_column"]//ul//li[2]//a[@title='Add to cart']</arg>
</arguments>
<status status="PASS" starttime="20190218 22:15:56.039" endtime="20190218 22:15:56.069"></status>
</kw>
<msg timestamp="20190218 22:15:56.115" level="INFO">Clicking element '//div[@id="center_column"]//ul//li[2]//a[@title='Add to cart']'.</msg>
<status status="PASS" starttime="20190218 22:15:56.017" endtime="20190218 22:15:56.234"></status>
</kw>
<status status="PASS" starttime="20190218 22:15:55.920" endtime="20190218 22:15:56.234"></status>
</kw>
<kw name="Verify Item Added To Cart" library="SmokeTestKeywords">
<kw name="Wait For And Focus On Element" library="Zoomba.GUILibrary">
<doc>This is a series of chained Selenium keywords, that first waits for an element to be on the DOM, executes</doc>
<arguments>
<arg>//div[@id='page']//div[@id='layer_cart']</arg>
</arguments>
<kw name="Set Focus To Element" library="Zoomba.GUILibrary">
<doc>Sets focus to element identified by ``locator``.</doc>
<arguments>
<arg>//div[@id='page']//div[@id='layer_cart']</arg>
</arguments>
<status status="PASS" starttime="20190218 22:15:56.257" endtime="20190218 22:15:56.276"></status>
</kw>
<status status="PASS" starttime="20190218 22:15:56.235" endtime="20190218 22:15:56.804"></status>
</kw>
<status status="PASS" starttime="20190218 22:15:56.235" endtime="20190218 22:15:56.804"></status>
</kw>
<kw name="Direct Nav To Homepage" library="SmokeTestKeywords" type="teardown">
<kw name="Set Variable" library="BuiltIn">
<doc>Returns the given values which can then be assigned to a variables.</doc>
<arguments>
<arg>http://automationpractice.com</arg>
</arguments>
<assign>
<var>${url}</var>
</assign>
<msg timestamp="20190218 22:15:56.806" level="INFO">${url} = http://automationpractice.com</msg>
<status status="PASS" starttime="20190218 22:15:56.805" endtime="20190218 22:15:56.806"></status>
</kw>
<kw name="Go To" library="Zoomba.GUILibrary">
<doc>Navigates the active browser instance to the provided ``url``.</doc>
<arguments>
<arg>${url}</arg>
</arguments>
<msg timestamp="20190218 22:15:56.806" level="INFO">Opening url 'http://automationpractice.com'</msg>
<status status="PASS" starttime="20190218 22:15:56.806" endtime="20190218 22:15:59.202"></status>
</kw>
<kw name="Verify Homepage Is Loaded" library="SmokeTestKeywords">
<kw name="Wait Until Page Contains Element" library="Zoomba.GUILibrary">
<doc>Waits until element ``locator`` appears on current page.</doc>
<arguments>
<arg>//div[@id='page']</arg>
</arguments>
<status status="PASS" starttime="20190218 22:15:59.203" endtime="20190218 22:15:59.237"></status>
</kw>
<kw name="Wait Until Page Contains Element" library="Zoomba.GUILibrary">
<doc>Waits until element ``locator`` appears on current page.</doc>
<arguments>
<arg>//header[@id='header']</arg>
</arguments>
<status status="PASS" starttime="20190218 22:15:59.238" endtime="20190218 22:15:59.250"></status>
</kw>
<kw name="Wait Until Page Contains Element" library="Zoomba.GUILibrary">
<doc>Waits until element ``locator`` appears on current page.</doc>
<arguments>
<arg>//div[@id='columns']</arg>
</arguments>
<status status="PASS" starttime="20190218 22:15:59.251" endtime="20190218 22:15:59.277"></status>
</kw>
<kw name="Wait Until Page Contains Element" library="Zoomba.GUILibrary">
<doc>Waits until element ``locator`` appears on current page.</doc>
<arguments>
<arg>//footer[@id='footer']</arg>
</arguments>
<status status="PASS" starttime="20190218 22:15:59.277" endtime="20190218 22:15:59.290"></status>
</kw>
<status status="PASS" starttime="20190218 22:15:59.203" endtime="20190218 22:15:59.291"></status>
</kw>
<status status="PASS" starttime="20190218 22:15:56.805" endtime="20190218 22:15:59.291"></status>
</kw>
<status status="PASS" starttime="20190218 22:15:54.563" endtime="20190218 22:15:59.291" critical="yes"></status>
</test>
<kw name="Close All Browsers" library="Zoomba.GUILibrary" type="teardown">
<doc>Closes all open browsers and resets the browser cache.</doc>
<status status="PASS" starttime="20190218 22:15:59.293" endtime="20190218 22:16:01.607"></status>
</kw>
<doc>The following tests are smoke tests for http://automationpractice.com/index.php?.
The keywords live in Verodin/SmokeTests/SmokeTestKeywords/SmokeTest.robot.</doc>
<status status="PASS" starttime="20190218 22:14:38.000" endtime="20190218 22:16:01.608"></status>
</suite>
<statistics>
<total>
<stat pass="8" fail="0">Critical Tests</stat>
<stat pass="8" fail="0">All Tests</stat>
</total>
<tag>
</tag>
<suite>
<stat pass="8" fail="0" id="s1" name="SmokeTests">SmokeTests</stat>
</suite>
</statistics>
<errors>
</errors>
</robot>
